[2025-06-04 00:36:44] local.ERROR: Method Illuminate\Database\Eloquent\Collection::with does not exist. {"exception":"[object] (BadMethodCallException(code: 0): Method Illuminate\\Database\\Eloquent\\Collection::with does not exist. at /Applications/MAMP/htdocs/proyectos/aplicaciones web/Angular/pagosColegio/backend-api-colegio/vendor/laravel/framework/src/Illuminate/Macroable/Traits/Macroable.php:113)
[stacktrace]
#0 /Applications/MAMP/htdocs/proyectos/aplicaciones web/Angular/pagosColegio/backend-api-colegio/app/Http/Controllers/MateriaController.php(13): Illuminate\\Support\\Collection->__call('with', Array)
#1 /Applications/MAMP/htdocs/proyectos/aplicaciones web/Angular/pagosColegio/backend-api-colegio/vendor/laravel/framework/src/Illuminate/Routing/Controller.php(54): App\\Http\\Controllers\\MateriaController->index()
#2 /Applications/MAMP/htdocs/proyectos/aplicaciones web/Angular/pagosColegio/backend-api-colegio/vendor/laravel/framework/src/Illuminate/Routing/ControllerDispatcher.php(45): Illuminate\\Routing\\Controller->callAction('index', Array)
#3 /Applications/MAMP/htdocs/proyectos/aplicaciones web/Angular/pagosColegio/backend-api-colegio/vendor/laravel/framework/src/Illuminate/Routing/Route.php(261): Illuminate\\Routing\\ControllerDispatcher->dispatch(Object(Illuminate\\Routing\\Route), Object(App\\Http\\Controllers\\MateriaController), 'index')
#4 /Applications/MAMP/htdocs/proyectos/aplicaciones web/Angular/pagosColegio/backend-api-colegio/vendor/laravel/framework/src/Illuminate/Routing/Route.php(205): Illuminate\\Routing\\Route->runController()
#5 /Applications/MAMP/htdocs/proyectos/aplicaciones web/Angular/pagosColegio/backend-api-colegio/vendor/laravel/framework/src/Illuminate/Routing/Router.php(721): Illuminate\\Routing\\Route->run()
#6 /Applications/MAMP/htdocs/proyectos/aplicaciones web/Angular/pagosColegio/backend-api-colegio/vendor/laravel/framework/src/Illuminate/Pipeline/Pipeline.php(128): Illuminate\\Routing\\Router->{closure:Illuminate\\Routing\\Router::runRouteWithinStack():719}(Object(Illuminate\\Http\\Request))
#7 /Applications/MAMP/htdocs/proyectos/aplicaciones web/Angular/pagosColegio/backend-api-colegio/vendor/laravel/framework/src/Illuminate/Routing/Middleware/SubstituteBindings.php(50): Illuminate\\Pipeline\\Pipeline->{closure:Illuminate\\Pipeline\\Pipeline::prepareDestination():126}(Object(Illuminate\\Http\\Request))
#8 /Applications/MAMP/htdocs/proyectos/aplicaciones web/Angular/pagosColegio/backend-api-colegio/vendor/laravel/framework/src/Illuminate/Pipeline/Pipeline.php(167): Illuminate\\Routing\\Middleware\\SubstituteBindings->handle(Object(Illuminate\\Http\\Request), Object(Closure))
#9 /Applications/MAMP/htdocs/proyectos/aplicaciones web/Angular/pagosColegio/backend-api-colegio/vendor/laravel/framework/src/Illuminate/Routing/Middleware/ThrottleRequests.php(127): Illuminate\\Pipeline\\Pipeline->{closure:{closure:Illuminate\\Pipeline\\Pipeline::carry():142}:143}(Object(Illuminate\\Http\\Request))
#10 /Applications/MAMP/htdocs/proyectos/aplicaciones web/Angular/pagosColegio/backend-api-colegio/vendor/laravel/framework/src/Illuminate/Routing/Middleware/ThrottleRequests.php(93): Illuminate\\Routing\\Middleware\\ThrottleRequests->handleRequest(Object(Illuminate\\Http\\Request), Object(Closure), Array)
#11 /Applications/MAMP/htdocs/proyectos/aplicaciones web/Angular/pagosColegio/backend-api-colegio/vendor/laravel/framework/src/Illuminate/Routing/Middleware/ThrottleRequests.php(55): Illuminate\\Routing\\Middleware\\ThrottleRequests->handleRequestUsingNamedLimiter(Object(Illuminate\\Http\\Request), Object(Closure), 'api', Object(Closure))
#12 /Applications/MAMP/htdocs/proyectos/aplicaciones web/Angular/pagosColegio/backend-api-colegio/vendor/laravel/framework/src/Illuminate/Pipeline/Pipeline.php(167): Illuminate\\Routing\\Middleware\\ThrottleRequests->handle(Object(Illuminate\\Http\\Request), Object(Closure), 'api')
#13 /Applications/MAMP/htdocs/proyectos/aplicaciones web/Angular/pagosColegio/backend-api-colegio/vendor/laravel/framework/src/Illuminate/Pipeline/Pipeline.php(103): Illuminate\\Pipeline\\Pipeline->{closure:{closure:Illuminate\\Pipeline\\Pipeline::carry():142}:143}(Object(Illuminate\\Http\\Request))
#14 /Applications/MAMP/htdocs/proyectos/aplicaciones web/Angular/pagosColegio/backend-api-colegio/vendor/laravel/framework/src/Illuminate/Routing/Router.php(719): Illuminate\\Pipeline\\Pipeline->then(Object(Closure))
#15 /Applications/MAMP/htdocs/proyectos/aplicaciones web/Angular/pagosColegio/backend-api-colegio/vendor/laravel/framework/src/Illuminate/Routing/Router.php(698): Illuminate\\Routing\\Router->runRouteWithinStack(Object(Illuminate\\Routing\\Route), Object(Illuminate\\Http\\Request))
#16 /Applications/MAMP/htdocs/proyectos/aplicaciones web/Angular/pagosColegio/backend-api-colegio/vendor/laravel/framework/src/Illuminate/Routing/Router.php(662): Illuminate\\Routing\\Router->runRoute(Object(Illuminate\\Http\\Request), Object(Illuminate\\Routing\\Route))
#17 /Applications/MAMP/htdocs/proyectos/aplicaciones web/Angular/pagosColegio/backend-api-colegio/vendor/laravel/framework/src/Illuminate/Routing/Router.php(651): Illuminate\\Routing\\Router->dispatchToRoute(Object(Illuminate\\Http\\Request))
#18 /Applications/MAMP/htdocs/proyectos/aplicaciones web/Angular/pagosColegio/backend-api-colegio/vendor/laravel/framework/src/Illuminate/Foundation/Http/Kernel.php(167): Illuminate\\Routing\\Router->dispatch(Object(Illuminate\\Http\\Request))
#19 /Applications/MAMP/htdocs/proyectos/aplicaciones web/Angular/pagosColegio/backend-api-colegio/vendor/laravel/framework/src/Illuminate/Pipeline/Pipeline.php(128): Illuminate\\Foundation\\Http\\Kernel->{closure:Illuminate\\Foundation\\Http\\Kernel::dispatchToRouter():164}(Object(Illuminate\\Http\\Request))
#20 /Applications/MAMP/htdocs/proyectos/aplicaciones web/Angular/pagosColegio/backend-api-colegio/vendor/laravel/framework/src/Illuminate/Foundation/Http/Middleware/TransformsRequest.php(21): Illuminate\\Pipeline\\Pipeline->{closure:Illuminate\\Pipeline\\Pipeline::prepareDestination():126}(Object(Illuminate\\Http\\Request))
#21 /Applications/MAMP/htdocs/proyectos/aplicaciones web/Angular/pagosColegio/backend-api-colegio/vendor/laravel/framework/src/Illuminate/Foundation/Http/Middleware/ConvertEmptyStringsToNull.php(31): Illuminate\\Foundation\\Http\\Middleware\\TransformsRequest->handle(Object(Illuminate\\Http\\Request), Object(Closure))
#22 /Applications/MAMP/htdocs/proyectos/aplicaciones web/Angular/pagosColegio/backend-api-colegio/vendor/laravel/framework/src/Illuminate/Pipeline/Pipeline.php(167): Illuminate\\Foundation\\Http\\Middleware\\ConvertEmptyStringsToNull->handle(Object(Illuminate\\Http\\Request), Object(Closure))
#23 /Applications/MAMP/htdocs/proyectos/aplicaciones web/Angular/pagosColegio/backend-api-colegio/vendor/laravel/framework/src/Illuminate/Foundation/Http/Middleware/TransformsRequest.php(21): Illuminate\\Pipeline\\Pipeline->{closure:{closure:Illuminate\\Pipeline\\Pipeline::carry():142}:143}(Object(Illuminate\\Http\\Request))
#24 /Applications/MAMP/htdocs/proyectos/aplicaciones web/Angular/pagosColegio/backend-api-colegio/vendor/laravel/framework/src/Illuminate/Foundation/Http/Middleware/TrimStrings.php(40): Illuminate\\Foundation\\Http\\Middleware\\TransformsRequest->handle(Object(Illuminate\\Http\\Request), Object(Closure))
#25 /Applications/MAMP/htdocs/proyectos/aplicaciones web/Angular/pagosColegio/backend-api-colegio/vendor/laravel/framework/src/Illuminate/Pipeline/Pipeline.php(167): Illuminate\\Foundation\\Http\\Middleware\\TrimStrings->handle(Object(Illuminate\\Http\\Request), Object(Closure))
#26 /Applications/MAMP/htdocs/proyectos/aplicaciones web/Angular/pagosColegio/backend-api-colegio/vendor/laravel/framework/src/Illuminate/Foundation/Http/Middleware/ValidatePostSize.php(27): Illuminate\\Pipeline\\Pipeline->{closure:{closure:Illuminate\\Pipeline\\Pipeline::carry():142}:143}(Object(Illuminate\\Http\\Request))
#27 /Applications/MAMP/htdocs/proyectos/aplicaciones web/Angular/pagosColegio/backend-api-colegio/vendor/laravel/framework/src/Illuminate/Pipeline/Pipeline.php(167): Illuminate\\Foundation\\Http\\Middleware\\ValidatePostSize->handle(Object(Illuminate\\Http\\Request), Object(Closure))
#28 /Applications/MAMP/htdocs/proyectos/aplicaciones web/Angular/pagosColegio/backend-api-colegio/vendor/laravel/framework/src/Illuminate/Foundation/Http/Middleware/PreventRequestsDuringMaintenance.php(86): Illuminate\\Pipeline\\Pipeline->{closure:{closure:Illuminate\\Pipeline\\Pipeline::carry():142}:143}(Object(Illuminate\\Http\\Request))
#29 /Applications/MAMP/htdocs/proyectos/aplicaciones web/Angular/pagosColegio/backend-api-colegio/vendor/laravel/framework/src/Illuminate/Pipeline/Pipeline.php(167): Illuminate\\Foundation\\Http\\Middleware\\PreventRequestsDuringMaintenance->handle(Object(Illuminate\\Http\\Request), Object(Closure))
#30 /Applications/MAMP/htdocs/proyectos/aplicaciones web/Angular/pagosColegio/backend-api-colegio/vendor/fruitcake/laravel-cors/src/HandleCors.php(52): Illuminate\\Pipeline\\Pipeline->{closure:{closure:Illuminate\\Pipeline\\Pipeline::carry():142}:143}(Object(Illuminate\\Http\\Request))
#31 /Applications/MAMP/htdocs/proyectos/aplicaciones web/Angular/pagosColegio/backend-api-colegio/vendor/laravel/framework/src/Illuminate/Pipeline/Pipeline.php(167): Fruitcake\\Cors\\HandleCors->handle(Object(Illuminate\\Http\\Request), Object(Closure))
#32 /Applications/MAMP/htdocs/proyectos/aplicaciones web/Angular/pagosColegio/backend-api-colegio/vendor/laravel/framework/src/Illuminate/Http/Middleware/TrustProxies.php(39): Illuminate\\Pipeline\\Pipeline->{closure:{closure:Illuminate\\Pipeline\\Pipeline::carry():142}:143}(Object(Illuminate\\Http\\Request))
#33 /Applications/MAMP/htdocs/proyectos/aplicaciones web/Angular/pagosColegio/backend-api-colegio/vendor/laravel/framework/src/Illuminate/Pipeline/Pipeline.php(167): Illuminate\\Http\\Middleware\\TrustProxies->handle(Object(Illuminate\\Http\\Request), Object(Closure))
#34 /Applications/MAMP/htdocs/proyectos/aplicaciones web/Angular/pagosColegio/backend-api-colegio/vendor/laravel/framework/src/Illuminate/Pipeline/Pipeline.php(103): Illuminate\\Pipeline\\Pipeline->{closure:{closure:Illuminate\\Pipeline\\Pipeline::carry():142}:143}(Object(Illuminate\\Http\\Request))
#35 /Applications/MAMP/htdocs/proyectos/aplicaciones web/Angular/pagosColegio/backend-api-colegio/vendor/laravel/framework/src/Illuminate/Foundation/Http/Kernel.php(142): Illuminate\\Pipeline\\Pipeline->then(Object(Closure))
#36 /Applications/MAMP/htdocs/proyectos/aplicaciones web/Angular/pagosColegio/backend-api-colegio/vendor/laravel/framework/src/Illuminate/Foundation/Http/Kernel.php(111): Illuminate\\Foundation\\Http\\Kernel->sendRequestThroughRouter(Object(Illuminate\\Http\\Request))
#37 /Applications/MAMP/htdocs/proyectos/aplicaciones web/Angular/pagosColegio/backend-api-colegio/public/index.php(51): Illuminate\\Foundation\\Http\\Kernel->handle(Object(Illuminate\\Http\\Request))
#38 /Applications/MAMP/htdocs/proyectos/aplicaciones web/Angular/pagosColegio/backend-api-colegio/server.php(21): require_once('/Applications/M...')
#39 {main}
"} 
[2025-06-04 00:40:06] local.ERROR: Property [id] does not exist on this collection instance. {"exception":"[object] (Exception(code: 0): Property [id] does not exist on this collection instance. at /Applications/MAMP/htdocs/proyectos/aplicaciones web/Angular/pagosColegio/backend-api-colegio/vendor/laravel/framework/src/Illuminate/Collections/Traits/EnumeratesValues.php:969)
[stacktrace]
#0 /Applications/MAMP/htdocs/proyectos/aplicaciones web/Angular/pagosColegio/backend-api-colegio/app/Http/Resources/Student/StudentResource.php(34): Illuminate\\Support\\Collection->__get('id')
#1 /Applications/MAMP/htdocs/proyectos/aplicaciones web/Angular/pagosColegio/backend-api-colegio/vendor/laravel/framework/src/Illuminate/Http/Resources/Json/JsonResource.php(94): App\\Http\\Resources\\Student\\StudentResource->toArray(Object(Illuminate\\Http\\Request))
#2 /Applications/MAMP/htdocs/proyectos/aplicaciones web/Angular/pagosColegio/backend-api-colegio/vendor/laravel/framework/src/Illuminate/Http/Resources/Json/JsonResource.php(242): Illuminate\\Http\\Resources\\Json\\JsonResource->resolve(Object(Illuminate\\Http\\Request))
#3 [internal function]: Illuminate\\Http\\Resources\\Json\\JsonResource->jsonSerialize()
#4 /Applications/MAMP/htdocs/proyectos/aplicaciones web/Angular/pagosColegio/backend-api-colegio/vendor/laravel/framework/src/Illuminate/Http/JsonResponse.php(87): json_encode(Array, 0)
#5 /Applications/MAMP/htdocs/proyectos/aplicaciones web/Angular/pagosColegio/backend-api-colegio/vendor/symfony/http-foundation/JsonResponse.php(54): Illuminate\\Http\\JsonResponse->setData(Array)
#6 /Applications/MAMP/htdocs/proyectos/aplicaciones web/Angular/pagosColegio/backend-api-colegio/vendor/laravel/framework/src/Illuminate/Http/JsonResponse.php(32): Symfony\\Component\\HttpFoundation\\JsonResponse->__construct(Array, 200, Array, false)
#7 /Applications/MAMP/htdocs/proyectos/aplicaciones web/Angular/pagosColegio/backend-api-colegio/vendor/laravel/framework/src/Illuminate/Routing/ResponseFactory.php(99): Illuminate\\Http\\JsonResponse->__construct(Array, 200, Array, 0)
#8 /Applications/MAMP/htdocs/proyectos/aplicaciones web/Angular/pagosColegio/backend-api-colegio/app/Http/Controllers/StudentController.php(102): Illuminate\\Routing\\ResponseFactory->json(Array)
#9 /Applications/MAMP/htdocs/proyectos/aplicaciones web/Angular/pagosColegio/backend-api-colegio/vendor/laravel/framework/src/Illuminate/Routing/Controller.php(54): App\\Http\\Controllers\\StudentController->show('4')
#10 /Applications/MAMP/htdocs/proyectos/aplicaciones web/Angular/pagosColegio/backend-api-colegio/vendor/laravel/framework/src/Illuminate/Routing/ControllerDispatcher.php(45): Illuminate\\Routing\\Controller->callAction('show', Array)
#11 /Applications/MAMP/htdocs/proyectos/aplicaciones web/Angular/pagosColegio/backend-api-colegio/vendor/laravel/framework/src/Illuminate/Routing/Route.php(261): Illuminate\\Routing\\ControllerDispatcher->dispatch(Object(Illuminate\\Routing\\Route), Object(App\\Http\\Controllers\\StudentController), 'show')
#12 /Applications/MAMP/htdocs/proyectos/aplicaciones web/Angular/pagosColegio/backend-api-colegio/vendor/laravel/framework/src/Illuminate/Routing/Route.php(205): Illuminate\\Routing\\Route->runController()
#13 /Applications/MAMP/htdocs/proyectos/aplicaciones web/Angular/pagosColegio/backend-api-colegio/vendor/laravel/framework/src/Illuminate/Routing/Router.php(721): Illuminate\\Routing\\Route->run()
#14 /Applications/MAMP/htdocs/proyectos/aplicaciones web/Angular/pagosColegio/backend-api-colegio/vendor/laravel/framework/src/Illuminate/Pipeline/Pipeline.php(128): Illuminate\\Routing\\Router->{closure:Illuminate\\Routing\\Router::runRouteWithinStack():719}(Object(Illuminate\\Http\\Request))
#15 /Applications/MAMP/htdocs/proyectos/aplicaciones web/Angular/pagosColegio/backend-api-colegio/vendor/laravel/framework/src/Illuminate/Routing/Middleware/SubstituteBindings.php(50): Illuminate\\Pipeline\\Pipeline->{closure:Illuminate\\Pipeline\\Pipeline::prepareDestination():126}(Object(Illuminate\\Http\\Request))
#16 /Applications/MAMP/htdocs/proyectos/aplicaciones web/Angular/pagosColegio/backend-api-colegio/vendor/laravel/framework/src/Illuminate/Pipeline/Pipeline.php(167): Illuminate\\Routing\\Middleware\\SubstituteBindings->handle(Object(Illuminate\\Http\\Request), Object(Closure))
#17 /Applications/MAMP/htdocs/proyectos/aplicaciones web/Angular/pagosColegio/backend-api-colegio/vendor/laravel/framework/src/Illuminate/Routing/Middleware/ThrottleRequests.php(127): Illuminate\\Pipeline\\Pipeline->{closure:{closure:Illuminate\\Pipeline\\Pipeline::carry():142}:143}(Object(Illuminate\\Http\\Request))
#18 /Applications/MAMP/htdocs/proyectos/aplicaciones web/Angular/pagosColegio/backend-api-colegio/vendor/laravel/framework/src/Illuminate/Routing/Middleware/ThrottleRequests.php(93): Illuminate\\Routing\\Middleware\\ThrottleRequests->handleRequest(Object(Illuminate\\Http\\Request), Object(Closure), Array)
#19 /Applications/MAMP/htdocs/proyectos/aplicaciones web/Angular/pagosColegio/backend-api-colegio/vendor/laravel/framework/src/Illuminate/Routing/Middleware/ThrottleRequests.php(55): Illuminate\\Routing\\Middleware\\ThrottleRequests->handleRequestUsingNamedLimiter(Object(Illuminate\\Http\\Request), Object(Closure), 'api', Object(Closure))
#20 /Applications/MAMP/htdocs/proyectos/aplicaciones web/Angular/pagosColegio/backend-api-colegio/vendor/laravel/framework/src/Illuminate/Pipeline/Pipeline.php(167): Illuminate\\Routing\\Middleware\\ThrottleRequests->handle(Object(Illuminate\\Http\\Request), Object(Closure), 'api')
#21 /Applications/MAMP/htdocs/proyectos/aplicaciones web/Angular/pagosColegio/backend-api-colegio/vendor/laravel/framework/src/Illuminate/Pipeline/Pipeline.php(103): Illuminate\\Pipeline\\Pipeline->{closure:{closure:Illuminate\\Pipeline\\Pipeline::carry():142}:143}(Object(Illuminate\\Http\\Request))
#22 /Applications/MAMP/htdocs/proyectos/aplicaciones web/Angular/pagosColegio/backend-api-colegio/vendor/laravel/framework/src/Illuminate/Routing/Router.php(719): Illuminate\\Pipeline\\Pipeline->then(Object(Closure))
#23 /Applications/MAMP/htdocs/proyectos/aplicaciones web/Angular/pagosColegio/backend-api-colegio/vendor/laravel/framework/src/Illuminate/Routing/Router.php(698): Illuminate\\Routing\\Router->runRouteWithinStack(Object(Illuminate\\Routing\\Route), Object(Illuminate\\Http\\Request))
#24 /Applications/MAMP/htdocs/proyectos/aplicaciones web/Angular/pagosColegio/backend-api-colegio/vendor/laravel/framework/src/Illuminate/Routing/Router.php(662): Illuminate\\Routing\\Router->runRoute(Object(Illuminate\\Http\\Request), Object(Illuminate\\Routing\\Route))
#25 /Applications/MAMP/htdocs/proyectos/aplicaciones web/Angular/pagosColegio/backend-api-colegio/vendor/laravel/framework/src/Illuminate/Routing/Router.php(651): Illuminate\\Routing\\Router->dispatchToRoute(Object(Illuminate\\Http\\Request))
#26 /Applications/MAMP/htdocs/proyectos/aplicaciones web/Angular/pagosColegio/backend-api-colegio/vendor/laravel/framework/src/Illuminate/Foundation/Http/Kernel.php(167): Illuminate\\Routing\\Router->dispatch(Object(Illuminate\\Http\\Request))
#27 /Applications/MAMP/htdocs/proyectos/aplicaciones web/Angular/pagosColegio/backend-api-colegio/vendor/laravel/framework/src/Illuminate/Pipeline/Pipeline.php(128): Illuminate\\Foundation\\Http\\Kernel->{closure:Illuminate\\Foundation\\Http\\Kernel::dispatchToRouter():164}(Object(Illuminate\\Http\\Request))
#28 /Applications/MAMP/htdocs/proyectos/aplicaciones web/Angular/pagosColegio/backend-api-colegio/vendor/laravel/framework/src/Illuminate/Foundation/Http/Middleware/TransformsRequest.php(21): Illuminate\\Pipeline\\Pipeline->{closure:Illuminate\\Pipeline\\Pipeline::prepareDestination():126}(Object(Illuminate\\Http\\Request))
#29 /Applications/MAMP/htdocs/proyectos/aplicaciones web/Angular/pagosColegio/backend-api-colegio/vendor/laravel/framework/src/Illuminate/Foundation/Http/Middleware/ConvertEmptyStringsToNull.php(31): Illuminate\\Foundation\\Http\\Middleware\\TransformsRequest->handle(Object(Illuminate\\Http\\Request), Object(Closure))
#30 /Applications/MAMP/htdocs/proyectos/aplicaciones web/Angular/pagosColegio/backend-api-colegio/vendor/laravel/framework/src/Illuminate/Pipeline/Pipeline.php(167): Illuminate\\Foundation\\Http\\Middleware\\ConvertEmptyStringsToNull->handle(Object(Illuminate\\Http\\Request), Object(Closure))
#31 /Applications/MAMP/htdocs/proyectos/aplicaciones web/Angular/pagosColegio/backend-api-colegio/vendor/laravel/framework/src/Illuminate/Foundation/Http/Middleware/TransformsRequest.php(21): Illuminate\\Pipeline\\Pipeline->{closure:{closure:Illuminate\\Pipeline\\Pipeline::carry():142}:143}(Object(Illuminate\\Http\\Request))
#32 /Applications/MAMP/htdocs/proyectos/aplicaciones web/Angular/pagosColegio/backend-api-colegio/vendor/laravel/framework/src/Illuminate/Foundation/Http/Middleware/TrimStrings.php(40): Illuminate\\Foundation\\Http\\Middleware\\TransformsRequest->handle(Object(Illuminate\\Http\\Request), Object(Closure))
#33 /Applications/MAMP/htdocs/proyectos/aplicaciones web/Angular/pagosColegio/backend-api-colegio/vendor/laravel/framework/src/Illuminate/Pipeline/Pipeline.php(167): Illuminate\\Foundation\\Http\\Middleware\\TrimStrings->handle(Object(Illuminate\\Http\\Request), Object(Closure))
#34 /Applications/MAMP/htdocs/proyectos/aplicaciones web/Angular/pagosColegio/backend-api-colegio/vendor/laravel/framework/src/Illuminate/Foundation/Http/Middleware/ValidatePostSize.php(27): Illuminate\\Pipeline\\Pipeline->{closure:{closure:Illuminate\\Pipeline\\Pipeline::carry():142}:143}(Object(Illuminate\\Http\\Request))
#35 /Applications/MAMP/htdocs/proyectos/aplicaciones web/Angular/pagosColegio/backend-api-colegio/vendor/laravel/framework/src/Illuminate/Pipeline/Pipeline.php(167): Illuminate\\Foundation\\Http\\Middleware\\ValidatePostSize->handle(Object(Illuminate\\Http\\Request), Object(Closure))
#36 /Applications/MAMP/htdocs/proyectos/aplicaciones web/Angular/pagosColegio/backend-api-colegio/vendor/laravel/framework/src/Illuminate/Foundation/Http/Middleware/PreventRequestsDuringMaintenance.php(86): Illuminate\\Pipeline\\Pipeline->{closure:{closure:Illuminate\\Pipeline\\Pipeline::carry():142}:143}(Object(Illuminate\\Http\\Request))
#37 /Applications/MAMP/htdocs/proyectos/aplicaciones web/Angular/pagosColegio/backend-api-colegio/vendor/laravel/framework/src/Illuminate/Pipeline/Pipeline.php(167): Illuminate\\Foundation\\Http\\Middleware\\PreventRequestsDuringMaintenance->handle(Object(Illuminate\\Http\\Request), Object(Closure))
#38 /Applications/MAMP/htdocs/proyectos/aplicaciones web/Angular/pagosColegio/backend-api-colegio/vendor/fruitcake/laravel-cors/src/HandleCors.php(52): Illuminate\\Pipeline\\Pipeline->{closure:{closure:Illuminate\\Pipeline\\Pipeline::carry():142}:143}(Object(Illuminate\\Http\\Request))
#39 /Applications/MAMP/htdocs/proyectos/aplicaciones web/Angular/pagosColegio/backend-api-colegio/vendor/laravel/framework/src/Illuminate/Pipeline/Pipeline.php(167): Fruitcake\\Cors\\HandleCors->handle(Object(Illuminate\\Http\\Request), Object(Closure))
#40 /Applications/MAMP/htdocs/proyectos/aplicaciones web/Angular/pagosColegio/backend-api-colegio/vendor/laravel/framework/src/Illuminate/Http/Middleware/TrustProxies.php(39): Illuminate\\Pipeline\\Pipeline->{closure:{closure:Illuminate\\Pipeline\\Pipeline::carry():142}:143}(Object(Illuminate\\Http\\Request))
#41 /Applications/MAMP/htdocs/proyectos/aplicaciones web/Angular/pagosColegio/backend-api-colegio/vendor/laravel/framework/src/Illuminate/Pipeline/Pipeline.php(167): Illuminate\\Http\\Middleware\\TrustProxies->handle(Object(Illuminate\\Http\\Request), Object(Closure))
#42 /Applications/MAMP/htdocs/proyectos/aplicaciones web/Angular/pagosColegio/backend-api-colegio/vendor/laravel/framework/src/Illuminate/Pipeline/Pipeline.php(103): Illuminate\\Pipeline\\Pipeline->{closure:{closure:Illuminate\\Pipeline\\Pipeline::carry():142}:143}(Object(Illuminate\\Http\\Request))
#43 /Applications/MAMP/htdocs/proyectos/aplicaciones web/Angular/pagosColegio/backend-api-colegio/vendor/laravel/framework/src/Illuminate/Foundation/Http/Kernel.php(142): Illuminate\\Pipeline\\Pipeline->then(Object(Closure))
#44 /Applications/MAMP/htdocs/proyectos/aplicaciones web/Angular/pagosColegio/backend-api-colegio/vendor/laravel/framework/src/Illuminate/Foundation/Http/Kernel.php(111): Illuminate\\Foundation\\Http\\Kernel->sendRequestThroughRouter(Object(Illuminate\\Http\\Request))
#45 /Applications/MAMP/htdocs/proyectos/aplicaciones web/Angular/pagosColegio/backend-api-colegio/public/index.php(51): Illuminate\\Foundation\\Http\\Kernel->handle(Object(Illuminate\\Http\\Request))
#46 /Applications/MAMP/htdocs/proyectos/aplicaciones web/Angular/pagosColegio/backend-api-colegio/server.php(21): require_once('/Applications/M...')
#47 {main}
"} 
[2025-06-04 00:41:19] local.ERROR: Property [id] does not exist on this collection instance. {"exception":"[object] (Exception(code: 0): Property [id] does not exist on this collection instance. at /Applications/MAMP/htdocs/proyectos/aplicaciones web/Angular/pagosColegio/backend-api-colegio/vendor/laravel/framework/src/Illuminate/Collections/Traits/EnumeratesValues.php:969)
[stacktrace]
#0 /Applications/MAMP/htdocs/proyectos/aplicaciones web/Angular/pagosColegio/backend-api-colegio/app/Http/Resources/Student/StudentResource.php(34): Illuminate\\Support\\Collection->__get('id')
#1 /Applications/MAMP/htdocs/proyectos/aplicaciones web/Angular/pagosColegio/backend-api-colegio/vendor/laravel/framework/src/Illuminate/Http/Resources/Json/JsonResource.php(94): App\\Http\\Resources\\Student\\StudentResource->toArray(Object(Illuminate\\Http\\Request))
#2 /Applications/MAMP/htdocs/proyectos/aplicaciones web/Angular/pagosColegio/backend-api-colegio/vendor/laravel/framework/src/Illuminate/Http/Resources/Json/JsonResource.php(242): Illuminate\\Http\\Resources\\Json\\JsonResource->resolve(Object(Illuminate\\Http\\Request))
#3 [internal function]: Illuminate\\Http\\Resources\\Json\\JsonResource->jsonSerialize()
#4 /Applications/MAMP/htdocs/proyectos/aplicaciones web/Angular/pagosColegio/backend-api-colegio/vendor/laravel/framework/src/Illuminate/Http/JsonResponse.php(87): json_encode(Array, 0)
#5 /Applications/MAMP/htdocs/proyectos/aplicaciones web/Angular/pagosColegio/backend-api-colegio/vendor/symfony/http-foundation/JsonResponse.php(54): Illuminate\\Http\\JsonResponse->setData(Array)
#6 /Applications/MAMP/htdocs/proyectos/aplicaciones web/Angular/pagosColegio/backend-api-colegio/vendor/laravel/framework/src/Illuminate/Http/JsonResponse.php(32): Symfony\\Component\\HttpFoundation\\JsonResponse->__construct(Array, 200, Array, false)
#7 /Applications/MAMP/htdocs/proyectos/aplicaciones web/Angular/pagosColegio/backend-api-colegio/vendor/laravel/framework/src/Illuminate/Routing/ResponseFactory.php(99): Illuminate\\Http\\JsonResponse->__construct(Array, 200, Array, 0)
#8 /Applications/MAMP/htdocs/proyectos/aplicaciones web/Angular/pagosColegio/backend-api-colegio/app/Http/Controllers/StudentController.php(102): Illuminate\\Routing\\ResponseFactory->json(Array)
#9 /Applications/MAMP/htdocs/proyectos/aplicaciones web/Angular/pagosColegio/backend-api-colegio/vendor/laravel/framework/src/Illuminate/Routing/Controller.php(54): App\\Http\\Controllers\\StudentController->show('33')
#10 /Applications/MAMP/htdocs/proyectos/aplicaciones web/Angular/pagosColegio/backend-api-colegio/vendor/laravel/framework/src/Illuminate/Routing/ControllerDispatcher.php(45): Illuminate\\Routing\\Controller->callAction('show', Array)
#11 /Applications/MAMP/htdocs/proyectos/aplicaciones web/Angular/pagosColegio/backend-api-colegio/vendor/laravel/framework/src/Illuminate/Routing/Route.php(261): Illuminate\\Routing\\ControllerDispatcher->dispatch(Object(Illuminate\\Routing\\Route), Object(App\\Http\\Controllers\\StudentController), 'show')
#12 /Applications/MAMP/htdocs/proyectos/aplicaciones web/Angular/pagosColegio/backend-api-colegio/vendor/laravel/framework/src/Illuminate/Routing/Route.php(205): Illuminate\\Routing\\Route->runController()
#13 /Applications/MAMP/htdocs/proyectos/aplicaciones web/Angular/pagosColegio/backend-api-colegio/vendor/laravel/framework/src/Illuminate/Routing/Router.php(721): Illuminate\\Routing\\Route->run()
#14 /Applications/MAMP/htdocs/proyectos/aplicaciones web/Angular/pagosColegio/backend-api-colegio/vendor/laravel/framework/src/Illuminate/Pipeline/Pipeline.php(128): Illuminate\\Routing\\Router->{closure:Illuminate\\Routing\\Router::runRouteWithinStack():719}(Object(Illuminate\\Http\\Request))
#15 /Applications/MAMP/htdocs/proyectos/aplicaciones web/Angular/pagosColegio/backend-api-colegio/vendor/laravel/framework/src/Illuminate/Routing/Middleware/SubstituteBindings.php(50): Illuminate\\Pipeline\\Pipeline->{closure:Illuminate\\Pipeline\\Pipeline::prepareDestination():126}(Object(Illuminate\\Http\\Request))
#16 /Applications/MAMP/htdocs/proyectos/aplicaciones web/Angular/pagosColegio/backend-api-colegio/vendor/laravel/framework/src/Illuminate/Pipeline/Pipeline.php(167): Illuminate\\Routing\\Middleware\\SubstituteBindings->handle(Object(Illuminate\\Http\\Request), Object(Closure))
#17 /Applications/MAMP/htdocs/proyectos/aplicaciones web/Angular/pagosColegio/backend-api-colegio/vendor/laravel/framework/src/Illuminate/Routing/Middleware/ThrottleRequests.php(127): Illuminate\\Pipeline\\Pipeline->{closure:{closure:Illuminate\\Pipeline\\Pipeline::carry():142}:143}(Object(Illuminate\\Http\\Request))
#18 /Applications/MAMP/htdocs/proyectos/aplicaciones web/Angular/pagosColegio/backend-api-colegio/vendor/laravel/framework/src/Illuminate/Routing/Middleware/ThrottleRequests.php(93): Illuminate\\Routing\\Middleware\\ThrottleRequests->handleRequest(Object(Illuminate\\Http\\Request), Object(Closure), Array)
#19 /Applications/MAMP/htdocs/proyectos/aplicaciones web/Angular/pagosColegio/backend-api-colegio/vendor/laravel/framework/src/Illuminate/Routing/Middleware/ThrottleRequests.php(55): Illuminate\\Routing\\Middleware\\ThrottleRequests->handleRequestUsingNamedLimiter(Object(Illuminate\\Http\\Request), Object(Closure), 'api', Object(Closure))
#20 /Applications/MAMP/htdocs/proyectos/aplicaciones web/Angular/pagosColegio/backend-api-colegio/vendor/laravel/framework/src/Illuminate/Pipeline/Pipeline.php(167): Illuminate\\Routing\\Middleware\\ThrottleRequests->handle(Object(Illuminate\\Http\\Request), Object(Closure), 'api')
#21 /Applications/MAMP/htdocs/proyectos/aplicaciones web/Angular/pagosColegio/backend-api-colegio/vendor/laravel/framework/src/Illuminate/Pipeline/Pipeline.php(103): Illuminate\\Pipeline\\Pipeline->{closure:{closure:Illuminate\\Pipeline\\Pipeline::carry():142}:143}(Object(Illuminate\\Http\\Request))
#22 /Applications/MAMP/htdocs/proyectos/aplicaciones web/Angular/pagosColegio/backend-api-colegio/vendor/laravel/framework/src/Illuminate/Routing/Router.php(719): Illuminate\\Pipeline\\Pipeline->then(Object(Closure))
#23 /Applications/MAMP/htdocs/proyectos/aplicaciones web/Angular/pagosColegio/backend-api-colegio/vendor/laravel/framework/src/Illuminate/Routing/Router.php(698): Illuminate\\Routing\\Router->runRouteWithinStack(Object(Illuminate\\Routing\\Route), Object(Illuminate\\Http\\Request))
#24 /Applications/MAMP/htdocs/proyectos/aplicaciones web/Angular/pagosColegio/backend-api-colegio/vendor/laravel/framework/src/Illuminate/Routing/Router.php(662): Illuminate\\Routing\\Router->runRoute(Object(Illuminate\\Http\\Request), Object(Illuminate\\Routing\\Route))
#25 /Applications/MAMP/htdocs/proyectos/aplicaciones web/Angular/pagosColegio/backend-api-colegio/vendor/laravel/framework/src/Illuminate/Routing/Router.php(651): Illuminate\\Routing\\Router->dispatchToRoute(Object(Illuminate\\Http\\Request))
#26 /Applications/MAMP/htdocs/proyectos/aplicaciones web/Angular/pagosColegio/backend-api-colegio/vendor/laravel/framework/src/Illuminate/Foundation/Http/Kernel.php(167): Illuminate\\Routing\\Router->dispatch(Object(Illuminate\\Http\\Request))
#27 /Applications/MAMP/htdocs/proyectos/aplicaciones web/Angular/pagosColegio/backend-api-colegio/vendor/laravel/framework/src/Illuminate/Pipeline/Pipeline.php(128): Illuminate\\Foundation\\Http\\Kernel->{closure:Illuminate\\Foundation\\Http\\Kernel::dispatchToRouter():164}(Object(Illuminate\\Http\\Request))
#28 /Applications/MAMP/htdocs/proyectos/aplicaciones web/Angular/pagosColegio/backend-api-colegio/vendor/laravel/framework/src/Illuminate/Foundation/Http/Middleware/TransformsRequest.php(21): Illuminate\\Pipeline\\Pipeline->{closure:Illuminate\\Pipeline\\Pipeline::prepareDestination():126}(Object(Illuminate\\Http\\Request))
#29 /Applications/MAMP/htdocs/proyectos/aplicaciones web/Angular/pagosColegio/backend-api-colegio/vendor/laravel/framework/src/Illuminate/Foundation/Http/Middleware/ConvertEmptyStringsToNull.php(31): Illuminate\\Foundation\\Http\\Middleware\\TransformsRequest->handle(Object(Illuminate\\Http\\Request), Object(Closure))
#30 /Applications/MAMP/htdocs/proyectos/aplicaciones web/Angular/pagosColegio/backend-api-colegio/vendor/laravel/framework/src/Illuminate/Pipeline/Pipeline.php(167): Illuminate\\Foundation\\Http\\Middleware\\ConvertEmptyStringsToNull->handle(Object(Illuminate\\Http\\Request), Object(Closure))
#31 /Applications/MAMP/htdocs/proyectos/aplicaciones web/Angular/pagosColegio/backend-api-colegio/vendor/laravel/framework/src/Illuminate/Foundation/Http/Middleware/TransformsRequest.php(21): Illuminate\\Pipeline\\Pipeline->{closure:{closure:Illuminate\\Pipeline\\Pipeline::carry():142}:143}(Object(Illuminate\\Http\\Request))
#32 /Applications/MAMP/htdocs/proyectos/aplicaciones web/Angular/pagosColegio/backend-api-colegio/vendor/laravel/framework/src/Illuminate/Foundation/Http/Middleware/TrimStrings.php(40): Illuminate\\Foundation\\Http\\Middleware\\TransformsRequest->handle(Object(Illuminate\\Http\\Request), Object(Closure))
#33 /Applications/MAMP/htdocs/proyectos/aplicaciones web/Angular/pagosColegio/backend-api-colegio/vendor/laravel/framework/src/Illuminate/Pipeline/Pipeline.php(167): Illuminate\\Foundation\\Http\\Middleware\\TrimStrings->handle(Object(Illuminate\\Http\\Request), Object(Closure))
#34 /Applications/MAMP/htdocs/proyectos/aplicaciones web/Angular/pagosColegio/backend-api-colegio/vendor/laravel/framework/src/Illuminate/Foundation/Http/Middleware/ValidatePostSize.php(27): Illuminate\\Pipeline\\Pipeline->{closure:{closure:Illuminate\\Pipeline\\Pipeline::carry():142}:143}(Object(Illuminate\\Http\\Request))
#35 /Applications/MAMP/htdocs/proyectos/aplicaciones web/Angular/pagosColegio/backend-api-colegio/vendor/laravel/framework/src/Illuminate/Pipeline/Pipeline.php(167): Illuminate\\Foundation\\Http\\Middleware\\ValidatePostSize->handle(Object(Illuminate\\Http\\Request), Object(Closure))
#36 /Applications/MAMP/htdocs/proyectos/aplicaciones web/Angular/pagosColegio/backend-api-colegio/vendor/laravel/framework/src/Illuminate/Foundation/Http/Middleware/PreventRequestsDuringMaintenance.php(86): Illuminate\\Pipeline\\Pipeline->{closure:{closure:Illuminate\\Pipeline\\Pipeline::carry():142}:143}(Object(Illuminate\\Http\\Request))
#37 /Applications/MAMP/htdocs/proyectos/aplicaciones web/Angular/pagosColegio/backend-api-colegio/vendor/laravel/framework/src/Illuminate/Pipeline/Pipeline.php(167): Illuminate\\Foundation\\Http\\Middleware\\PreventRequestsDuringMaintenance->handle(Object(Illuminate\\Http\\Request), Object(Closure))
#38 /Applications/MAMP/htdocs/proyectos/aplicaciones web/Angular/pagosColegio/backend-api-colegio/vendor/fruitcake/laravel-cors/src/HandleCors.php(52): Illuminate\\Pipeline\\Pipeline->{closure:{closure:Illuminate\\Pipeline\\Pipeline::carry():142}:143}(Object(Illuminate\\Http\\Request))
#39 /Applications/MAMP/htdocs/proyectos/aplicaciones web/Angular/pagosColegio/backend-api-colegio/vendor/laravel/framework/src/Illuminate/Pipeline/Pipeline.php(167): Fruitcake\\Cors\\HandleCors->handle(Object(Illuminate\\Http\\Request), Object(Closure))
#40 /Applications/MAMP/htdocs/proyectos/aplicaciones web/Angular/pagosColegio/backend-api-colegio/vendor/laravel/framework/src/Illuminate/Http/Middleware/TrustProxies.php(39): Illuminate\\Pipeline\\Pipeline->{closure:{closure:Illuminate\\Pipeline\\Pipeline::carry():142}:143}(Object(Illuminate\\Http\\Request))
#41 /Applications/MAMP/htdocs/proyectos/aplicaciones web/Angular/pagosColegio/backend-api-colegio/vendor/laravel/framework/src/Illuminate/Pipeline/Pipeline.php(167): Illuminate\\Http\\Middleware\\TrustProxies->handle(Object(Illuminate\\Http\\Request), Object(Closure))
#42 /Applications/MAMP/htdocs/proyectos/aplicaciones web/Angular/pagosColegio/backend-api-colegio/vendor/laravel/framework/src/Illuminate/Pipeline/Pipeline.php(103): Illuminate\\Pipeline\\Pipeline->{closure:{closure:Illuminate\\Pipeline\\Pipeline::carry():142}:143}(Object(Illuminate\\Http\\Request))
#43 /Applications/MAMP/htdocs/proyectos/aplicaciones web/Angular/pagosColegio/backend-api-colegio/vendor/laravel/framework/src/Illuminate/Foundation/Http/Kernel.php(142): Illuminate\\Pipeline\\Pipeline->then(Object(Closure))
#44 /Applications/MAMP/htdocs/proyectos/aplicaciones web/Angular/pagosColegio/backend-api-colegio/vendor/laravel/framework/src/Illuminate/Foundation/Http/Kernel.php(111): Illuminate\\Foundation\\Http\\Kernel->sendRequestThroughRouter(Object(Illuminate\\Http\\Request))
#45 /Applications/MAMP/htdocs/proyectos/aplicaciones web/Angular/pagosColegio/backend-api-colegio/public/index.php(51): Illuminate\\Foundation\\Http\\Kernel->handle(Object(Illuminate\\Http\\Request))
#46 /Applications/MAMP/htdocs/proyectos/aplicaciones web/Angular/pagosColegio/backend-api-colegio/server.php(21): require_once('/Applications/M...')
#47 {main}
"} 
[2025-06-04 01:39:50] local.ERROR: Call to undefined relationship [users] on model [App\Models\Examen]. {"exception":"[object] (Illuminate\\Database\\Eloquent\\RelationNotFoundException(code: 0): Call to undefined relationship [users] on model [App\\Models\\Examen]. at /Applications/MAMP/htdocs/proyectos/aplicaciones web/Angular/pagosColegio/backend-api-colegio/vendor/laravel/framework/src/Illuminate/Database/Eloquent/RelationNotFoundException.php:35)
[stacktrace]
#0 /Applications/MAMP/htdocs/proyectos/aplicaciones web/Angular/pagosColegio/backend-api-colegio/vendor/laravel/framework/src/Illuminate/Database/Eloquent/Builder.php(692): Illuminate\\Database\\Eloquent\\RelationNotFoundException::make(Object(App\\Models\\Examen), 'users')
#1 /Applications/MAMP/htdocs/proyectos/aplicaciones web/Angular/pagosColegio/backend-api-colegio/vendor/laravel/framework/src/Illuminate/Database/Eloquent/Relations/Relation.php(106): Illuminate\\Database\\Eloquent\\Builder->{closure:Illuminate\\Database\\Eloquent\\Builder::getRelation():688}()
#2 /Applications/MAMP/htdocs/proyectos/aplicaciones web/Angular/pagosColegio/backend-api-colegio/vendor/laravel/framework/src/Illuminate/Database/Eloquent/Builder.php(688): Illuminate\\Database\\Eloquent\\Relations\\Relation::noConstraints(Object(Closure))
#3 /Applications/MAMP/htdocs/proyectos/aplicaciones web/Angular/pagosColegio/backend-api-colegio/vendor/laravel/framework/src/Illuminate/Database/Eloquent/Builder.php(662): Illuminate\\Database\\Eloquent\\Builder->getRelation('users')
#4 /Applications/MAMP/htdocs/proyectos/aplicaciones web/Angular/pagosColegio/backend-api-colegio/vendor/laravel/framework/src/Illuminate/Database/Eloquent/Builder.php(642): Illuminate\\Database\\Eloquent\\Builder->eagerLoadRelation(Array, 'users', Object(Closure))
#5 /Applications/MAMP/htdocs/proyectos/aplicaciones web/Angular/pagosColegio/backend-api-colegio/vendor/laravel/framework/src/Illuminate/Database/Eloquent/Builder.php(610): Illuminate\\Database\\Eloquent\\Builder->eagerLoadRelations(Array)
#6 /Applications/MAMP/htdocs/proyectos/aplicaciones web/Angular/pagosColegio/backend-api-colegio/app/Http/Controllers/ExamenController.php(81): Illuminate\\Database\\Eloquent\\Builder->get()
#7 /Applications/MAMP/htdocs/proyectos/aplicaciones web/Angular/pagosColegio/backend-api-colegio/vendor/laravel/framework/src/Illuminate/Routing/Controller.php(54): App\\Http\\Controllers\\ExamenController->showstudent('33')
#8 /Applications/MAMP/htdocs/proyectos/aplicaciones web/Angular/pagosColegio/backend-api-colegio/vendor/laravel/framework/src/Illuminate/Routing/ControllerDispatcher.php(45): Illuminate\\Routing\\Controller->callAction('showstudent', Array)
#9 /Applications/MAMP/htdocs/proyectos/aplicaciones web/Angular/pagosColegio/backend-api-colegio/vendor/laravel/framework/src/Illuminate/Routing/Route.php(261): Illuminate\\Routing\\ControllerDispatcher->dispatch(Object(Illuminate\\Routing\\Route), Object(App\\Http\\Controllers\\ExamenController), 'showstudent')
#10 /Applications/MAMP/htdocs/proyectos/aplicaciones web/Angular/pagosColegio/backend-api-colegio/vendor/laravel/framework/src/Illuminate/Routing/Route.php(205): Illuminate\\Routing\\Route->runController()
#11 /Applications/MAMP/htdocs/proyectos/aplicaciones web/Angular/pagosColegio/backend-api-colegio/vendor/laravel/framework/src/Illuminate/Routing/Router.php(721): Illuminate\\Routing\\Route->run()
#12 /Applications/MAMP/htdocs/proyectos/aplicaciones web/Angular/pagosColegio/backend-api-colegio/vendor/laravel/framework/src/Illuminate/Pipeline/Pipeline.php(128): Illuminate\\Routing\\Router->{closure:Illuminate\\Routing\\Router::runRouteWithinStack():719}(Object(Illuminate\\Http\\Request))
#13 /Applications/MAMP/htdocs/proyectos/aplicaciones web/Angular/pagosColegio/backend-api-colegio/vendor/laravel/framework/src/Illuminate/Routing/Middleware/SubstituteBindings.php(50): Illuminate\\Pipeline\\Pipeline->{closure:Illuminate\\Pipeline\\Pipeline::prepareDestination():126}(Object(Illuminate\\Http\\Request))
#14 /Applications/MAMP/htdocs/proyectos/aplicaciones web/Angular/pagosColegio/backend-api-colegio/vendor/laravel/framework/src/Illuminate/Pipeline/Pipeline.php(167): Illuminate\\Routing\\Middleware\\SubstituteBindings->handle(Object(Illuminate\\Http\\Request), Object(Closure))
#15 /Applications/MAMP/htdocs/proyectos/aplicaciones web/Angular/pagosColegio/backend-api-colegio/vendor/laravel/framework/src/Illuminate/Routing/Middleware/ThrottleRequests.php(127): Illuminate\\Pipeline\\Pipeline->{closure:{closure:Illuminate\\Pipeline\\Pipeline::carry():142}:143}(Object(Illuminate\\Http\\Request))
#16 /Applications/MAMP/htdocs/proyectos/aplicaciones web/Angular/pagosColegio/backend-api-colegio/vendor/laravel/framework/src/Illuminate/Routing/Middleware/ThrottleRequests.php(93): Illuminate\\Routing\\Middleware\\ThrottleRequests->handleRequest(Object(Illuminate\\Http\\Request), Object(Closure), Array)
#17 /Applications/MAMP/htdocs/proyectos/aplicaciones web/Angular/pagosColegio/backend-api-colegio/vendor/laravel/framework/src/Illuminate/Routing/Middleware/ThrottleRequests.php(55): Illuminate\\Routing\\Middleware\\ThrottleRequests->handleRequestUsingNamedLimiter(Object(Illuminate\\Http\\Request), Object(Closure), 'api', Object(Closure))
#18 /Applications/MAMP/htdocs/proyectos/aplicaciones web/Angular/pagosColegio/backend-api-colegio/vendor/laravel/framework/src/Illuminate/Pipeline/Pipeline.php(167): Illuminate\\Routing\\Middleware\\ThrottleRequests->handle(Object(Illuminate\\Http\\Request), Object(Closure), 'api')
#19 /Applications/MAMP/htdocs/proyectos/aplicaciones web/Angular/pagosColegio/backend-api-colegio/vendor/laravel/framework/src/Illuminate/Pipeline/Pipeline.php(103): Illuminate\\Pipeline\\Pipeline->{closure:{closure:Illuminate\\Pipeline\\Pipeline::carry():142}:143}(Object(Illuminate\\Http\\Request))
#20 /Applications/MAMP/htdocs/proyectos/aplicaciones web/Angular/pagosColegio/backend-api-colegio/vendor/laravel/framework/src/Illuminate/Routing/Router.php(719): Illuminate\\Pipeline\\Pipeline->then(Object(Closure))
#21 /Applications/MAMP/htdocs/proyectos/aplicaciones web/Angular/pagosColegio/backend-api-colegio/vendor/laravel/framework/src/Illuminate/Routing/Router.php(698): Illuminate\\Routing\\Router->runRouteWithinStack(Object(Illuminate\\Routing\\Route), Object(Illuminate\\Http\\Request))
#22 /Applications/MAMP/htdocs/proyectos/aplicaciones web/Angular/pagosColegio/backend-api-colegio/vendor/laravel/framework/src/Illuminate/Routing/Router.php(662): Illuminate\\Routing\\Router->runRoute(Object(Illuminate\\Http\\Request), Object(Illuminate\\Routing\\Route))
#23 /Applications/MAMP/htdocs/proyectos/aplicaciones web/Angular/pagosColegio/backend-api-colegio/vendor/laravel/framework/src/Illuminate/Routing/Router.php(651): Illuminate\\Routing\\Router->dispatchToRoute(Object(Illuminate\\Http\\Request))
#24 /Applications/MAMP/htdocs/proyectos/aplicaciones web/Angular/pagosColegio/backend-api-colegio/vendor/laravel/framework/src/Illuminate/Foundation/Http/Kernel.php(167): Illuminate\\Routing\\Router->dispatch(Object(Illuminate\\Http\\Request))
#25 /Applications/MAMP/htdocs/proyectos/aplicaciones web/Angular/pagosColegio/backend-api-colegio/vendor/laravel/framework/src/Illuminate/Pipeline/Pipeline.php(128): Illuminate\\Foundation\\Http\\Kernel->{closure:Illuminate\\Foundation\\Http\\Kernel::dispatchToRouter():164}(Object(Illuminate\\Http\\Request))
#26 /Applications/MAMP/htdocs/proyectos/aplicaciones web/Angular/pagosColegio/backend-api-colegio/vendor/laravel/framework/src/Illuminate/Foundation/Http/Middleware/TransformsRequest.php(21): Illuminate\\Pipeline\\Pipeline->{closure:Illuminate\\Pipeline\\Pipeline::prepareDestination():126}(Object(Illuminate\\Http\\Request))
#27 /Applications/MAMP/htdocs/proyectos/aplicaciones web/Angular/pagosColegio/backend-api-colegio/vendor/laravel/framework/src/Illuminate/Foundation/Http/Middleware/ConvertEmptyStringsToNull.php(31): Illuminate\\Foundation\\Http\\Middleware\\TransformsRequest->handle(Object(Illuminate\\Http\\Request), Object(Closure))
#28 /Applications/MAMP/htdocs/proyectos/aplicaciones web/Angular/pagosColegio/backend-api-colegio/vendor/laravel/framework/src/Illuminate/Pipeline/Pipeline.php(167): Illuminate\\Foundation\\Http\\Middleware\\ConvertEmptyStringsToNull->handle(Object(Illuminate\\Http\\Request), Object(Closure))
#29 /Applications/MAMP/htdocs/proyectos/aplicaciones web/Angular/pagosColegio/backend-api-colegio/vendor/laravel/framework/src/Illuminate/Foundation/Http/Middleware/TransformsRequest.php(21): Illuminate\\Pipeline\\Pipeline->{closure:{closure:Illuminate\\Pipeline\\Pipeline::carry():142}:143}(Object(Illuminate\\Http\\Request))
#30 /Applications/MAMP/htdocs/proyectos/aplicaciones web/Angular/pagosColegio/backend-api-colegio/vendor/laravel/framework/src/Illuminate/Foundation/Http/Middleware/TrimStrings.php(40): Illuminate\\Foundation\\Http\\Middleware\\TransformsRequest->handle(Object(Illuminate\\Http\\Request), Object(Closure))
#31 /Applications/MAMP/htdocs/proyectos/aplicaciones web/Angular/pagosColegio/backend-api-colegio/vendor/laravel/framework/src/Illuminate/Pipeline/Pipeline.php(167): Illuminate\\Foundation\\Http\\Middleware\\TrimStrings->handle(Object(Illuminate\\Http\\Request), Object(Closure))
#32 /Applications/MAMP/htdocs/proyectos/aplicaciones web/Angular/pagosColegio/backend-api-colegio/vendor/laravel/framework/src/Illuminate/Foundation/Http/Middleware/ValidatePostSize.php(27): Illuminate\\Pipeline\\Pipeline->{closure:{closure:Illuminate\\Pipeline\\Pipeline::carry():142}:143}(Object(Illuminate\\Http\\Request))
#33 /Applications/MAMP/htdocs/proyectos/aplicaciones web/Angular/pagosColegio/backend-api-colegio/vendor/laravel/framework/src/Illuminate/Pipeline/Pipeline.php(167): Illuminate\\Foundation\\Http\\Middleware\\ValidatePostSize->handle(Object(Illuminate\\Http\\Request), Object(Closure))
#34 /Applications/MAMP/htdocs/proyectos/aplicaciones web/Angular/pagosColegio/backend-api-colegio/vendor/laravel/framework/src/Illuminate/Foundation/Http/Middleware/PreventRequestsDuringMaintenance.php(86): Illuminate\\Pipeline\\Pipeline->{closure:{closure:Illuminate\\Pipeline\\Pipeline::carry():142}:143}(Object(Illuminate\\Http\\Request))
#35 /Applications/MAMP/htdocs/proyectos/aplicaciones web/Angular/pagosColegio/backend-api-colegio/vendor/laravel/framework/src/Illuminate/Pipeline/Pipeline.php(167): Illuminate\\Foundation\\Http\\Middleware\\PreventRequestsDuringMaintenance->handle(Object(Illuminate\\Http\\Request), Object(Closure))
#36 /Applications/MAMP/htdocs/proyectos/aplicaciones web/Angular/pagosColegio/backend-api-colegio/vendor/fruitcake/laravel-cors/src/HandleCors.php(52): Illuminate\\Pipeline\\Pipeline->{closure:{closure:Illuminate\\Pipeline\\Pipeline::carry():142}:143}(Object(Illuminate\\Http\\Request))
#37 /Applications/MAMP/htdocs/proyectos/aplicaciones web/Angular/pagosColegio/backend-api-colegio/vendor/laravel/framework/src/Illuminate/Pipeline/Pipeline.php(167): Fruitcake\\Cors\\HandleCors->handle(Object(Illuminate\\Http\\Request), Object(Closure))
#38 /Applications/MAMP/htdocs/proyectos/aplicaciones web/Angular/pagosColegio/backend-api-colegio/vendor/laravel/framework/src/Illuminate/Http/Middleware/TrustProxies.php(39): Illuminate\\Pipeline\\Pipeline->{closure:{closure:Illuminate\\Pipeline\\Pipeline::carry():142}:143}(Object(Illuminate\\Http\\Request))
#39 /Applications/MAMP/htdocs/proyectos/aplicaciones web/Angular/pagosColegio/backend-api-colegio/vendor/laravel/framework/src/Illuminate/Pipeline/Pipeline.php(167): Illuminate\\Http\\Middleware\\TrustProxies->handle(Object(Illuminate\\Http\\Request), Object(Closure))
#40 /Applications/MAMP/htdocs/proyectos/aplicaciones web/Angular/pagosColegio/backend-api-colegio/vendor/laravel/framework/src/Illuminate/Pipeline/Pipeline.php(103): Illuminate\\Pipeline\\Pipeline->{closure:{closure:Illuminate\\Pipeline\\Pipeline::carry():142}:143}(Object(Illuminate\\Http\\Request))
#41 /Applications/MAMP/htdocs/proyectos/aplicaciones web/Angular/pagosColegio/backend-api-colegio/vendor/laravel/framework/src/Illuminate/Foundation/Http/Kernel.php(142): Illuminate\\Pipeline\\Pipeline->then(Object(Closure))
#42 /Applications/MAMP/htdocs/proyectos/aplicaciones web/Angular/pagosColegio/backend-api-colegio/vendor/laravel/framework/src/Illuminate/Foundation/Http/Kernel.php(111): Illuminate\\Foundation\\Http\\Kernel->sendRequestThroughRouter(Object(Illuminate\\Http\\Request))
#43 /Applications/MAMP/htdocs/proyectos/aplicaciones web/Angular/pagosColegio/backend-api-colegio/public/index.php(51): Illuminate\\Foundation\\Http\\Kernel->handle(Object(Illuminate\\Http\\Request))
#44 /Applications/MAMP/htdocs/proyectos/aplicaciones web/Angular/pagosColegio/backend-api-colegio/server.php(21): require_once('/Applications/M...')
#45 {main}
"} 
[2025-06-04 01:40:28] local.ERROR: Call to undefined relationship [maestro] on model [App\Models\Examen]. {"exception":"[object] (Illuminate\\Database\\Eloquent\\RelationNotFoundException(code: 0): Call to undefined relationship [maestro] on model [App\\Models\\Examen]. at /Applications/MAMP/htdocs/proyectos/aplicaciones web/Angular/pagosColegio/backend-api-colegio/vendor/laravel/framework/src/Illuminate/Database/Eloquent/RelationNotFoundException.php:35)
[stacktrace]
#0 /Applications/MAMP/htdocs/proyectos/aplicaciones web/Angular/pagosColegio/backend-api-colegio/vendor/laravel/framework/src/Illuminate/Database/Eloquent/Builder.php(692): Illuminate\\Database\\Eloquent\\RelationNotFoundException::make(Object(App\\Models\\Examen), 'maestro')
#1 /Applications/MAMP/htdocs/proyectos/aplicaciones web/Angular/pagosColegio/backend-api-colegio/vendor/laravel/framework/src/Illuminate/Database/Eloquent/Relations/Relation.php(106): Illuminate\\Database\\Eloquent\\Builder->{closure:Illuminate\\Database\\Eloquent\\Builder::getRelation():688}()
#2 /Applications/MAMP/htdocs/proyectos/aplicaciones web/Angular/pagosColegio/backend-api-colegio/vendor/laravel/framework/src/Illuminate/Database/Eloquent/Builder.php(688): Illuminate\\Database\\Eloquent\\Relations\\Relation::noConstraints(Object(Closure))
#3 /Applications/MAMP/htdocs/proyectos/aplicaciones web/Angular/pagosColegio/backend-api-colegio/vendor/laravel/framework/src/Illuminate/Database/Eloquent/Builder.php(662): Illuminate\\Database\\Eloquent\\Builder->getRelation('maestro')
#4 /Applications/MAMP/htdocs/proyectos/aplicaciones web/Angular/pagosColegio/backend-api-colegio/vendor/laravel/framework/src/Illuminate/Database/Eloquent/Builder.php(642): Illuminate\\Database\\Eloquent\\Builder->eagerLoadRelation(Array, 'maestro', Object(Closure))
#5 /Applications/MAMP/htdocs/proyectos/aplicaciones web/Angular/pagosColegio/backend-api-colegio/vendor/laravel/framework/src/Illuminate/Database/Eloquent/Builder.php(610): Illuminate\\Database\\Eloquent\\Builder->eagerLoadRelations(Array)
#6 /Applications/MAMP/htdocs/proyectos/aplicaciones web/Angular/pagosColegio/backend-api-colegio/app/Http/Controllers/ExamenController.php(81): Illuminate\\Database\\Eloquent\\Builder->get()
#7 /Applications/MAMP/htdocs/proyectos/aplicaciones web/Angular/pagosColegio/backend-api-colegio/vendor/laravel/framework/src/Illuminate/Routing/Controller.php(54): App\\Http\\Controllers\\ExamenController->showstudent('33')
#8 /Applications/MAMP/htdocs/proyectos/aplicaciones web/Angular/pagosColegio/backend-api-colegio/vendor/laravel/framework/src/Illuminate/Routing/ControllerDispatcher.php(45): Illuminate\\Routing\\Controller->callAction('showstudent', Array)
#9 /Applications/MAMP/htdocs/proyectos/aplicaciones web/Angular/pagosColegio/backend-api-colegio/vendor/laravel/framework/src/Illuminate/Routing/Route.php(261): Illuminate\\Routing\\ControllerDispatcher->dispatch(Object(Illuminate\\Routing\\Route), Object(App\\Http\\Controllers\\ExamenController), 'showstudent')
#10 /Applications/MAMP/htdocs/proyectos/aplicaciones web/Angular/pagosColegio/backend-api-colegio/vendor/laravel/framework/src/Illuminate/Routing/Route.php(205): Illuminate\\Routing\\Route->runController()
#11 /Applications/MAMP/htdocs/proyectos/aplicaciones web/Angular/pagosColegio/backend-api-colegio/vendor/laravel/framework/src/Illuminate/Routing/Router.php(721): Illuminate\\Routing\\Route->run()
#12 /Applications/MAMP/htdocs/proyectos/aplicaciones web/Angular/pagosColegio/backend-api-colegio/vendor/laravel/framework/src/Illuminate/Pipeline/Pipeline.php(128): Illuminate\\Routing\\Router->{closure:Illuminate\\Routing\\Router::runRouteWithinStack():719}(Object(Illuminate\\Http\\Request))
#13 /Applications/MAMP/htdocs/proyectos/aplicaciones web/Angular/pagosColegio/backend-api-colegio/vendor/laravel/framework/src/Illuminate/Routing/Middleware/SubstituteBindings.php(50): Illuminate\\Pipeline\\Pipeline->{closure:Illuminate\\Pipeline\\Pipeline::prepareDestination():126}(Object(Illuminate\\Http\\Request))
#14 /Applications/MAMP/htdocs/proyectos/aplicaciones web/Angular/pagosColegio/backend-api-colegio/vendor/laravel/framework/src/Illuminate/Pipeline/Pipeline.php(167): Illuminate\\Routing\\Middleware\\SubstituteBindings->handle(Object(Illuminate\\Http\\Request), Object(Closure))
#15 /Applications/MAMP/htdocs/proyectos/aplicaciones web/Angular/pagosColegio/backend-api-colegio/vendor/laravel/framework/src/Illuminate/Routing/Middleware/ThrottleRequests.php(127): Illuminate\\Pipeline\\Pipeline->{closure:{closure:Illuminate\\Pipeline\\Pipeline::carry():142}:143}(Object(Illuminate\\Http\\Request))
#16 /Applications/MAMP/htdocs/proyectos/aplicaciones web/Angular/pagosColegio/backend-api-colegio/vendor/laravel/framework/src/Illuminate/Routing/Middleware/ThrottleRequests.php(93): Illuminate\\Routing\\Middleware\\ThrottleRequests->handleRequest(Object(Illuminate\\Http\\Request), Object(Closure), Array)
#17 /Applications/MAMP/htdocs/proyectos/aplicaciones web/Angular/pagosColegio/backend-api-colegio/vendor/laravel/framework/src/Illuminate/Routing/Middleware/ThrottleRequests.php(55): Illuminate\\Routing\\Middleware\\ThrottleRequests->handleRequestUsingNamedLimiter(Object(Illuminate\\Http\\Request), Object(Closure), 'api', Object(Closure))
#18 /Applications/MAMP/htdocs/proyectos/aplicaciones web/Angular/pagosColegio/backend-api-colegio/vendor/laravel/framework/src/Illuminate/Pipeline/Pipeline.php(167): Illuminate\\Routing\\Middleware\\ThrottleRequests->handle(Object(Illuminate\\Http\\Request), Object(Closure), 'api')
#19 /Applications/MAMP/htdocs/proyectos/aplicaciones web/Angular/pagosColegio/backend-api-colegio/vendor/laravel/framework/src/Illuminate/Pipeline/Pipeline.php(103): Illuminate\\Pipeline\\Pipeline->{closure:{closure:Illuminate\\Pipeline\\Pipeline::carry():142}:143}(Object(Illuminate\\Http\\Request))
#20 /Applications/MAMP/htdocs/proyectos/aplicaciones web/Angular/pagosColegio/backend-api-colegio/vendor/laravel/framework/src/Illuminate/Routing/Router.php(719): Illuminate\\Pipeline\\Pipeline->then(Object(Closure))
#21 /Applications/MAMP/htdocs/proyectos/aplicaciones web/Angular/pagosColegio/backend-api-colegio/vendor/laravel/framework/src/Illuminate/Routing/Router.php(698): Illuminate\\Routing\\Router->runRouteWithinStack(Object(Illuminate\\Routing\\Route), Object(Illuminate\\Http\\Request))
#22 /Applications/MAMP/htdocs/proyectos/aplicaciones web/Angular/pagosColegio/backend-api-colegio/vendor/laravel/framework/src/Illuminate/Routing/Router.php(662): Illuminate\\Routing\\Router->runRoute(Object(Illuminate\\Http\\Request), Object(Illuminate\\Routing\\Route))
#23 /Applications/MAMP/htdocs/proyectos/aplicaciones web/Angular/pagosColegio/backend-api-colegio/vendor/laravel/framework/src/Illuminate/Routing/Router.php(651): Illuminate\\Routing\\Router->dispatchToRoute(Object(Illuminate\\Http\\Request))
#24 /Applications/MAMP/htdocs/proyectos/aplicaciones web/Angular/pagosColegio/backend-api-colegio/vendor/laravel/framework/src/Illuminate/Foundation/Http/Kernel.php(167): Illuminate\\Routing\\Router->dispatch(Object(Illuminate\\Http\\Request))
#25 /Applications/MAMP/htdocs/proyectos/aplicaciones web/Angular/pagosColegio/backend-api-colegio/vendor/laravel/framework/src/Illuminate/Pipeline/Pipeline.php(128): Illuminate\\Foundation\\Http\\Kernel->{closure:Illuminate\\Foundation\\Http\\Kernel::dispatchToRouter():164}(Object(Illuminate\\Http\\Request))
#26 /Applications/MAMP/htdocs/proyectos/aplicaciones web/Angular/pagosColegio/backend-api-colegio/vendor/laravel/framework/src/Illuminate/Foundation/Http/Middleware/TransformsRequest.php(21): Illuminate\\Pipeline\\Pipeline->{closure:Illuminate\\Pipeline\\Pipeline::prepareDestination():126}(Object(Illuminate\\Http\\Request))
#27 /Applications/MAMP/htdocs/proyectos/aplicaciones web/Angular/pagosColegio/backend-api-colegio/vendor/laravel/framework/src/Illuminate/Foundation/Http/Middleware/ConvertEmptyStringsToNull.php(31): Illuminate\\Foundation\\Http\\Middleware\\TransformsRequest->handle(Object(Illuminate\\Http\\Request), Object(Closure))
#28 /Applications/MAMP/htdocs/proyectos/aplicaciones web/Angular/pagosColegio/backend-api-colegio/vendor/laravel/framework/src/Illuminate/Pipeline/Pipeline.php(167): Illuminate\\Foundation\\Http\\Middleware\\ConvertEmptyStringsToNull->handle(Object(Illuminate\\Http\\Request), Object(Closure))
#29 /Applications/MAMP/htdocs/proyectos/aplicaciones web/Angular/pagosColegio/backend-api-colegio/vendor/laravel/framework/src/Illuminate/Foundation/Http/Middleware/TransformsRequest.php(21): Illuminate\\Pipeline\\Pipeline->{closure:{closure:Illuminate\\Pipeline\\Pipeline::carry():142}:143}(Object(Illuminate\\Http\\Request))
#30 /Applications/MAMP/htdocs/proyectos/aplicaciones web/Angular/pagosColegio/backend-api-colegio/vendor/laravel/framework/src/Illuminate/Foundation/Http/Middleware/TrimStrings.php(40): Illuminate\\Foundation\\Http\\Middleware\\TransformsRequest->handle(Object(Illuminate\\Http\\Request), Object(Closure))
#31 /Applications/MAMP/htdocs/proyectos/aplicaciones web/Angular/pagosColegio/backend-api-colegio/vendor/laravel/framework/src/Illuminate/Pipeline/Pipeline.php(167): Illuminate\\Foundation\\Http\\Middleware\\TrimStrings->handle(Object(Illuminate\\Http\\Request), Object(Closure))
#32 /Applications/MAMP/htdocs/proyectos/aplicaciones web/Angular/pagosColegio/backend-api-colegio/vendor/laravel/framework/src/Illuminate/Foundation/Http/Middleware/ValidatePostSize.php(27): Illuminate\\Pipeline\\Pipeline->{closure:{closure:Illuminate\\Pipeline\\Pipeline::carry():142}:143}(Object(Illuminate\\Http\\Request))
#33 /Applications/MAMP/htdocs/proyectos/aplicaciones web/Angular/pagosColegio/backend-api-colegio/vendor/laravel/framework/src/Illuminate/Pipeline/Pipeline.php(167): Illuminate\\Foundation\\Http\\Middleware\\ValidatePostSize->handle(Object(Illuminate\\Http\\Request), Object(Closure))
#34 /Applications/MAMP/htdocs/proyectos/aplicaciones web/Angular/pagosColegio/backend-api-colegio/vendor/laravel/framework/src/Illuminate/Foundation/Http/Middleware/PreventRequestsDuringMaintenance.php(86): Illuminate\\Pipeline\\Pipeline->{closure:{closure:Illuminate\\Pipeline\\Pipeline::carry():142}:143}(Object(Illuminate\\Http\\Request))
#35 /Applications/MAMP/htdocs/proyectos/aplicaciones web/Angular/pagosColegio/backend-api-colegio/vendor/laravel/framework/src/Illuminate/Pipeline/Pipeline.php(167): Illuminate\\Foundation\\Http\\Middleware\\PreventRequestsDuringMaintenance->handle(Object(Illuminate\\Http\\Request), Object(Closure))
#36 /Applications/MAMP/htdocs/proyectos/aplicaciones web/Angular/pagosColegio/backend-api-colegio/vendor/fruitcake/laravel-cors/src/HandleCors.php(52): Illuminate\\Pipeline\\Pipeline->{closure:{closure:Illuminate\\Pipeline\\Pipeline::carry():142}:143}(Object(Illuminate\\Http\\Request))
#37 /Applications/MAMP/htdocs/proyectos/aplicaciones web/Angular/pagosColegio/backend-api-colegio/vendor/laravel/framework/src/Illuminate/Pipeline/Pipeline.php(167): Fruitcake\\Cors\\HandleCors->handle(Object(Illuminate\\Http\\Request), Object(Closure))
#38 /Applications/MAMP/htdocs/proyectos/aplicaciones web/Angular/pagosColegio/backend-api-colegio/vendor/laravel/framework/src/Illuminate/Http/Middleware/TrustProxies.php(39): Illuminate\\Pipeline\\Pipeline->{closure:{closure:Illuminate\\Pipeline\\Pipeline::carry():142}:143}(Object(Illuminate\\Http\\Request))
#39 /Applications/MAMP/htdocs/proyectos/aplicaciones web/Angular/pagosColegio/backend-api-colegio/vendor/laravel/framework/src/Illuminate/Pipeline/Pipeline.php(167): Illuminate\\Http\\Middleware\\TrustProxies->handle(Object(Illuminate\\Http\\Request), Object(Closure))
#40 /Applications/MAMP/htdocs/proyectos/aplicaciones web/Angular/pagosColegio/backend-api-colegio/vendor/laravel/framework/src/Illuminate/Pipeline/Pipeline.php(103): Illuminate\\Pipeline\\Pipeline->{closure:{closure:Illuminate\\Pipeline\\Pipeline::carry():142}:143}(Object(Illuminate\\Http\\Request))
#41 /Applications/MAMP/htdocs/proyectos/aplicaciones web/Angular/pagosColegio/backend-api-colegio/vendor/laravel/framework/src/Illuminate/Foundation/Http/Kernel.php(142): Illuminate\\Pipeline\\Pipeline->then(Object(Closure))
#42 /Applications/MAMP/htdocs/proyectos/aplicaciones web/Angular/pagosColegio/backend-api-colegio/vendor/laravel/framework/src/Illuminate/Foundation/Http/Kernel.php(111): Illuminate\\Foundation\\Http\\Kernel->sendRequestThroughRouter(Object(Illuminate\\Http\\Request))
#43 /Applications/MAMP/htdocs/proyectos/aplicaciones web/Angular/pagosColegio/backend-api-colegio/public/index.php(51): Illuminate\\Foundation\\Http\\Kernel->handle(Object(Illuminate\\Http\\Request))
#44 /Applications/MAMP/htdocs/proyectos/aplicaciones web/Angular/pagosColegio/backend-api-colegio/server.php(21): require_once('/Applications/M...')
#45 {main}
"} 
[2025-06-04 02:20:41] local.ERROR: Call to undefined relationship [user] on model [App\Models\Examen]. {"exception":"[object] (Illuminate\\Database\\Eloquent\\RelationNotFoundException(code: 0): Call to undefined relationship [user] on model [App\\Models\\Examen]. at /Applications/MAMP/htdocs/proyectos/aplicaciones web/Angular/pagosColegio/backend-api-colegio/vendor/laravel/framework/src/Illuminate/Database/Eloquent/RelationNotFoundException.php:35)
[stacktrace]
#0 /Applications/MAMP/htdocs/proyectos/aplicaciones web/Angular/pagosColegio/backend-api-colegio/vendor/laravel/framework/src/Illuminate/Database/Eloquent/Builder.php(692): Illuminate\\Database\\Eloquent\\RelationNotFoundException::make(Object(App\\Models\\Examen), 'user')
#1 /Applications/MAMP/htdocs/proyectos/aplicaciones web/Angular/pagosColegio/backend-api-colegio/vendor/laravel/framework/src/Illuminate/Database/Eloquent/Relations/Relation.php(106): Illuminate\\Database\\Eloquent\\Builder->{closure:Illuminate\\Database\\Eloquent\\Builder::getRelation():688}()
#2 /Applications/MAMP/htdocs/proyectos/aplicaciones web/Angular/pagosColegio/backend-api-colegio/vendor/laravel/framework/src/Illuminate/Database/Eloquent/Builder.php(688): Illuminate\\Database\\Eloquent\\Relations\\Relation::noConstraints(Object(Closure))
#3 /Applications/MAMP/htdocs/proyectos/aplicaciones web/Angular/pagosColegio/backend-api-colegio/vendor/laravel/framework/src/Illuminate/Database/Eloquent/Builder.php(662): Illuminate\\Database\\Eloquent\\Builder->getRelation('user')
#4 /Applications/MAMP/htdocs/proyectos/aplicaciones web/Angular/pagosColegio/backend-api-colegio/vendor/laravel/framework/src/Illuminate/Database/Eloquent/Builder.php(642): Illuminate\\Database\\Eloquent\\Builder->eagerLoadRelation(Array, 'user', Object(Closure))
#5 /Applications/MAMP/htdocs/proyectos/aplicaciones web/Angular/pagosColegio/backend-api-colegio/vendor/laravel/framework/src/Illuminate/Database/Eloquent/Builder.php(610): Illuminate\\Database\\Eloquent\\Builder->eagerLoadRelations(Array)
#6 /Applications/MAMP/htdocs/proyectos/aplicaciones web/Angular/pagosColegio/backend-api-colegio/vendor/laravel/framework/src/Illuminate/Database/Concerns/BuildsQueries.php(294): Illuminate\\Database\\Eloquent\\Builder->get(Array)
#7 /Applications/MAMP/htdocs/proyectos/aplicaciones web/Angular/pagosColegio/backend-api-colegio/vendor/laravel/framework/src/Illuminate/Database/Eloquent/Builder.php(400): Illuminate\\Database\\Eloquent\\Builder->first(Array)
#8 /Applications/MAMP/htdocs/proyectos/aplicaciones web/Angular/pagosColegio/backend-api-colegio/app/Http/Controllers/ExamenController.php(19): Illuminate\\Database\\Eloquent\\Builder->find('1')
#9 /Applications/MAMP/htdocs/proyectos/aplicaciones web/Angular/pagosColegio/backend-api-colegio/vendor/laravel/framework/src/Illuminate/Routing/Controller.php(54): App\\Http\\Controllers\\ExamenController->show('1')
#10 /Applications/MAMP/htdocs/proyectos/aplicaciones web/Angular/pagosColegio/backend-api-colegio/vendor/laravel/framework/src/Illuminate/Routing/ControllerDispatcher.php(45): Illuminate\\Routing\\Controller->callAction('show', Array)
#11 /Applications/MAMP/htdocs/proyectos/aplicaciones web/Angular/pagosColegio/backend-api-colegio/vendor/laravel/framework/src/Illuminate/Routing/Route.php(261): Illuminate\\Routing\\ControllerDispatcher->dispatch(Object(Illuminate\\Routing\\Route), Object(App\\Http\\Controllers\\ExamenController), 'show')
#12 /Applications/MAMP/htdocs/proyectos/aplicaciones web/Angular/pagosColegio/backend-api-colegio/vendor/laravel/framework/src/Illuminate/Routing/Route.php(205): Illuminate\\Routing\\Route->runController()
#13 /Applications/MAMP/htdocs/proyectos/aplicaciones web/Angular/pagosColegio/backend-api-colegio/vendor/laravel/framework/src/Illuminate/Routing/Router.php(721): Illuminate\\Routing\\Route->run()
#14 /Applications/MAMP/htdocs/proyectos/aplicaciones web/Angular/pagosColegio/backend-api-colegio/vendor/laravel/framework/src/Illuminate/Pipeline/Pipeline.php(128): Illuminate\\Routing\\Router->{closure:Illuminate\\Routing\\Router::runRouteWithinStack():719}(Object(Illuminate\\Http\\Request))
#15 /Applications/MAMP/htdocs/proyectos/aplicaciones web/Angular/pagosColegio/backend-api-colegio/vendor/laravel/framework/src/Illuminate/Routing/Middleware/SubstituteBindings.php(50): Illuminate\\Pipeline\\Pipeline->{closure:Illuminate\\Pipeline\\Pipeline::prepareDestination():126}(Object(Illuminate\\Http\\Request))
#16 /Applications/MAMP/htdocs/proyectos/aplicaciones web/Angular/pagosColegio/backend-api-colegio/vendor/laravel/framework/src/Illuminate/Pipeline/Pipeline.php(167): Illuminate\\Routing\\Middleware\\SubstituteBindings->handle(Object(Illuminate\\Http\\Request), Object(Closure))
#17 /Applications/MAMP/htdocs/proyectos/aplicaciones web/Angular/pagosColegio/backend-api-colegio/vendor/laravel/framework/src/Illuminate/Routing/Middleware/ThrottleRequests.php(127): Illuminate\\Pipeline\\Pipeline->{closure:{closure:Illuminate\\Pipeline\\Pipeline::carry():142}:143}(Object(Illuminate\\Http\\Request))
#18 /Applications/MAMP/htdocs/proyectos/aplicaciones web/Angular/pagosColegio/backend-api-colegio/vendor/laravel/framework/src/Illuminate/Routing/Middleware/ThrottleRequests.php(93): Illuminate\\Routing\\Middleware\\ThrottleRequests->handleRequest(Object(Illuminate\\Http\\Request), Object(Closure), Array)
#19 /Applications/MAMP/htdocs/proyectos/aplicaciones web/Angular/pagosColegio/backend-api-colegio/vendor/laravel/framework/src/Illuminate/Routing/Middleware/ThrottleRequests.php(55): Illuminate\\Routing\\Middleware\\ThrottleRequests->handleRequestUsingNamedLimiter(Object(Illuminate\\Http\\Request), Object(Closure), 'api', Object(Closure))
#20 /Applications/MAMP/htdocs/proyectos/aplicaciones web/Angular/pagosColegio/backend-api-colegio/vendor/laravel/framework/src/Illuminate/Pipeline/Pipeline.php(167): Illuminate\\Routing\\Middleware\\ThrottleRequests->handle(Object(Illuminate\\Http\\Request), Object(Closure), 'api')
#21 /Applications/MAMP/htdocs/proyectos/aplicaciones web/Angular/pagosColegio/backend-api-colegio/vendor/laravel/framework/src/Illuminate/Pipeline/Pipeline.php(103): Illuminate\\Pipeline\\Pipeline->{closure:{closure:Illuminate\\Pipeline\\Pipeline::carry():142}:143}(Object(Illuminate\\Http\\Request))
#22 /Applications/MAMP/htdocs/proyectos/aplicaciones web/Angular/pagosColegio/backend-api-colegio/vendor/laravel/framework/src/Illuminate/Routing/Router.php(719): Illuminate\\Pipeline\\Pipeline->then(Object(Closure))
#23 /Applications/MAMP/htdocs/proyectos/aplicaciones web/Angular/pagosColegio/backend-api-colegio/vendor/laravel/framework/src/Illuminate/Routing/Router.php(698): Illuminate\\Routing\\Router->runRouteWithinStack(Object(Illuminate\\Routing\\Route), Object(Illuminate\\Http\\Request))
#24 /Applications/MAMP/htdocs/proyectos/aplicaciones web/Angular/pagosColegio/backend-api-colegio/vendor/laravel/framework/src/Illuminate/Routing/Router.php(662): Illuminate\\Routing\\Router->runRoute(Object(Illuminate\\Http\\Request), Object(Illuminate\\Routing\\Route))
#25 /Applications/MAMP/htdocs/proyectos/aplicaciones web/Angular/pagosColegio/backend-api-colegio/vendor/laravel/framework/src/Illuminate/Routing/Router.php(651): Illuminate\\Routing\\Router->dispatchToRoute(Object(Illuminate\\Http\\Request))
#26 /Applications/MAMP/htdocs/proyectos/aplicaciones web/Angular/pagosColegio/backend-api-colegio/vendor/laravel/framework/src/Illuminate/Foundation/Http/Kernel.php(167): Illuminate\\Routing\\Router->dispatch(Object(Illuminate\\Http\\Request))
#27 /Applications/MAMP/htdocs/proyectos/aplicaciones web/Angular/pagosColegio/backend-api-colegio/vendor/laravel/framework/src/Illuminate/Pipeline/Pipeline.php(128): Illuminate\\Foundation\\Http\\Kernel->{closure:Illuminate\\Foundation\\Http\\Kernel::dispatchToRouter():164}(Object(Illuminate\\Http\\Request))
#28 /Applications/MAMP/htdocs/proyectos/aplicaciones web/Angular/pagosColegio/backend-api-colegio/vendor/laravel/framework/src/Illuminate/Foundation/Http/Middleware/TransformsRequest.php(21): Illuminate\\Pipeline\\Pipeline->{closure:Illuminate\\Pipeline\\Pipeline::prepareDestination():126}(Object(Illuminate\\Http\\Request))
#29 /Applications/MAMP/htdocs/proyectos/aplicaciones web/Angular/pagosColegio/backend-api-colegio/vendor/laravel/framework/src/Illuminate/Foundation/Http/Middleware/ConvertEmptyStringsToNull.php(31): Illuminate\\Foundation\\Http\\Middleware\\TransformsRequest->handle(Object(Illuminate\\Http\\Request), Object(Closure))
#30 /Applications/MAMP/htdocs/proyectos/aplicaciones web/Angular/pagosColegio/backend-api-colegio/vendor/laravel/framework/src/Illuminate/Pipeline/Pipeline.php(167): Illuminate\\Foundation\\Http\\Middleware\\ConvertEmptyStringsToNull->handle(Object(Illuminate\\Http\\Request), Object(Closure))
#31 /Applications/MAMP/htdocs/proyectos/aplicaciones web/Angular/pagosColegio/backend-api-colegio/vendor/laravel/framework/src/Illuminate/Foundation/Http/Middleware/TransformsRequest.php(21): Illuminate\\Pipeline\\Pipeline->{closure:{closure:Illuminate\\Pipeline\\Pipeline::carry():142}:143}(Object(Illuminate\\Http\\Request))
#32 /Applications/MAMP/htdocs/proyectos/aplicaciones web/Angular/pagosColegio/backend-api-colegio/vendor/laravel/framework/src/Illuminate/Foundation/Http/Middleware/TrimStrings.php(40): Illuminate\\Foundation\\Http\\Middleware\\TransformsRequest->handle(Object(Illuminate\\Http\\Request), Object(Closure))
#33 /Applications/MAMP/htdocs/proyectos/aplicaciones web/Angular/pagosColegio/backend-api-colegio/vendor/laravel/framework/src/Illuminate/Pipeline/Pipeline.php(167): Illuminate\\Foundation\\Http\\Middleware\\TrimStrings->handle(Object(Illuminate\\Http\\Request), Object(Closure))
#34 /Applications/MAMP/htdocs/proyectos/aplicaciones web/Angular/pagosColegio/backend-api-colegio/vendor/laravel/framework/src/Illuminate/Foundation/Http/Middleware/ValidatePostSize.php(27): Illuminate\\Pipeline\\Pipeline->{closure:{closure:Illuminate\\Pipeline\\Pipeline::carry():142}:143}(Object(Illuminate\\Http\\Request))
#35 /Applications/MAMP/htdocs/proyectos/aplicaciones web/Angular/pagosColegio/backend-api-colegio/vendor/laravel/framework/src/Illuminate/Pipeline/Pipeline.php(167): Illuminate\\Foundation\\Http\\Middleware\\ValidatePostSize->handle(Object(Illuminate\\Http\\Request), Object(Closure))
#36 /Applications/MAMP/htdocs/proyectos/aplicaciones web/Angular/pagosColegio/backend-api-colegio/vendor/laravel/framework/src/Illuminate/Foundation/Http/Middleware/PreventRequestsDuringMaintenance.php(86): Illuminate\\Pipeline\\Pipeline->{closure:{closure:Illuminate\\Pipeline\\Pipeline::carry():142}:143}(Object(Illuminate\\Http\\Request))
#37 /Applications/MAMP/htdocs/proyectos/aplicaciones web/Angular/pagosColegio/backend-api-colegio/vendor/laravel/framework/src/Illuminate/Pipeline/Pipeline.php(167): Illuminate\\Foundation\\Http\\Middleware\\PreventRequestsDuringMaintenance->handle(Object(Illuminate\\Http\\Request), Object(Closure))
#38 /Applications/MAMP/htdocs/proyectos/aplicaciones web/Angular/pagosColegio/backend-api-colegio/vendor/fruitcake/laravel-cors/src/HandleCors.php(52): Illuminate\\Pipeline\\Pipeline->{closure:{closure:Illuminate\\Pipeline\\Pipeline::carry():142}:143}(Object(Illuminate\\Http\\Request))
#39 /Applications/MAMP/htdocs/proyectos/aplicaciones web/Angular/pagosColegio/backend-api-colegio/vendor/laravel/framework/src/Illuminate/Pipeline/Pipeline.php(167): Fruitcake\\Cors\\HandleCors->handle(Object(Illuminate\\Http\\Request), Object(Closure))
#40 /Applications/MAMP/htdocs/proyectos/aplicaciones web/Angular/pagosColegio/backend-api-colegio/vendor/laravel/framework/src/Illuminate/Http/Middleware/TrustProxies.php(39): Illuminate\\Pipeline\\Pipeline->{closure:{closure:Illuminate\\Pipeline\\Pipeline::carry():142}:143}(Object(Illuminate\\Http\\Request))
#41 /Applications/MAMP/htdocs/proyectos/aplicaciones web/Angular/pagosColegio/backend-api-colegio/vendor/laravel/framework/src/Illuminate/Pipeline/Pipeline.php(167): Illuminate\\Http\\Middleware\\TrustProxies->handle(Object(Illuminate\\Http\\Request), Object(Closure))
#42 /Applications/MAMP/htdocs/proyectos/aplicaciones web/Angular/pagosColegio/backend-api-colegio/vendor/laravel/framework/src/Illuminate/Pipeline/Pipeline.php(103): Illuminate\\Pipeline\\Pipeline->{closure:{closure:Illuminate\\Pipeline\\Pipeline::carry():142}:143}(Object(Illuminate\\Http\\Request))
#43 /Applications/MAMP/htdocs/proyectos/aplicaciones web/Angular/pagosColegio/backend-api-colegio/vendor/laravel/framework/src/Illuminate/Foundation/Http/Kernel.php(142): Illuminate\\Pipeline\\Pipeline->then(Object(Closure))
#44 /Applications/MAMP/htdocs/proyectos/aplicaciones web/Angular/pagosColegio/backend-api-colegio/vendor/laravel/framework/src/Illuminate/Foundation/Http/Kernel.php(111): Illuminate\\Foundation\\Http\\Kernel->sendRequestThroughRouter(Object(Illuminate\\Http\\Request))
#45 /Applications/MAMP/htdocs/proyectos/aplicaciones web/Angular/pagosColegio/backend-api-colegio/public/index.php(51): Illuminate\\Foundation\\Http\\Kernel->handle(Object(Illuminate\\Http\\Request))
#46 /Applications/MAMP/htdocs/proyectos/aplicaciones web/Angular/pagosColegio/backend-api-colegio/server.php(21): require_once('/Applications/M...')
#47 {main}
"} 
[2025-06-04 16:23:55] local.ERROR: Uncaught ReflectionException: Class "Spatie\Permission\Middlewares\RoleMiddleware" does not exist in Command line code:1
Stack trace:
#0 Command line code(1): ReflectionMethod->__construct('Spatie\\Permissi...', 'handle')
#1 {main}
  thrown {"exception":"[object] (Symfony\\Component\\ErrorHandler\\Error\\FatalError(code: 0): Uncaught ReflectionException: Class \"Spatie\\Permission\\Middlewares\\RoleMiddleware\" does not exist in Command line code:1
Stack trace:
#0 Command line code(1): ReflectionMethod->__construct('Spatie\\\\Permissi...', 'handle')
#1 {main}
  thrown at Command line code:1)
[stacktrace]
#0 {main}
"} 
