[2025-06-05 14:48:50] local.ERROR: SQLSTATE[HY000]: General error: 1215 Cannot add foreign key constraint (SQL: alter table `blogs` add constraint `blogs_category_id_foreign` foreign key (`category_id`) references `categories` (`id`) on delete cascade) {"exception":"[object] (Illuminate\\Database\\QueryException(code: HY000): SQLSTATE[HY000]: General error: 1215 Cannot add foreign key constraint (SQL: alter table `blogs` add constraint `blogs_category_id_foreign` foreign key (`category_id`) references `categories` (`id`) on delete cascade) at /Applications/MAMP/htdocs/proyectos/aplicaciones web/Angular/pagosColegio/backend-api-colegio/vendor/laravel/framework/src/Illuminate/Database/Connection.php:712)
[stacktrace]
#0 /Applications/MAMP/htdocs/proyectos/aplicaciones web/Angular/pagosColegio/backend-api-colegio/vendor/laravel/framework/src/Illuminate/Database/Connection.php(672): Illuminate\\Database\\Connection->runQueryCallback('alter table `bl...', Array, Object(Closure))
#1 /Applications/MAMP/htdocs/proyectos/aplicaciones web/Angular/pagosColegio/backend-api-colegio/vendor/laravel/framework/src/Illuminate/Database/Connection.php(490): Illuminate\\Database\\Connection->run('alter table `bl...', Array, Object(Closure))
#2 /Applications/MAMP/htdocs/proyectos/aplicaciones web/Angular/pagosColegio/backend-api-colegio/vendor/laravel/framework/src/Illuminate/Database/Schema/Blueprint.php(109): Illuminate\\Database\\Connection->statement('alter table `bl...')
#3 /Applications/MAMP/htdocs/proyectos/aplicaciones web/Angular/pagosColegio/backend-api-colegio/vendor/laravel/framework/src/Illuminate/Database/Schema/Builder.php(364): Illuminate\\Database\\Schema\\Blueprint->build(Object(Illuminate\\Database\\MySqlConnection), Object(Illuminate\\Database\\Schema\\Grammars\\MySqlGrammar))
#4 /Applications/MAMP/htdocs/proyectos/aplicaciones web/Angular/pagosColegio/backend-api-colegio/vendor/laravel/framework/src/Illuminate/Database/Schema/Builder.php(223): Illuminate\\Database\\Schema\\Builder->build(Object(Illuminate\\Database\\Schema\\Blueprint))
#5 /Applications/MAMP/htdocs/proyectos/aplicaciones web/Angular/pagosColegio/backend-api-colegio/vendor/laravel/framework/src/Illuminate/Support/Facades/Facade.php(261): Illuminate\\Database\\Schema\\Builder->create('blogs', Object(Closure))
#6 /Applications/MAMP/htdocs/proyectos/aplicaciones web/Angular/pagosColegio/backend-api-colegio/database/migrations/2025_06_05_143258_create_blogs_table.php(16): Illuminate\\Support\\Facades\\Facade::__callStatic('create', Array)
#7 /Applications/MAMP/htdocs/proyectos/aplicaciones web/Angular/pagosColegio/backend-api-colegio/vendor/laravel/framework/src/Illuminate/Database/Migrations/Migrator.php(472): CreateBlogsTable->up()
#8 /Applications/MAMP/htdocs/proyectos/aplicaciones web/Angular/pagosColegio/backend-api-colegio/vendor/laravel/framework/src/Illuminate/Database/Migrations/Migrator.php(394): Illuminate\\Database\\Migrations\\Migrator->runMethod(Object(Illuminate\\Database\\MySqlConnection), Object(CreateBlogsTable), 'up')
#9 /Applications/MAMP/htdocs/proyectos/aplicaciones web/Angular/pagosColegio/backend-api-colegio/vendor/laravel/framework/src/Illuminate/Database/Migrations/Migrator.php(403): Illuminate\\Database\\Migrations\\Migrator->{closure:Illuminate\\Database\\Migrations\\Migrator::runMigration():390}()
#10 /Applications/MAMP/htdocs/proyectos/aplicaciones web/Angular/pagosColegio/backend-api-colegio/vendor/laravel/framework/src/Illuminate/Database/Migrations/Migrator.php(202): Illuminate\\Database\\Migrations\\Migrator->runMigration(Object(CreateBlogsTable), 'up')
#11 /Applications/MAMP/htdocs/proyectos/aplicaciones web/Angular/pagosColegio/backend-api-colegio/vendor/laravel/framework/src/Illuminate/Database/Migrations/Migrator.php(167): Illuminate\\Database\\Migrations\\Migrator->runUp('/Applications/M...', 1, false)
#12 /Applications/MAMP/htdocs/proyectos/aplicaciones web/Angular/pagosColegio/backend-api-colegio/vendor/laravel/framework/src/Illuminate/Database/Migrations/Migrator.php(112): Illuminate\\Database\\Migrations\\Migrator->runPending(Array, Array)
#13 /Applications/MAMP/htdocs/proyectos/aplicaciones web/Angular/pagosColegio/backend-api-colegio/vendor/laravel/framework/src/Illuminate/Database/Console/Migrations/MigrateCommand.php(84): Illuminate\\Database\\Migrations\\Migrator->run(Array, Array)
#14 /Applications/MAMP/htdocs/proyectos/aplicaciones web/Angular/pagosColegio/backend-api-colegio/vendor/laravel/framework/src/Illuminate/Database/Migrations/Migrator.php(606): Illuminate\\Database\\Console\\Migrations\\MigrateCommand->{closure:Illuminate\\Database\\Console\\Migrations\\MigrateCommand::handle():77}()
#15 /Applications/MAMP/htdocs/proyectos/aplicaciones web/Angular/pagosColegio/backend-api-colegio/vendor/laravel/framework/src/Illuminate/Database/Console/Migrations/MigrateCommand.php(77): Illuminate\\Database\\Migrations\\Migrator->usingConnection(NULL, Object(Closure))
#16 /Applications/MAMP/htdocs/proyectos/aplicaciones web/Angular/pagosColegio/backend-api-colegio/vendor/laravel/framework/src/Illuminate/Container/BoundMethod.php(36): Illuminate\\Database\\Console\\Migrations\\MigrateCommand->handle()
#17 /Applications/MAMP/htdocs/proyectos/aplicaciones web/Angular/pagosColegio/backend-api-colegio/vendor/laravel/framework/src/Illuminate/Container/Util.php(40): Illuminate\\Container\\BoundMethod::{closure:Illuminate\\Container\\BoundMethod::call():35}()
#18 /Applications/MAMP/htdocs/proyectos/aplicaciones web/Angular/pagosColegio/backend-api-colegio/vendor/laravel/framework/src/Illuminate/Container/BoundMethod.php(93): Illuminate\\Container\\Util::unwrapIfClosure(Object(Closure))
#19 /Applications/MAMP/htdocs/proyectos/aplicaciones web/Angular/pagosColegio/backend-api-colegio/vendor/laravel/framework/src/Illuminate/Container/BoundMethod.php(35): Illuminate\\Container\\BoundMethod::callBoundMethod(Object(Illuminate\\Foundation\\Application), Array, Object(Closure))
#20 /Applications/MAMP/htdocs/proyectos/aplicaciones web/Angular/pagosColegio/backend-api-colegio/vendor/laravel/framework/src/Illuminate/Container/Container.php(653): Illuminate\\Container\\BoundMethod::call(Object(Illuminate\\Foundation\\Application), Array, Array, NULL)
#21 /Applications/MAMP/htdocs/proyectos/aplicaciones web/Angular/pagosColegio/backend-api-colegio/vendor/laravel/framework/src/Illuminate/Console/Command.php(136): Illuminate\\Container\\Container->call(Array)
#22 /Applications/MAMP/htdocs/proyectos/aplicaciones web/Angular/pagosColegio/backend-api-colegio/vendor/symfony/console/Command/Command.php(298): Illuminate\\Console\\Command->execute(Object(Symfony\\Component\\Console\\Input\\ArrayInput), Object(Illuminate\\Console\\OutputStyle))
#23 /Applications/MAMP/htdocs/proyectos/aplicaciones web/Angular/pagosColegio/backend-api-colegio/vendor/laravel/framework/src/Illuminate/Console/Command.php(120): Symfony\\Component\\Console\\Command\\Command->run(Object(Symfony\\Component\\Console\\Input\\ArrayInput), Object(Illuminate\\Console\\OutputStyle))
#24 /Applications/MAMP/htdocs/proyectos/aplicaciones web/Angular/pagosColegio/backend-api-colegio/vendor/laravel/framework/src/Illuminate/Console/Concerns/CallsCommands.php(67): Illuminate\\Console\\Command->run(Object(Symfony\\Component\\Console\\Input\\ArrayInput), Object(Illuminate\\Console\\OutputStyle))
#25 /Applications/MAMP/htdocs/proyectos/aplicaciones web/Angular/pagosColegio/backend-api-colegio/vendor/laravel/framework/src/Illuminate/Console/Concerns/CallsCommands.php(28): Illuminate\\Console\\Command->runCommand('migrate', Array, Object(Illuminate\\Console\\OutputStyle))
#26 /Applications/MAMP/htdocs/proyectos/aplicaciones web/Angular/pagosColegio/backend-api-colegio/vendor/laravel/framework/src/Illuminate/Database/Console/Migrations/RefreshCommand.php(61): Illuminate\\Console\\Command->call('migrate', Array)
#27 /Applications/MAMP/htdocs/proyectos/aplicaciones web/Angular/pagosColegio/backend-api-colegio/vendor/laravel/framework/src/Illuminate/Container/BoundMethod.php(36): Illuminate\\Database\\Console\\Migrations\\RefreshCommand->handle()
#28 /Applications/MAMP/htdocs/proyectos/aplicaciones web/Angular/pagosColegio/backend-api-colegio/vendor/laravel/framework/src/Illuminate/Container/Util.php(40): Illuminate\\Container\\BoundMethod::{closure:Illuminate\\Container\\BoundMethod::call():35}()
#29 /Applications/MAMP/htdocs/proyectos/aplicaciones web/Angular/pagosColegio/backend-api-colegio/vendor/laravel/framework/src/Illuminate/Container/BoundMethod.php(93): Illuminate\\Container\\Util::unwrapIfClosure(Object(Closure))
#30 /Applications/MAMP/htdocs/proyectos/aplicaciones web/Angular/pagosColegio/backend-api-colegio/vendor/laravel/framework/src/Illuminate/Container/BoundMethod.php(35): Illuminate\\Container\\BoundMethod::callBoundMethod(Object(Illuminate\\Foundation\\Application), Array, Object(Closure))
#31 /Applications/MAMP/htdocs/proyectos/aplicaciones web/Angular/pagosColegio/backend-api-colegio/vendor/laravel/framework/src/Illuminate/Container/Container.php(653): Illuminate\\Container\\BoundMethod::call(Object(Illuminate\\Foundation\\Application), Array, Array, NULL)
#32 /Applications/MAMP/htdocs/proyectos/aplicaciones web/Angular/pagosColegio/backend-api-colegio/vendor/laravel/framework/src/Illuminate/Console/Command.php(136): Illuminate\\Container\\Container->call(Array)
#33 /Applications/MAMP/htdocs/proyectos/aplicaciones web/Angular/pagosColegio/backend-api-colegio/vendor/symfony/console/Command/Command.php(298): Illuminate\\Console\\Command->execute(Object(Symfony\\Component\\Console\\Input\\ArgvInput), Object(Illuminate\\Console\\OutputStyle))
#34 /Applications/MAMP/htdocs/proyectos/aplicaciones web/Angular/pagosColegio/backend-api-colegio/vendor/laravel/framework/src/Illuminate/Console/Command.php(120): Symfony\\Component\\Console\\Command\\Command->run(Object(Symfony\\Component\\Console\\Input\\ArgvInput), Object(Illuminate\\Console\\OutputStyle))
#35 /Applications/MAMP/htdocs/proyectos/aplicaciones web/Angular/pagosColegio/backend-api-colegio/vendor/symfony/console/Application.php(1040): Illuminate\\Console\\Command->run(Object(Symfony\\Component\\Console\\Input\\ArgvInput), Object(Symfony\\Component\\Console\\Output\\ConsoleOutput))
#36 /Applications/MAMP/htdocs/proyectos/aplicaciones web/Angular/pagosColegio/backend-api-colegio/vendor/symfony/console/Application.php(301): Symfony\\Component\\Console\\Application->doRunCommand(Object(Illuminate\\Database\\Console\\Migrations\\RefreshCommand), Object(Symfony\\Component\\Console\\Input\\ArgvInput), Object(Symfony\\Component\\Console\\Output\\ConsoleOutput))
#37 /Applications/MAMP/htdocs/proyectos/aplicaciones web/Angular/pagosColegio/backend-api-colegio/vendor/symfony/console/Application.php(171): Symfony\\Component\\Console\\Application->doRun(Object(Symfony\\Component\\Console\\Input\\ArgvInput), Object(Symfony\\Component\\Console\\Output\\ConsoleOutput))
#38 /Applications/MAMP/htdocs/proyectos/aplicaciones web/Angular/pagosColegio/backend-api-colegio/vendor/laravel/framework/src/Illuminate/Console/Application.php(94): Symfony\\Component\\Console\\Application->run(Object(Symfony\\Component\\Console\\Input\\ArgvInput), Object(Symfony\\Component\\Console\\Output\\ConsoleOutput))
#39 /Applications/MAMP/htdocs/proyectos/aplicaciones web/Angular/pagosColegio/backend-api-colegio/vendor/laravel/framework/src/Illuminate/Foundation/Console/Kernel.php(129): Illuminate\\Console\\Application->run(Object(Symfony\\Component\\Console\\Input\\ArgvInput), Object(Symfony\\Component\\Console\\Output\\ConsoleOutput))
#40 /Applications/MAMP/htdocs/proyectos/aplicaciones web/Angular/pagosColegio/backend-api-colegio/artisan(35): Illuminate\\Foundation\\Console\\Kernel->handle(Object(Symfony\\Component\\Console\\Input\\ArgvInput), Object(Symfony\\Component\\Console\\Output\\ConsoleOutput))
#41 {main}

[previous exception] [object] (PDOException(code: HY000): SQLSTATE[HY000]: General error: 1215 Cannot add foreign key constraint at /Applications/MAMP/htdocs/proyectos/aplicaciones web/Angular/pagosColegio/backend-api-colegio/vendor/laravel/framework/src/Illuminate/Database/Connection.php:501)
[stacktrace]
#0 /Applications/MAMP/htdocs/proyectos/aplicaciones web/Angular/pagosColegio/backend-api-colegio/vendor/laravel/framework/src/Illuminate/Database/Connection.php(501): PDOStatement->execute()
#1 /Applications/MAMP/htdocs/proyectos/aplicaciones web/Angular/pagosColegio/backend-api-colegio/vendor/laravel/framework/src/Illuminate/Database/Connection.php(705): Illuminate\\Database\\Connection->{closure:Illuminate\\Database\\Connection::statement():490}('alter table `bl...', Array)
#2 /Applications/MAMP/htdocs/proyectos/aplicaciones web/Angular/pagosColegio/backend-api-colegio/vendor/laravel/framework/src/Illuminate/Database/Connection.php(672): Illuminate\\Database\\Connection->runQueryCallback('alter table `bl...', Array, Object(Closure))
#3 /Applications/MAMP/htdocs/proyectos/aplicaciones web/Angular/pagosColegio/backend-api-colegio/vendor/laravel/framework/src/Illuminate/Database/Connection.php(490): Illuminate\\Database\\Connection->run('alter table `bl...', Array, Object(Closure))
#4 /Applications/MAMP/htdocs/proyectos/aplicaciones web/Angular/pagosColegio/backend-api-colegio/vendor/laravel/framework/src/Illuminate/Database/Schema/Blueprint.php(109): Illuminate\\Database\\Connection->statement('alter table `bl...')
#5 /Applications/MAMP/htdocs/proyectos/aplicaciones web/Angular/pagosColegio/backend-api-colegio/vendor/laravel/framework/src/Illuminate/Database/Schema/Builder.php(364): Illuminate\\Database\\Schema\\Blueprint->build(Object(Illuminate\\Database\\MySqlConnection), Object(Illuminate\\Database\\Schema\\Grammars\\MySqlGrammar))
#6 /Applications/MAMP/htdocs/proyectos/aplicaciones web/Angular/pagosColegio/backend-api-colegio/vendor/laravel/framework/src/Illuminate/Database/Schema/Builder.php(223): Illuminate\\Database\\Schema\\Builder->build(Object(Illuminate\\Database\\Schema\\Blueprint))
#7 /Applications/MAMP/htdocs/proyectos/aplicaciones web/Angular/pagosColegio/backend-api-colegio/vendor/laravel/framework/src/Illuminate/Support/Facades/Facade.php(261): Illuminate\\Database\\Schema\\Builder->create('blogs', Object(Closure))
#8 /Applications/MAMP/htdocs/proyectos/aplicaciones web/Angular/pagosColegio/backend-api-colegio/database/migrations/2025_06_05_143258_create_blogs_table.php(16): Illuminate\\Support\\Facades\\Facade::__callStatic('create', Array)
#9 /Applications/MAMP/htdocs/proyectos/aplicaciones web/Angular/pagosColegio/backend-api-colegio/vendor/laravel/framework/src/Illuminate/Database/Migrations/Migrator.php(472): CreateBlogsTable->up()
#10 /Applications/MAMP/htdocs/proyectos/aplicaciones web/Angular/pagosColegio/backend-api-colegio/vendor/laravel/framework/src/Illuminate/Database/Migrations/Migrator.php(394): Illuminate\\Database\\Migrations\\Migrator->runMethod(Object(Illuminate\\Database\\MySqlConnection), Object(CreateBlogsTable), 'up')
#11 /Applications/MAMP/htdocs/proyectos/aplicaciones web/Angular/pagosColegio/backend-api-colegio/vendor/laravel/framework/src/Illuminate/Database/Migrations/Migrator.php(403): Illuminate\\Database\\Migrations\\Migrator->{closure:Illuminate\\Database\\Migrations\\Migrator::runMigration():390}()
#12 /Applications/MAMP/htdocs/proyectos/aplicaciones web/Angular/pagosColegio/backend-api-colegio/vendor/laravel/framework/src/Illuminate/Database/Migrations/Migrator.php(202): Illuminate\\Database\\Migrations\\Migrator->runMigration(Object(CreateBlogsTable), 'up')
#13 /Applications/MAMP/htdocs/proyectos/aplicaciones web/Angular/pagosColegio/backend-api-colegio/vendor/laravel/framework/src/Illuminate/Database/Migrations/Migrator.php(167): Illuminate\\Database\\Migrations\\Migrator->runUp('/Applications/M...', 1, false)
#14 /Applications/MAMP/htdocs/proyectos/aplicaciones web/Angular/pagosColegio/backend-api-colegio/vendor/laravel/framework/src/Illuminate/Database/Migrations/Migrator.php(112): Illuminate\\Database\\Migrations\\Migrator->runPending(Array, Array)
#15 /Applications/MAMP/htdocs/proyectos/aplicaciones web/Angular/pagosColegio/backend-api-colegio/vendor/laravel/framework/src/Illuminate/Database/Console/Migrations/MigrateCommand.php(84): Illuminate\\Database\\Migrations\\Migrator->run(Array, Array)
#16 /Applications/MAMP/htdocs/proyectos/aplicaciones web/Angular/pagosColegio/backend-api-colegio/vendor/laravel/framework/src/Illuminate/Database/Migrations/Migrator.php(606): Illuminate\\Database\\Console\\Migrations\\MigrateCommand->{closure:Illuminate\\Database\\Console\\Migrations\\MigrateCommand::handle():77}()
#17 /Applications/MAMP/htdocs/proyectos/aplicaciones web/Angular/pagosColegio/backend-api-colegio/vendor/laravel/framework/src/Illuminate/Database/Console/Migrations/MigrateCommand.php(77): Illuminate\\Database\\Migrations\\Migrator->usingConnection(NULL, Object(Closure))
#18 /Applications/MAMP/htdocs/proyectos/aplicaciones web/Angular/pagosColegio/backend-api-colegio/vendor/laravel/framework/src/Illuminate/Container/BoundMethod.php(36): Illuminate\\Database\\Console\\Migrations\\MigrateCommand->handle()
#19 /Applications/MAMP/htdocs/proyectos/aplicaciones web/Angular/pagosColegio/backend-api-colegio/vendor/laravel/framework/src/Illuminate/Container/Util.php(40): Illuminate\\Container\\BoundMethod::{closure:Illuminate\\Container\\BoundMethod::call():35}()
#20 /Applications/MAMP/htdocs/proyectos/aplicaciones web/Angular/pagosColegio/backend-api-colegio/vendor/laravel/framework/src/Illuminate/Container/BoundMethod.php(93): Illuminate\\Container\\Util::unwrapIfClosure(Object(Closure))
#21 /Applications/MAMP/htdocs/proyectos/aplicaciones web/Angular/pagosColegio/backend-api-colegio/vendor/laravel/framework/src/Illuminate/Container/BoundMethod.php(35): Illuminate\\Container\\BoundMethod::callBoundMethod(Object(Illuminate\\Foundation\\Application), Array, Object(Closure))
#22 /Applications/MAMP/htdocs/proyectos/aplicaciones web/Angular/pagosColegio/backend-api-colegio/vendor/laravel/framework/src/Illuminate/Container/Container.php(653): Illuminate\\Container\\BoundMethod::call(Object(Illuminate\\Foundation\\Application), Array, Array, NULL)
#23 /Applications/MAMP/htdocs/proyectos/aplicaciones web/Angular/pagosColegio/backend-api-colegio/vendor/laravel/framework/src/Illuminate/Console/Command.php(136): Illuminate\\Container\\Container->call(Array)
#24 /Applications/MAMP/htdocs/proyectos/aplicaciones web/Angular/pagosColegio/backend-api-colegio/vendor/symfony/console/Command/Command.php(298): Illuminate\\Console\\Command->execute(Object(Symfony\\Component\\Console\\Input\\ArrayInput), Object(Illuminate\\Console\\OutputStyle))
#25 /Applications/MAMP/htdocs/proyectos/aplicaciones web/Angular/pagosColegio/backend-api-colegio/vendor/laravel/framework/src/Illuminate/Console/Command.php(120): Symfony\\Component\\Console\\Command\\Command->run(Object(Symfony\\Component\\Console\\Input\\ArrayInput), Object(Illuminate\\Console\\OutputStyle))
#26 /Applications/MAMP/htdocs/proyectos/aplicaciones web/Angular/pagosColegio/backend-api-colegio/vendor/laravel/framework/src/Illuminate/Console/Concerns/CallsCommands.php(67): Illuminate\\Console\\Command->run(Object(Symfony\\Component\\Console\\Input\\ArrayInput), Object(Illuminate\\Console\\OutputStyle))
#27 /Applications/MAMP/htdocs/proyectos/aplicaciones web/Angular/pagosColegio/backend-api-colegio/vendor/laravel/framework/src/Illuminate/Console/Concerns/CallsCommands.php(28): Illuminate\\Console\\Command->runCommand('migrate', Array, Object(Illuminate\\Console\\OutputStyle))
#28 /Applications/MAMP/htdocs/proyectos/aplicaciones web/Angular/pagosColegio/backend-api-colegio/vendor/laravel/framework/src/Illuminate/Database/Console/Migrations/RefreshCommand.php(61): Illuminate\\Console\\Command->call('migrate', Array)
#29 /Applications/MAMP/htdocs/proyectos/aplicaciones web/Angular/pagosColegio/backend-api-colegio/vendor/laravel/framework/src/Illuminate/Container/BoundMethod.php(36): Illuminate\\Database\\Console\\Migrations\\RefreshCommand->handle()
#30 /Applications/MAMP/htdocs/proyectos/aplicaciones web/Angular/pagosColegio/backend-api-colegio/vendor/laravel/framework/src/Illuminate/Container/Util.php(40): Illuminate\\Container\\BoundMethod::{closure:Illuminate\\Container\\BoundMethod::call():35}()
#31 /Applications/MAMP/htdocs/proyectos/aplicaciones web/Angular/pagosColegio/backend-api-colegio/vendor/laravel/framework/src/Illuminate/Container/BoundMethod.php(93): Illuminate\\Container\\Util::unwrapIfClosure(Object(Closure))
#32 /Applications/MAMP/htdocs/proyectos/aplicaciones web/Angular/pagosColegio/backend-api-colegio/vendor/laravel/framework/src/Illuminate/Container/BoundMethod.php(35): Illuminate\\Container\\BoundMethod::callBoundMethod(Object(Illuminate\\Foundation\\Application), Array, Object(Closure))
#33 /Applications/MAMP/htdocs/proyectos/aplicaciones web/Angular/pagosColegio/backend-api-colegio/vendor/laravel/framework/src/Illuminate/Container/Container.php(653): Illuminate\\Container\\BoundMethod::call(Object(Illuminate\\Foundation\\Application), Array, Array, NULL)
#34 /Applications/MAMP/htdocs/proyectos/aplicaciones web/Angular/pagosColegio/backend-api-colegio/vendor/laravel/framework/src/Illuminate/Console/Command.php(136): Illuminate\\Container\\Container->call(Array)
#35 /Applications/MAMP/htdocs/proyectos/aplicaciones web/Angular/pagosColegio/backend-api-colegio/vendor/symfony/console/Command/Command.php(298): Illuminate\\Console\\Command->execute(Object(Symfony\\Component\\Console\\Input\\ArgvInput), Object(Illuminate\\Console\\OutputStyle))
#36 /Applications/MAMP/htdocs/proyectos/aplicaciones web/Angular/pagosColegio/backend-api-colegio/vendor/laravel/framework/src/Illuminate/Console/Command.php(120): Symfony\\Component\\Console\\Command\\Command->run(Object(Symfony\\Component\\Console\\Input\\ArgvInput), Object(Illuminate\\Console\\OutputStyle))
#37 /Applications/MAMP/htdocs/proyectos/aplicaciones web/Angular/pagosColegio/backend-api-colegio/vendor/symfony/console/Application.php(1040): Illuminate\\Console\\Command->run(Object(Symfony\\Component\\Console\\Input\\ArgvInput), Object(Symfony\\Component\\Console\\Output\\ConsoleOutput))
#38 /Applications/MAMP/htdocs/proyectos/aplicaciones web/Angular/pagosColegio/backend-api-colegio/vendor/symfony/console/Application.php(301): Symfony\\Component\\Console\\Application->doRunCommand(Object(Illuminate\\Database\\Console\\Migrations\\RefreshCommand), Object(Symfony\\Component\\Console\\Input\\ArgvInput), Object(Symfony\\Component\\Console\\Output\\ConsoleOutput))
#39 /Applications/MAMP/htdocs/proyectos/aplicaciones web/Angular/pagosColegio/backend-api-colegio/vendor/symfony/console/Application.php(171): Symfony\\Component\\Console\\Application->doRun(Object(Symfony\\Component\\Console\\Input\\ArgvInput), Object(Symfony\\Component\\Console\\Output\\ConsoleOutput))
#40 /Applications/MAMP/htdocs/proyectos/aplicaciones web/Angular/pagosColegio/backend-api-colegio/vendor/laravel/framework/src/Illuminate/Console/Application.php(94): Symfony\\Component\\Console\\Application->run(Object(Symfony\\Component\\Console\\Input\\ArgvInput), Object(Symfony\\Component\\Console\\Output\\ConsoleOutput))
#41 /Applications/MAMP/htdocs/proyectos/aplicaciones web/Angular/pagosColegio/backend-api-colegio/vendor/laravel/framework/src/Illuminate/Foundation/Console/Kernel.php(129): Illuminate\\Console\\Application->run(Object(Symfony\\Component\\Console\\Input\\ArgvInput), Object(Symfony\\Component\\Console\\Output\\ConsoleOutput))
#42 /Applications/MAMP/htdocs/proyectos/aplicaciones web/Angular/pagosColegio/backend-api-colegio/artisan(35): Illuminate\\Foundation\\Console\\Kernel->handle(Object(Symfony\\Component\\Console\\Input\\ArgvInput), Object(Symfony\\Component\\Console\\Output\\ConsoleOutput))
#43 {main}
"} 
[2025-06-05 14:57:39] local.ERROR: SQLSTATE[23000]: Integrity constraint violation: 1217 Cannot delete or update a parent row: a foreign key constraint fails (SQL: drop table if exists `users`) {"exception":"[object] (Illuminate\\Database\\QueryException(code: 23000): SQLSTATE[23000]: Integrity constraint violation: 1217 Cannot delete or update a parent row: a foreign key constraint fails (SQL: drop table if exists `users`) at /Applications/MAMP/htdocs/proyectos/aplicaciones web/Angular/pagosColegio/backend-api-colegio/vendor/laravel/framework/src/Illuminate/Database/Connection.php:712)
[stacktrace]
#0 /Applications/MAMP/htdocs/proyectos/aplicaciones web/Angular/pagosColegio/backend-api-colegio/vendor/laravel/framework/src/Illuminate/Database/Connection.php(672): Illuminate\\Database\\Connection->runQueryCallback('drop table if e...', Array, Object(Closure))
#1 /Applications/MAMP/htdocs/proyectos/aplicaciones web/Angular/pagosColegio/backend-api-colegio/vendor/laravel/framework/src/Illuminate/Database/Connection.php(490): Illuminate\\Database\\Connection->run('drop table if e...', Array, Object(Closure))
#2 /Applications/MAMP/htdocs/proyectos/aplicaciones web/Angular/pagosColegio/backend-api-colegio/vendor/laravel/framework/src/Illuminate/Database/Schema/Blueprint.php(109): Illuminate\\Database\\Connection->statement('drop table if e...')
#3 /Applications/MAMP/htdocs/proyectos/aplicaciones web/Angular/pagosColegio/backend-api-colegio/vendor/laravel/framework/src/Illuminate/Database/Schema/Builder.php(364): Illuminate\\Database\\Schema\\Blueprint->build(Object(Illuminate\\Database\\MySqlConnection), Object(Illuminate\\Database\\Schema\\Grammars\\MySqlGrammar))
#4 /Applications/MAMP/htdocs/proyectos/aplicaciones web/Angular/pagosColegio/backend-api-colegio/vendor/laravel/framework/src/Illuminate/Database/Schema/Builder.php(251): Illuminate\\Database\\Schema\\Builder->build(Object(Illuminate\\Database\\Schema\\Blueprint))
#5 /Applications/MAMP/htdocs/proyectos/aplicaciones web/Angular/pagosColegio/backend-api-colegio/vendor/laravel/framework/src/Illuminate/Support/Facades/Facade.php(261): Illuminate\\Database\\Schema\\Builder->dropIfExists('users')
#6 /Applications/MAMP/htdocs/proyectos/aplicaciones web/Angular/pagosColegio/backend-api-colegio/database/migrations/2014_10_12_000000_create_users_table.php(49): Illuminate\\Support\\Facades\\Facade::__callStatic('dropIfExists', Array)
#7 /Applications/MAMP/htdocs/proyectos/aplicaciones web/Angular/pagosColegio/backend-api-colegio/vendor/laravel/framework/src/Illuminate/Database/Migrations/Migrator.php(472): CreateUsersTable->down()
#8 /Applications/MAMP/htdocs/proyectos/aplicaciones web/Angular/pagosColegio/backend-api-colegio/vendor/laravel/framework/src/Illuminate/Database/Migrations/Migrator.php(394): Illuminate\\Database\\Migrations\\Migrator->runMethod(Object(Illuminate\\Database\\MySqlConnection), Object(CreateUsersTable), 'down')
#9 /Applications/MAMP/htdocs/proyectos/aplicaciones web/Angular/pagosColegio/backend-api-colegio/vendor/laravel/framework/src/Illuminate/Database/Migrations/Migrator.php(403): Illuminate\\Database\\Migrations\\Migrator->{closure:Illuminate\\Database\\Migrations\\Migrator::runMigration():390}()
#10 /Applications/MAMP/htdocs/proyectos/aplicaciones web/Angular/pagosColegio/backend-api-colegio/vendor/laravel/framework/src/Illuminate/Database/Migrations/Migrator.php(365): Illuminate\\Database\\Migrations\\Migrator->runMigration(Object(CreateUsersTable), 'down')
#11 /Applications/MAMP/htdocs/proyectos/aplicaciones web/Angular/pagosColegio/backend-api-colegio/vendor/laravel/framework/src/Illuminate/Database/Migrations/Migrator.php(284): Illuminate\\Database\\Migrations\\Migrator->runDown('/Applications/M...', Object(stdClass), false)
#12 /Applications/MAMP/htdocs/proyectos/aplicaciones web/Angular/pagosColegio/backend-api-colegio/vendor/laravel/framework/src/Illuminate/Database/Migrations/Migrator.php(335): Illuminate\\Database\\Migrations\\Migrator->rollbackMigrations(Array, Array, Array)
#13 /Applications/MAMP/htdocs/proyectos/aplicaciones web/Angular/pagosColegio/backend-api-colegio/vendor/laravel/framework/src/Illuminate/Database/Migrations/Migrator.php(315): Illuminate\\Database\\Migrations\\Migrator->resetMigrations(Array, Array, false)
#14 /Applications/MAMP/htdocs/proyectos/aplicaciones web/Angular/pagosColegio/backend-api-colegio/vendor/laravel/framework/src/Illuminate/Database/Console/Migrations/ResetCommand.php(66): Illuminate\\Database\\Migrations\\Migrator->reset(Array, false)
#15 /Applications/MAMP/htdocs/proyectos/aplicaciones web/Angular/pagosColegio/backend-api-colegio/vendor/laravel/framework/src/Illuminate/Database/Migrations/Migrator.php(606): Illuminate\\Database\\Console\\Migrations\\ResetCommand->{closure:Illuminate\\Database\\Console\\Migrations\\ResetCommand::handle():58}()
#16 /Applications/MAMP/htdocs/proyectos/aplicaciones web/Angular/pagosColegio/backend-api-colegio/vendor/laravel/framework/src/Illuminate/Database/Console/Migrations/ResetCommand.php(58): Illuminate\\Database\\Migrations\\Migrator->usingConnection(NULL, Object(Closure))
#17 /Applications/MAMP/htdocs/proyectos/aplicaciones web/Angular/pagosColegio/backend-api-colegio/vendor/laravel/framework/src/Illuminate/Container/BoundMethod.php(36): Illuminate\\Database\\Console\\Migrations\\ResetCommand->handle()
#18 /Applications/MAMP/htdocs/proyectos/aplicaciones web/Angular/pagosColegio/backend-api-colegio/vendor/laravel/framework/src/Illuminate/Container/Util.php(40): Illuminate\\Container\\BoundMethod::{closure:Illuminate\\Container\\BoundMethod::call():35}()
#19 /Applications/MAMP/htdocs/proyectos/aplicaciones web/Angular/pagosColegio/backend-api-colegio/vendor/laravel/framework/src/Illuminate/Container/BoundMethod.php(93): Illuminate\\Container\\Util::unwrapIfClosure(Object(Closure))
#20 /Applications/MAMP/htdocs/proyectos/aplicaciones web/Angular/pagosColegio/backend-api-colegio/vendor/laravel/framework/src/Illuminate/Container/BoundMethod.php(35): Illuminate\\Container\\BoundMethod::callBoundMethod(Object(Illuminate\\Foundation\\Application), Array, Object(Closure))
#21 /Applications/MAMP/htdocs/proyectos/aplicaciones web/Angular/pagosColegio/backend-api-colegio/vendor/laravel/framework/src/Illuminate/Container/Container.php(653): Illuminate\\Container\\BoundMethod::call(Object(Illuminate\\Foundation\\Application), Array, Array, NULL)
#22 /Applications/MAMP/htdocs/proyectos/aplicaciones web/Angular/pagosColegio/backend-api-colegio/vendor/laravel/framework/src/Illuminate/Console/Command.php(136): Illuminate\\Container\\Container->call(Array)
#23 /Applications/MAMP/htdocs/proyectos/aplicaciones web/Angular/pagosColegio/backend-api-colegio/vendor/symfony/console/Command/Command.php(298): Illuminate\\Console\\Command->execute(Object(Symfony\\Component\\Console\\Input\\ArrayInput), Object(Illuminate\\Console\\OutputStyle))
#24 /Applications/MAMP/htdocs/proyectos/aplicaciones web/Angular/pagosColegio/backend-api-colegio/vendor/laravel/framework/src/Illuminate/Console/Command.php(120): Symfony\\Component\\Console\\Command\\Command->run(Object(Symfony\\Component\\Console\\Input\\ArrayInput), Object(Illuminate\\Console\\OutputStyle))
#25 /Applications/MAMP/htdocs/proyectos/aplicaciones web/Angular/pagosColegio/backend-api-colegio/vendor/laravel/framework/src/Illuminate/Console/Concerns/CallsCommands.php(67): Illuminate\\Console\\Command->run(Object(Symfony\\Component\\Console\\Input\\ArrayInput), Object(Illuminate\\Console\\OutputStyle))
#26 /Applications/MAMP/htdocs/proyectos/aplicaciones web/Angular/pagosColegio/backend-api-colegio/vendor/laravel/framework/src/Illuminate/Console/Concerns/CallsCommands.php(28): Illuminate\\Console\\Command->runCommand('migrate:reset', Array, Object(Illuminate\\Console\\OutputStyle))
#27 /Applications/MAMP/htdocs/proyectos/aplicaciones web/Angular/pagosColegio/backend-api-colegio/vendor/laravel/framework/src/Illuminate/Database/Console/Migrations/RefreshCommand.php(109): Illuminate\\Console\\Command->call('migrate:reset', Array)
#28 /Applications/MAMP/htdocs/proyectos/aplicaciones web/Angular/pagosColegio/backend-api-colegio/vendor/laravel/framework/src/Illuminate/Database/Console/Migrations/RefreshCommand.php(55): Illuminate\\Database\\Console\\Migrations\\RefreshCommand->runReset(NULL, Array)
#29 /Applications/MAMP/htdocs/proyectos/aplicaciones web/Angular/pagosColegio/backend-api-colegio/vendor/laravel/framework/src/Illuminate/Container/BoundMethod.php(36): Illuminate\\Database\\Console\\Migrations\\RefreshCommand->handle()
#30 /Applications/MAMP/htdocs/proyectos/aplicaciones web/Angular/pagosColegio/backend-api-colegio/vendor/laravel/framework/src/Illuminate/Container/Util.php(40): Illuminate\\Container\\BoundMethod::{closure:Illuminate\\Container\\BoundMethod::call():35}()
#31 /Applications/MAMP/htdocs/proyectos/aplicaciones web/Angular/pagosColegio/backend-api-colegio/vendor/laravel/framework/src/Illuminate/Container/BoundMethod.php(93): Illuminate\\Container\\Util::unwrapIfClosure(Object(Closure))
#32 /Applications/MAMP/htdocs/proyectos/aplicaciones web/Angular/pagosColegio/backend-api-colegio/vendor/laravel/framework/src/Illuminate/Container/BoundMethod.php(35): Illuminate\\Container\\BoundMethod::callBoundMethod(Object(Illuminate\\Foundation\\Application), Array, Object(Closure))
#33 /Applications/MAMP/htdocs/proyectos/aplicaciones web/Angular/pagosColegio/backend-api-colegio/vendor/laravel/framework/src/Illuminate/Container/Container.php(653): Illuminate\\Container\\BoundMethod::call(Object(Illuminate\\Foundation\\Application), Array, Array, NULL)
#34 /Applications/MAMP/htdocs/proyectos/aplicaciones web/Angular/pagosColegio/backend-api-colegio/vendor/laravel/framework/src/Illuminate/Console/Command.php(136): Illuminate\\Container\\Container->call(Array)
#35 /Applications/MAMP/htdocs/proyectos/aplicaciones web/Angular/pagosColegio/backend-api-colegio/vendor/symfony/console/Command/Command.php(298): Illuminate\\Console\\Command->execute(Object(Symfony\\Component\\Console\\Input\\ArgvInput), Object(Illuminate\\Console\\OutputStyle))
#36 /Applications/MAMP/htdocs/proyectos/aplicaciones web/Angular/pagosColegio/backend-api-colegio/vendor/laravel/framework/src/Illuminate/Console/Command.php(120): Symfony\\Component\\Console\\Command\\Command->run(Object(Symfony\\Component\\Console\\Input\\ArgvInput), Object(Illuminate\\Console\\OutputStyle))
#37 /Applications/MAMP/htdocs/proyectos/aplicaciones web/Angular/pagosColegio/backend-api-colegio/vendor/symfony/console/Application.php(1040): Illuminate\\Console\\Command->run(Object(Symfony\\Component\\Console\\Input\\ArgvInput), Object(Symfony\\Component\\Console\\Output\\ConsoleOutput))
#38 /Applications/MAMP/htdocs/proyectos/aplicaciones web/Angular/pagosColegio/backend-api-colegio/vendor/symfony/console/Application.php(301): Symfony\\Component\\Console\\Application->doRunCommand(Object(Illuminate\\Database\\Console\\Migrations\\RefreshCommand), Object(Symfony\\Component\\Console\\Input\\ArgvInput), Object(Symfony\\Component\\Console\\Output\\ConsoleOutput))
#39 /Applications/MAMP/htdocs/proyectos/aplicaciones web/Angular/pagosColegio/backend-api-colegio/vendor/symfony/console/Application.php(171): Symfony\\Component\\Console\\Application->doRun(Object(Symfony\\Component\\Console\\Input\\ArgvInput), Object(Symfony\\Component\\Console\\Output\\ConsoleOutput))
#40 /Applications/MAMP/htdocs/proyectos/aplicaciones web/Angular/pagosColegio/backend-api-colegio/vendor/laravel/framework/src/Illuminate/Console/Application.php(94): Symfony\\Component\\Console\\Application->run(Object(Symfony\\Component\\Console\\Input\\ArgvInput), Object(Symfony\\Component\\Console\\Output\\ConsoleOutput))
#41 /Applications/MAMP/htdocs/proyectos/aplicaciones web/Angular/pagosColegio/backend-api-colegio/vendor/laravel/framework/src/Illuminate/Foundation/Console/Kernel.php(129): Illuminate\\Console\\Application->run(Object(Symfony\\Component\\Console\\Input\\ArgvInput), Object(Symfony\\Component\\Console\\Output\\ConsoleOutput))
#42 /Applications/MAMP/htdocs/proyectos/aplicaciones web/Angular/pagosColegio/backend-api-colegio/artisan(35): Illuminate\\Foundation\\Console\\Kernel->handle(Object(Symfony\\Component\\Console\\Input\\ArgvInput), Object(Symfony\\Component\\Console\\Output\\ConsoleOutput))
#43 {main}

[previous exception] [object] (PDOException(code: 23000): SQLSTATE[23000]: Integrity constraint violation: 1217 Cannot delete or update a parent row: a foreign key constraint fails at /Applications/MAMP/htdocs/proyectos/aplicaciones web/Angular/pagosColegio/backend-api-colegio/vendor/laravel/framework/src/Illuminate/Database/Connection.php:501)
[stacktrace]
#0 /Applications/MAMP/htdocs/proyectos/aplicaciones web/Angular/pagosColegio/backend-api-colegio/vendor/laravel/framework/src/Illuminate/Database/Connection.php(501): PDOStatement->execute()
#1 /Applications/MAMP/htdocs/proyectos/aplicaciones web/Angular/pagosColegio/backend-api-colegio/vendor/laravel/framework/src/Illuminate/Database/Connection.php(705): Illuminate\\Database\\Connection->{closure:Illuminate\\Database\\Connection::statement():490}('drop table if e...', Array)
#2 /Applications/MAMP/htdocs/proyectos/aplicaciones web/Angular/pagosColegio/backend-api-colegio/vendor/laravel/framework/src/Illuminate/Database/Connection.php(672): Illuminate\\Database\\Connection->runQueryCallback('drop table if e...', Array, Object(Closure))
#3 /Applications/MAMP/htdocs/proyectos/aplicaciones web/Angular/pagosColegio/backend-api-colegio/vendor/laravel/framework/src/Illuminate/Database/Connection.php(490): Illuminate\\Database\\Connection->run('drop table if e...', Array, Object(Closure))
#4 /Applications/MAMP/htdocs/proyectos/aplicaciones web/Angular/pagosColegio/backend-api-colegio/vendor/laravel/framework/src/Illuminate/Database/Schema/Blueprint.php(109): Illuminate\\Database\\Connection->statement('drop table if e...')
#5 /Applications/MAMP/htdocs/proyectos/aplicaciones web/Angular/pagosColegio/backend-api-colegio/vendor/laravel/framework/src/Illuminate/Database/Schema/Builder.php(364): Illuminate\\Database\\Schema\\Blueprint->build(Object(Illuminate\\Database\\MySqlConnection), Object(Illuminate\\Database\\Schema\\Grammars\\MySqlGrammar))
#6 /Applications/MAMP/htdocs/proyectos/aplicaciones web/Angular/pagosColegio/backend-api-colegio/vendor/laravel/framework/src/Illuminate/Database/Schema/Builder.php(251): Illuminate\\Database\\Schema\\Builder->build(Object(Illuminate\\Database\\Schema\\Blueprint))
#7 /Applications/MAMP/htdocs/proyectos/aplicaciones web/Angular/pagosColegio/backend-api-colegio/vendor/laravel/framework/src/Illuminate/Support/Facades/Facade.php(261): Illuminate\\Database\\Schema\\Builder->dropIfExists('users')
#8 /Applications/MAMP/htdocs/proyectos/aplicaciones web/Angular/pagosColegio/backend-api-colegio/database/migrations/2014_10_12_000000_create_users_table.php(49): Illuminate\\Support\\Facades\\Facade::__callStatic('dropIfExists', Array)
#9 /Applications/MAMP/htdocs/proyectos/aplicaciones web/Angular/pagosColegio/backend-api-colegio/vendor/laravel/framework/src/Illuminate/Database/Migrations/Migrator.php(472): CreateUsersTable->down()
#10 /Applications/MAMP/htdocs/proyectos/aplicaciones web/Angular/pagosColegio/backend-api-colegio/vendor/laravel/framework/src/Illuminate/Database/Migrations/Migrator.php(394): Illuminate\\Database\\Migrations\\Migrator->runMethod(Object(Illuminate\\Database\\MySqlConnection), Object(CreateUsersTable), 'down')
#11 /Applications/MAMP/htdocs/proyectos/aplicaciones web/Angular/pagosColegio/backend-api-colegio/vendor/laravel/framework/src/Illuminate/Database/Migrations/Migrator.php(403): Illuminate\\Database\\Migrations\\Migrator->{closure:Illuminate\\Database\\Migrations\\Migrator::runMigration():390}()
#12 /Applications/MAMP/htdocs/proyectos/aplicaciones web/Angular/pagosColegio/backend-api-colegio/vendor/laravel/framework/src/Illuminate/Database/Migrations/Migrator.php(365): Illuminate\\Database\\Migrations\\Migrator->runMigration(Object(CreateUsersTable), 'down')
#13 /Applications/MAMP/htdocs/proyectos/aplicaciones web/Angular/pagosColegio/backend-api-colegio/vendor/laravel/framework/src/Illuminate/Database/Migrations/Migrator.php(284): Illuminate\\Database\\Migrations\\Migrator->runDown('/Applications/M...', Object(stdClass), false)
#14 /Applications/MAMP/htdocs/proyectos/aplicaciones web/Angular/pagosColegio/backend-api-colegio/vendor/laravel/framework/src/Illuminate/Database/Migrations/Migrator.php(335): Illuminate\\Database\\Migrations\\Migrator->rollbackMigrations(Array, Array, Array)
#15 /Applications/MAMP/htdocs/proyectos/aplicaciones web/Angular/pagosColegio/backend-api-colegio/vendor/laravel/framework/src/Illuminate/Database/Migrations/Migrator.php(315): Illuminate\\Database\\Migrations\\Migrator->resetMigrations(Array, Array, false)
#16 /Applications/MAMP/htdocs/proyectos/aplicaciones web/Angular/pagosColegio/backend-api-colegio/vendor/laravel/framework/src/Illuminate/Database/Console/Migrations/ResetCommand.php(66): Illuminate\\Database\\Migrations\\Migrator->reset(Array, false)
#17 /Applications/MAMP/htdocs/proyectos/aplicaciones web/Angular/pagosColegio/backend-api-colegio/vendor/laravel/framework/src/Illuminate/Database/Migrations/Migrator.php(606): Illuminate\\Database\\Console\\Migrations\\ResetCommand->{closure:Illuminate\\Database\\Console\\Migrations\\ResetCommand::handle():58}()
#18 /Applications/MAMP/htdocs/proyectos/aplicaciones web/Angular/pagosColegio/backend-api-colegio/vendor/laravel/framework/src/Illuminate/Database/Console/Migrations/ResetCommand.php(58): Illuminate\\Database\\Migrations\\Migrator->usingConnection(NULL, Object(Closure))
#19 /Applications/MAMP/htdocs/proyectos/aplicaciones web/Angular/pagosColegio/backend-api-colegio/vendor/laravel/framework/src/Illuminate/Container/BoundMethod.php(36): Illuminate\\Database\\Console\\Migrations\\ResetCommand->handle()
#20 /Applications/MAMP/htdocs/proyectos/aplicaciones web/Angular/pagosColegio/backend-api-colegio/vendor/laravel/framework/src/Illuminate/Container/Util.php(40): Illuminate\\Container\\BoundMethod::{closure:Illuminate\\Container\\BoundMethod::call():35}()
#21 /Applications/MAMP/htdocs/proyectos/aplicaciones web/Angular/pagosColegio/backend-api-colegio/vendor/laravel/framework/src/Illuminate/Container/BoundMethod.php(93): Illuminate\\Container\\Util::unwrapIfClosure(Object(Closure))
#22 /Applications/MAMP/htdocs/proyectos/aplicaciones web/Angular/pagosColegio/backend-api-colegio/vendor/laravel/framework/src/Illuminate/Container/BoundMethod.php(35): Illuminate\\Container\\BoundMethod::callBoundMethod(Object(Illuminate\\Foundation\\Application), Array, Object(Closure))
#23 /Applications/MAMP/htdocs/proyectos/aplicaciones web/Angular/pagosColegio/backend-api-colegio/vendor/laravel/framework/src/Illuminate/Container/Container.php(653): Illuminate\\Container\\BoundMethod::call(Object(Illuminate\\Foundation\\Application), Array, Array, NULL)
#24 /Applications/MAMP/htdocs/proyectos/aplicaciones web/Angular/pagosColegio/backend-api-colegio/vendor/laravel/framework/src/Illuminate/Console/Command.php(136): Illuminate\\Container\\Container->call(Array)
#25 /Applications/MAMP/htdocs/proyectos/aplicaciones web/Angular/pagosColegio/backend-api-colegio/vendor/symfony/console/Command/Command.php(298): Illuminate\\Console\\Command->execute(Object(Symfony\\Component\\Console\\Input\\ArrayInput), Object(Illuminate\\Console\\OutputStyle))
#26 /Applications/MAMP/htdocs/proyectos/aplicaciones web/Angular/pagosColegio/backend-api-colegio/vendor/laravel/framework/src/Illuminate/Console/Command.php(120): Symfony\\Component\\Console\\Command\\Command->run(Object(Symfony\\Component\\Console\\Input\\ArrayInput), Object(Illuminate\\Console\\OutputStyle))
#27 /Applications/MAMP/htdocs/proyectos/aplicaciones web/Angular/pagosColegio/backend-api-colegio/vendor/laravel/framework/src/Illuminate/Console/Concerns/CallsCommands.php(67): Illuminate\\Console\\Command->run(Object(Symfony\\Component\\Console\\Input\\ArrayInput), Object(Illuminate\\Console\\OutputStyle))
#28 /Applications/MAMP/htdocs/proyectos/aplicaciones web/Angular/pagosColegio/backend-api-colegio/vendor/laravel/framework/src/Illuminate/Console/Concerns/CallsCommands.php(28): Illuminate\\Console\\Command->runCommand('migrate:reset', Array, Object(Illuminate\\Console\\OutputStyle))
#29 /Applications/MAMP/htdocs/proyectos/aplicaciones web/Angular/pagosColegio/backend-api-colegio/vendor/laravel/framework/src/Illuminate/Database/Console/Migrations/RefreshCommand.php(109): Illuminate\\Console\\Command->call('migrate:reset', Array)
#30 /Applications/MAMP/htdocs/proyectos/aplicaciones web/Angular/pagosColegio/backend-api-colegio/vendor/laravel/framework/src/Illuminate/Database/Console/Migrations/RefreshCommand.php(55): Illuminate\\Database\\Console\\Migrations\\RefreshCommand->runReset(NULL, Array)
#31 /Applications/MAMP/htdocs/proyectos/aplicaciones web/Angular/pagosColegio/backend-api-colegio/vendor/laravel/framework/src/Illuminate/Container/BoundMethod.php(36): Illuminate\\Database\\Console\\Migrations\\RefreshCommand->handle()
#32 /Applications/MAMP/htdocs/proyectos/aplicaciones web/Angular/pagosColegio/backend-api-colegio/vendor/laravel/framework/src/Illuminate/Container/Util.php(40): Illuminate\\Container\\BoundMethod::{closure:Illuminate\\Container\\BoundMethod::call():35}()
#33 /Applications/MAMP/htdocs/proyectos/aplicaciones web/Angular/pagosColegio/backend-api-colegio/vendor/laravel/framework/src/Illuminate/Container/BoundMethod.php(93): Illuminate\\Container\\Util::unwrapIfClosure(Object(Closure))
#34 /Applications/MAMP/htdocs/proyectos/aplicaciones web/Angular/pagosColegio/backend-api-colegio/vendor/laravel/framework/src/Illuminate/Container/BoundMethod.php(35): Illuminate\\Container\\BoundMethod::callBoundMethod(Object(Illuminate\\Foundation\\Application), Array, Object(Closure))
#35 /Applications/MAMP/htdocs/proyectos/aplicaciones web/Angular/pagosColegio/backend-api-colegio/vendor/laravel/framework/src/Illuminate/Container/Container.php(653): Illuminate\\Container\\BoundMethod::call(Object(Illuminate\\Foundation\\Application), Array, Array, NULL)
#36 /Applications/MAMP/htdocs/proyectos/aplicaciones web/Angular/pagosColegio/backend-api-colegio/vendor/laravel/framework/src/Illuminate/Console/Command.php(136): Illuminate\\Container\\Container->call(Array)
#37 /Applications/MAMP/htdocs/proyectos/aplicaciones web/Angular/pagosColegio/backend-api-colegio/vendor/symfony/console/Command/Command.php(298): Illuminate\\Console\\Command->execute(Object(Symfony\\Component\\Console\\Input\\ArgvInput), Object(Illuminate\\Console\\OutputStyle))
#38 /Applications/MAMP/htdocs/proyectos/aplicaciones web/Angular/pagosColegio/backend-api-colegio/vendor/laravel/framework/src/Illuminate/Console/Command.php(120): Symfony\\Component\\Console\\Command\\Command->run(Object(Symfony\\Component\\Console\\Input\\ArgvInput), Object(Illuminate\\Console\\OutputStyle))
#39 /Applications/MAMP/htdocs/proyectos/aplicaciones web/Angular/pagosColegio/backend-api-colegio/vendor/symfony/console/Application.php(1040): Illuminate\\Console\\Command->run(Object(Symfony\\Component\\Console\\Input\\ArgvInput), Object(Symfony\\Component\\Console\\Output\\ConsoleOutput))
#40 /Applications/MAMP/htdocs/proyectos/aplicaciones web/Angular/pagosColegio/backend-api-colegio/vendor/symfony/console/Application.php(301): Symfony\\Component\\Console\\Application->doRunCommand(Object(Illuminate\\Database\\Console\\Migrations\\RefreshCommand), Object(Symfony\\Component\\Console\\Input\\ArgvInput), Object(Symfony\\Component\\Console\\Output\\ConsoleOutput))
#41 /Applications/MAMP/htdocs/proyectos/aplicaciones web/Angular/pagosColegio/backend-api-colegio/vendor/symfony/console/Application.php(171): Symfony\\Component\\Console\\Application->doRun(Object(Symfony\\Component\\Console\\Input\\ArgvInput), Object(Symfony\\Component\\Console\\Output\\ConsoleOutput))
#42 /Applications/MAMP/htdocs/proyectos/aplicaciones web/Angular/pagosColegio/backend-api-colegio/vendor/laravel/framework/src/Illuminate/Console/Application.php(94): Symfony\\Component\\Console\\Application->run(Object(Symfony\\Component\\Console\\Input\\ArgvInput), Object(Symfony\\Component\\Console\\Output\\ConsoleOutput))
#43 /Applications/MAMP/htdocs/proyectos/aplicaciones web/Angular/pagosColegio/backend-api-colegio/vendor/laravel/framework/src/Illuminate/Foundation/Console/Kernel.php(129): Illuminate\\Console\\Application->run(Object(Symfony\\Component\\Console\\Input\\ArgvInput), Object(Symfony\\Component\\Console\\Output\\ConsoleOutput))
#44 /Applications/MAMP/htdocs/proyectos/aplicaciones web/Angular/pagosColegio/backend-api-colegio/artisan(35): Illuminate\\Foundation\\Console\\Kernel->handle(Object(Symfony\\Component\\Console\\Input\\ArgvInput), Object(Symfony\\Component\\Console\\Output\\ConsoleOutput))
#45 {main}
"} 
[2025-06-05 10:58:12] local.ERROR: SQLSTATE[23000]: Integrity constraint violation: 1452 Cannot add or update a child row: a foreign key constraint fails (`api_rest_pagoscolegio`.`blogs`, CONSTRAINT `blogs_user_id_foreign` FOREIGN KEY (`user_id`) REFERENCES `users` (`id`) ON DELETE SET NULL) (SQL: insert into `blogs` (`avatar`, `category_id`, `created_at`, `description`, `favorite_id`, `is_active`, `is_featured`, `slug`, `title`, `updated_at`, `user_id`) values (?, 1, 2025-06-05 10:58:12, This is the first post on our blog, created by the admin., ?, 1, 1, welcome-to-our-blog, Welcome to Our Blog, 2025-06-05 10:58:12, 2), (?, 2, 2025-06-05 10:58:12, Helpful tips for teachers to succeed in the classroom., ?, 1, 0, teaching-tips-for-success, Teaching Tips for Success, 2025-06-05 10:58:12, 11), (?, 1, 2025-06-05 10:58:12, An overview of the latest trends in technology., ?, 1, 0, latest-technology-trends, Latest Technology Trends, 2025-06-05 10:58:12, 2), (?, 2, 2025-06-05 10:58:12, Effective strategies for managing a classroom., ?, 1, 0, classroom-management-strategies, Classroom Management Strategies, 2025-06-05 10:58:12, 11), (?, 3, 2025-06-05 10:58:12, Tips for maintaining health and wellness., ?, 1, 0, health-and-wellness-tips, Health and Wellness Tips, 2025-06-05 10:58:12, 2)) {"exception":"[object] (Illuminate\\Database\\QueryException(code: 23000): SQLSTATE[23000]: Integrity constraint violation: 1452 Cannot add or update a child row: a foreign key constraint fails (`api_rest_pagoscolegio`.`blogs`, CONSTRAINT `blogs_user_id_foreign` FOREIGN KEY (`user_id`) REFERENCES `users` (`id`) ON DELETE SET NULL) (SQL: insert into `blogs` (`avatar`, `category_id`, `created_at`, `description`, `favorite_id`, `is_active`, `is_featured`, `slug`, `title`, `updated_at`, `user_id`) values (?, 1, 2025-06-05 10:58:12, This is the first post on our blog, created by the admin., ?, 1, 1, welcome-to-our-blog, Welcome to Our Blog, 2025-06-05 10:58:12, 2), (?, 2, 2025-06-05 10:58:12, Helpful tips for teachers to succeed in the classroom., ?, 1, 0, teaching-tips-for-success, Teaching Tips for Success, 2025-06-05 10:58:12, 11), (?, 1, 2025-06-05 10:58:12, An overview of the latest trends in technology., ?, 1, 0, latest-technology-trends, Latest Technology Trends, 2025-06-05 10:58:12, 2), (?, 2, 2025-06-05 10:58:12, Effective strategies for managing a classroom., ?, 1, 0, classroom-management-strategies, Classroom Management Strategies, 2025-06-05 10:58:12, 11), (?, 3, 2025-06-05 10:58:12, Tips for maintaining health and wellness., ?, 1, 0, health-and-wellness-tips, Health and Wellness Tips, 2025-06-05 10:58:12, 2)) at /Applications/MAMP/htdocs/proyectos/aplicaciones web/Angular/pagosColegio/backend-api-colegio/vendor/laravel/framework/src/Illuminate/Database/Connection.php:712)
[stacktrace]
#0 /Applications/MAMP/htdocs/proyectos/aplicaciones web/Angular/pagosColegio/backend-api-colegio/vendor/laravel/framework/src/Illuminate/Database/Connection.php(672): Illuminate\\Database\\Connection->runQueryCallback('insert into `bl...', Array, Object(Closure))
#1 /Applications/MAMP/htdocs/proyectos/aplicaciones web/Angular/pagosColegio/backend-api-colegio/vendor/laravel/framework/src/Illuminate/Database/Connection.php(490): Illuminate\\Database\\Connection->run('insert into `bl...', Array, Object(Closure))
#2 /Applications/MAMP/htdocs/proyectos/aplicaciones web/Angular/pagosColegio/backend-api-colegio/vendor/laravel/framework/src/Illuminate/Database/Connection.php(454): Illuminate\\Database\\Connection->statement('insert into `bl...', Array)
#3 /Applications/MAMP/htdocs/proyectos/aplicaciones web/Angular/pagosColegio/backend-api-colegio/vendor/laravel/framework/src/Illuminate/Database/Query/Builder.php(2978): Illuminate\\Database\\Connection->insert('insert into `bl...', Array)
#4 /Applications/MAMP/htdocs/proyectos/aplicaciones web/Angular/pagosColegio/backend-api-colegio/database/seeders/BlogsSeeder.php(86): Illuminate\\Database\\Query\\Builder->insert(Array)
#5 /Applications/MAMP/htdocs/proyectos/aplicaciones web/Angular/pagosColegio/backend-api-colegio/vendor/laravel/framework/src/Illuminate/Container/BoundMethod.php(36): Database\\Seeders\\BlogsSeeder->run()
#6 /Applications/MAMP/htdocs/proyectos/aplicaciones web/Angular/pagosColegio/backend-api-colegio/vendor/laravel/framework/src/Illuminate/Container/Util.php(40): Illuminate\\Container\\BoundMethod::{closure:Illuminate\\Container\\BoundMethod::call():35}()
#7 /Applications/MAMP/htdocs/proyectos/aplicaciones web/Angular/pagosColegio/backend-api-colegio/vendor/laravel/framework/src/Illuminate/Container/BoundMethod.php(93): Illuminate\\Container\\Util::unwrapIfClosure(Object(Closure))
#8 /Applications/MAMP/htdocs/proyectos/aplicaciones web/Angular/pagosColegio/backend-api-colegio/vendor/laravel/framework/src/Illuminate/Container/BoundMethod.php(35): Illuminate\\Container\\BoundMethod::callBoundMethod(Object(Illuminate\\Foundation\\Application), Array, Object(Closure))
#9 /Applications/MAMP/htdocs/proyectos/aplicaciones web/Angular/pagosColegio/backend-api-colegio/vendor/laravel/framework/src/Illuminate/Container/Container.php(653): Illuminate\\Container\\BoundMethod::call(Object(Illuminate\\Foundation\\Application), Array, Array, NULL)
#10 /Applications/MAMP/htdocs/proyectos/aplicaciones web/Angular/pagosColegio/backend-api-colegio/vendor/laravel/framework/src/Illuminate/Database/Seeder.php(149): Illuminate\\Container\\Container->call(Array, Array)
#11 /Applications/MAMP/htdocs/proyectos/aplicaciones web/Angular/pagosColegio/backend-api-colegio/vendor/laravel/framework/src/Illuminate/Database/Seeder.php(49): Illuminate\\Database\\Seeder->__invoke(Array)
#12 /Applications/MAMP/htdocs/proyectos/aplicaciones web/Angular/pagosColegio/backend-api-colegio/database/seeders/DatabaseSeeder.php(28): Illuminate\\Database\\Seeder->call('Database\\\\Seeder...')
#13 /Applications/MAMP/htdocs/proyectos/aplicaciones web/Angular/pagosColegio/backend-api-colegio/vendor/laravel/framework/src/Illuminate/Container/BoundMethod.php(36): Database\\Seeders\\DatabaseSeeder->run()
#14 /Applications/MAMP/htdocs/proyectos/aplicaciones web/Angular/pagosColegio/backend-api-colegio/vendor/laravel/framework/src/Illuminate/Container/Util.php(40): Illuminate\\Container\\BoundMethod::{closure:Illuminate\\Container\\BoundMethod::call():35}()
#15 /Applications/MAMP/htdocs/proyectos/aplicaciones web/Angular/pagosColegio/backend-api-colegio/vendor/laravel/framework/src/Illuminate/Container/BoundMethod.php(93): Illuminate\\Container\\Util::unwrapIfClosure(Object(Closure))
#16 /Applications/MAMP/htdocs/proyectos/aplicaciones web/Angular/pagosColegio/backend-api-colegio/vendor/laravel/framework/src/Illuminate/Container/BoundMethod.php(35): Illuminate\\Container\\BoundMethod::callBoundMethod(Object(Illuminate\\Foundation\\Application), Array, Object(Closure))
#17 /Applications/MAMP/htdocs/proyectos/aplicaciones web/Angular/pagosColegio/backend-api-colegio/vendor/laravel/framework/src/Illuminate/Container/Container.php(653): Illuminate\\Container\\BoundMethod::call(Object(Illuminate\\Foundation\\Application), Array, Array, NULL)
#18 /Applications/MAMP/htdocs/proyectos/aplicaciones web/Angular/pagosColegio/backend-api-colegio/vendor/laravel/framework/src/Illuminate/Database/Seeder.php(149): Illuminate\\Container\\Container->call(Array, Array)
#19 /Applications/MAMP/htdocs/proyectos/aplicaciones web/Angular/pagosColegio/backend-api-colegio/vendor/laravel/framework/src/Illuminate/Database/Console/Seeds/SeedCommand.php(66): Illuminate\\Database\\Seeder->__invoke()
#20 /Applications/MAMP/htdocs/proyectos/aplicaciones web/Angular/pagosColegio/backend-api-colegio/vendor/laravel/framework/src/Illuminate/Database/Eloquent/Concerns/GuardsAttributes.php(157): Illuminate\\Database\\Console\\Seeds\\SeedCommand->{closure:Illuminate\\Database\\Console\\Seeds\\SeedCommand::handle():65}()
#21 /Applications/MAMP/htdocs/proyectos/aplicaciones web/Angular/pagosColegio/backend-api-colegio/vendor/laravel/framework/src/Illuminate/Database/Console/Seeds/SeedCommand.php(65): Illuminate\\Database\\Eloquent\\Model::unguarded(Object(Closure))
#22 /Applications/MAMP/htdocs/proyectos/aplicaciones web/Angular/pagosColegio/backend-api-colegio/vendor/laravel/framework/src/Illuminate/Container/BoundMethod.php(36): Illuminate\\Database\\Console\\Seeds\\SeedCommand->handle()
#23 /Applications/MAMP/htdocs/proyectos/aplicaciones web/Angular/pagosColegio/backend-api-colegio/vendor/laravel/framework/src/Illuminate/Container/Util.php(40): Illuminate\\Container\\BoundMethod::{closure:Illuminate\\Container\\BoundMethod::call():35}()
#24 /Applications/MAMP/htdocs/proyectos/aplicaciones web/Angular/pagosColegio/backend-api-colegio/vendor/laravel/framework/src/Illuminate/Container/BoundMethod.php(93): Illuminate\\Container\\Util::unwrapIfClosure(Object(Closure))
#25 /Applications/MAMP/htdocs/proyectos/aplicaciones web/Angular/pagosColegio/backend-api-colegio/vendor/laravel/framework/src/Illuminate/Container/BoundMethod.php(35): Illuminate\\Container\\BoundMethod::callBoundMethod(Object(Illuminate\\Foundation\\Application), Array, Object(Closure))
#26 /Applications/MAMP/htdocs/proyectos/aplicaciones web/Angular/pagosColegio/backend-api-colegio/vendor/laravel/framework/src/Illuminate/Container/Container.php(653): Illuminate\\Container\\BoundMethod::call(Object(Illuminate\\Foundation\\Application), Array, Array, NULL)
#27 /Applications/MAMP/htdocs/proyectos/aplicaciones web/Angular/pagosColegio/backend-api-colegio/vendor/laravel/framework/src/Illuminate/Console/Command.php(136): Illuminate\\Container\\Container->call(Array)
#28 /Applications/MAMP/htdocs/proyectos/aplicaciones web/Angular/pagosColegio/backend-api-colegio/vendor/symfony/console/Command/Command.php(298): Illuminate\\Console\\Command->execute(Object(Symfony\\Component\\Console\\Input\\ArrayInput), Object(Illuminate\\Console\\OutputStyle))
#29 /Applications/MAMP/htdocs/proyectos/aplicaciones web/Angular/pagosColegio/backend-api-colegio/vendor/laravel/framework/src/Illuminate/Console/Command.php(120): Symfony\\Component\\Console\\Command\\Command->run(Object(Symfony\\Component\\Console\\Input\\ArrayInput), Object(Illuminate\\Console\\OutputStyle))
#30 /Applications/MAMP/htdocs/proyectos/aplicaciones web/Angular/pagosColegio/backend-api-colegio/vendor/laravel/framework/src/Illuminate/Console/Concerns/CallsCommands.php(67): Illuminate\\Console\\Command->run(Object(Symfony\\Component\\Console\\Input\\ArrayInput), Object(Illuminate\\Console\\OutputStyle))
#31 /Applications/MAMP/htdocs/proyectos/aplicaciones web/Angular/pagosColegio/backend-api-colegio/vendor/laravel/framework/src/Illuminate/Console/Concerns/CallsCommands.php(28): Illuminate\\Console\\Command->runCommand('db:seed', Array, Object(Illuminate\\Console\\OutputStyle))
#32 /Applications/MAMP/htdocs/proyectos/aplicaciones web/Angular/pagosColegio/backend-api-colegio/vendor/laravel/framework/src/Illuminate/Database/Console/Migrations/RefreshCommand.php(135): Illuminate\\Console\\Command->call('db:seed', Array)
#33 /Applications/MAMP/htdocs/proyectos/aplicaciones web/Angular/pagosColegio/backend-api-colegio/vendor/laravel/framework/src/Illuminate/Database/Console/Migrations/RefreshCommand.php(75): Illuminate\\Database\\Console\\Migrations\\RefreshCommand->runSeeder(NULL)
#34 /Applications/MAMP/htdocs/proyectos/aplicaciones web/Angular/pagosColegio/backend-api-colegio/vendor/laravel/framework/src/Illuminate/Container/BoundMethod.php(36): Illuminate\\Database\\Console\\Migrations\\RefreshCommand->handle()
#35 /Applications/MAMP/htdocs/proyectos/aplicaciones web/Angular/pagosColegio/backend-api-colegio/vendor/laravel/framework/src/Illuminate/Container/Util.php(40): Illuminate\\Container\\BoundMethod::{closure:Illuminate\\Container\\BoundMethod::call():35}()
#36 /Applications/MAMP/htdocs/proyectos/aplicaciones web/Angular/pagosColegio/backend-api-colegio/vendor/laravel/framework/src/Illuminate/Container/BoundMethod.php(93): Illuminate\\Container\\Util::unwrapIfClosure(Object(Closure))
#37 /Applications/MAMP/htdocs/proyectos/aplicaciones web/Angular/pagosColegio/backend-api-colegio/vendor/laravel/framework/src/Illuminate/Container/BoundMethod.php(35): Illuminate\\Container\\BoundMethod::callBoundMethod(Object(Illuminate\\Foundation\\Application), Array, Object(Closure))
#38 /Applications/MAMP/htdocs/proyectos/aplicaciones web/Angular/pagosColegio/backend-api-colegio/vendor/laravel/framework/src/Illuminate/Container/Container.php(653): Illuminate\\Container\\BoundMethod::call(Object(Illuminate\\Foundation\\Application), Array, Array, NULL)
#39 /Applications/MAMP/htdocs/proyectos/aplicaciones web/Angular/pagosColegio/backend-api-colegio/vendor/laravel/framework/src/Illuminate/Console/Command.php(136): Illuminate\\Container\\Container->call(Array)
#40 /Applications/MAMP/htdocs/proyectos/aplicaciones web/Angular/pagosColegio/backend-api-colegio/vendor/symfony/console/Command/Command.php(298): Illuminate\\Console\\Command->execute(Object(Symfony\\Component\\Console\\Input\\ArgvInput), Object(Illuminate\\Console\\OutputStyle))
#41 /Applications/MAMP/htdocs/proyectos/aplicaciones web/Angular/pagosColegio/backend-api-colegio/vendor/laravel/framework/src/Illuminate/Console/Command.php(120): Symfony\\Component\\Console\\Command\\Command->run(Object(Symfony\\Component\\Console\\Input\\ArgvInput), Object(Illuminate\\Console\\OutputStyle))
#42 /Applications/MAMP/htdocs/proyectos/aplicaciones web/Angular/pagosColegio/backend-api-colegio/vendor/symfony/console/Application.php(1040): Illuminate\\Console\\Command->run(Object(Symfony\\Component\\Console\\Input\\ArgvInput), Object(Symfony\\Component\\Console\\Output\\ConsoleOutput))
#43 /Applications/MAMP/htdocs/proyectos/aplicaciones web/Angular/pagosColegio/backend-api-colegio/vendor/symfony/console/Application.php(301): Symfony\\Component\\Console\\Application->doRunCommand(Object(Illuminate\\Database\\Console\\Migrations\\RefreshCommand), Object(Symfony\\Component\\Console\\Input\\ArgvInput), Object(Symfony\\Component\\Console\\Output\\ConsoleOutput))
#44 /Applications/MAMP/htdocs/proyectos/aplicaciones web/Angular/pagosColegio/backend-api-colegio/vendor/symfony/console/Application.php(171): Symfony\\Component\\Console\\Application->doRun(Object(Symfony\\Component\\Console\\Input\\ArgvInput), Object(Symfony\\Component\\Console\\Output\\ConsoleOutput))
#45 /Applications/MAMP/htdocs/proyectos/aplicaciones web/Angular/pagosColegio/backend-api-colegio/vendor/laravel/framework/src/Illuminate/Console/Application.php(94): Symfony\\Component\\Console\\Application->run(Object(Symfony\\Component\\Console\\Input\\ArgvInput), Object(Symfony\\Component\\Console\\Output\\ConsoleOutput))
#46 /Applications/MAMP/htdocs/proyectos/aplicaciones web/Angular/pagosColegio/backend-api-colegio/vendor/laravel/framework/src/Illuminate/Foundation/Console/Kernel.php(129): Illuminate\\Console\\Application->run(Object(Symfony\\Component\\Console\\Input\\ArgvInput), Object(Symfony\\Component\\Console\\Output\\ConsoleOutput))
#47 /Applications/MAMP/htdocs/proyectos/aplicaciones web/Angular/pagosColegio/backend-api-colegio/artisan(35): Illuminate\\Foundation\\Console\\Kernel->handle(Object(Symfony\\Component\\Console\\Input\\ArgvInput), Object(Symfony\\Component\\Console\\Output\\ConsoleOutput))
#48 {main}

[previous exception] [object] (PDOException(code: 23000): SQLSTATE[23000]: Integrity constraint violation: 1452 Cannot add or update a child row: a foreign key constraint fails (`api_rest_pagoscolegio`.`blogs`, CONSTRAINT `blogs_user_id_foreign` FOREIGN KEY (`user_id`) REFERENCES `users` (`id`) ON DELETE SET NULL) at /Applications/MAMP/htdocs/proyectos/aplicaciones web/Angular/pagosColegio/backend-api-colegio/vendor/laravel/framework/src/Illuminate/Database/Connection.php:501)
[stacktrace]
#0 /Applications/MAMP/htdocs/proyectos/aplicaciones web/Angular/pagosColegio/backend-api-colegio/vendor/laravel/framework/src/Illuminate/Database/Connection.php(501): PDOStatement->execute()
#1 /Applications/MAMP/htdocs/proyectos/aplicaciones web/Angular/pagosColegio/backend-api-colegio/vendor/laravel/framework/src/Illuminate/Database/Connection.php(705): Illuminate\\Database\\Connection->{closure:Illuminate\\Database\\Connection::statement():490}('insert into `bl...', Array)
#2 /Applications/MAMP/htdocs/proyectos/aplicaciones web/Angular/pagosColegio/backend-api-colegio/vendor/laravel/framework/src/Illuminate/Database/Connection.php(672): Illuminate\\Database\\Connection->runQueryCallback('insert into `bl...', Array, Object(Closure))
#3 /Applications/MAMP/htdocs/proyectos/aplicaciones web/Angular/pagosColegio/backend-api-colegio/vendor/laravel/framework/src/Illuminate/Database/Connection.php(490): Illuminate\\Database\\Connection->run('insert into `bl...', Array, Object(Closure))
#4 /Applications/MAMP/htdocs/proyectos/aplicaciones web/Angular/pagosColegio/backend-api-colegio/vendor/laravel/framework/src/Illuminate/Database/Connection.php(454): Illuminate\\Database\\Connection->statement('insert into `bl...', Array)
#5 /Applications/MAMP/htdocs/proyectos/aplicaciones web/Angular/pagosColegio/backend-api-colegio/vendor/laravel/framework/src/Illuminate/Database/Query/Builder.php(2978): Illuminate\\Database\\Connection->insert('insert into `bl...', Array)
#6 /Applications/MAMP/htdocs/proyectos/aplicaciones web/Angular/pagosColegio/backend-api-colegio/database/seeders/BlogsSeeder.php(86): Illuminate\\Database\\Query\\Builder->insert(Array)
#7 /Applications/MAMP/htdocs/proyectos/aplicaciones web/Angular/pagosColegio/backend-api-colegio/vendor/laravel/framework/src/Illuminate/Container/BoundMethod.php(36): Database\\Seeders\\BlogsSeeder->run()
#8 /Applications/MAMP/htdocs/proyectos/aplicaciones web/Angular/pagosColegio/backend-api-colegio/vendor/laravel/framework/src/Illuminate/Container/Util.php(40): Illuminate\\Container\\BoundMethod::{closure:Illuminate\\Container\\BoundMethod::call():35}()
#9 /Applications/MAMP/htdocs/proyectos/aplicaciones web/Angular/pagosColegio/backend-api-colegio/vendor/laravel/framework/src/Illuminate/Container/BoundMethod.php(93): Illuminate\\Container\\Util::unwrapIfClosure(Object(Closure))
#10 /Applications/MAMP/htdocs/proyectos/aplicaciones web/Angular/pagosColegio/backend-api-colegio/vendor/laravel/framework/src/Illuminate/Container/BoundMethod.php(35): Illuminate\\Container\\BoundMethod::callBoundMethod(Object(Illuminate\\Foundation\\Application), Array, Object(Closure))
#11 /Applications/MAMP/htdocs/proyectos/aplicaciones web/Angular/pagosColegio/backend-api-colegio/vendor/laravel/framework/src/Illuminate/Container/Container.php(653): Illuminate\\Container\\BoundMethod::call(Object(Illuminate\\Foundation\\Application), Array, Array, NULL)
#12 /Applications/MAMP/htdocs/proyectos/aplicaciones web/Angular/pagosColegio/backend-api-colegio/vendor/laravel/framework/src/Illuminate/Database/Seeder.php(149): Illuminate\\Container\\Container->call(Array, Array)
#13 /Applications/MAMP/htdocs/proyectos/aplicaciones web/Angular/pagosColegio/backend-api-colegio/vendor/laravel/framework/src/Illuminate/Database/Seeder.php(49): Illuminate\\Database\\Seeder->__invoke(Array)
#14 /Applications/MAMP/htdocs/proyectos/aplicaciones web/Angular/pagosColegio/backend-api-colegio/database/seeders/DatabaseSeeder.php(28): Illuminate\\Database\\Seeder->call('Database\\\\Seeder...')
#15 /Applications/MAMP/htdocs/proyectos/aplicaciones web/Angular/pagosColegio/backend-api-colegio/vendor/laravel/framework/src/Illuminate/Container/BoundMethod.php(36): Database\\Seeders\\DatabaseSeeder->run()
#16 /Applications/MAMP/htdocs/proyectos/aplicaciones web/Angular/pagosColegio/backend-api-colegio/vendor/laravel/framework/src/Illuminate/Container/Util.php(40): Illuminate\\Container\\BoundMethod::{closure:Illuminate\\Container\\BoundMethod::call():35}()
#17 /Applications/MAMP/htdocs/proyectos/aplicaciones web/Angular/pagosColegio/backend-api-colegio/vendor/laravel/framework/src/Illuminate/Container/BoundMethod.php(93): Illuminate\\Container\\Util::unwrapIfClosure(Object(Closure))
#18 /Applications/MAMP/htdocs/proyectos/aplicaciones web/Angular/pagosColegio/backend-api-colegio/vendor/laravel/framework/src/Illuminate/Container/BoundMethod.php(35): Illuminate\\Container\\BoundMethod::callBoundMethod(Object(Illuminate\\Foundation\\Application), Array, Object(Closure))
#19 /Applications/MAMP/htdocs/proyectos/aplicaciones web/Angular/pagosColegio/backend-api-colegio/vendor/laravel/framework/src/Illuminate/Container/Container.php(653): Illuminate\\Container\\BoundMethod::call(Object(Illuminate\\Foundation\\Application), Array, Array, NULL)
#20 /Applications/MAMP/htdocs/proyectos/aplicaciones web/Angular/pagosColegio/backend-api-colegio/vendor/laravel/framework/src/Illuminate/Database/Seeder.php(149): Illuminate\\Container\\Container->call(Array, Array)
#21 /Applications/MAMP/htdocs/proyectos/aplicaciones web/Angular/pagosColegio/backend-api-colegio/vendor/laravel/framework/src/Illuminate/Database/Console/Seeds/SeedCommand.php(66): Illuminate\\Database\\Seeder->__invoke()
#22 /Applications/MAMP/htdocs/proyectos/aplicaciones web/Angular/pagosColegio/backend-api-colegio/vendor/laravel/framework/src/Illuminate/Database/Eloquent/Concerns/GuardsAttributes.php(157): Illuminate\\Database\\Console\\Seeds\\SeedCommand->{closure:Illuminate\\Database\\Console\\Seeds\\SeedCommand::handle():65}()
#23 /Applications/MAMP/htdocs/proyectos/aplicaciones web/Angular/pagosColegio/backend-api-colegio/vendor/laravel/framework/src/Illuminate/Database/Console/Seeds/SeedCommand.php(65): Illuminate\\Database\\Eloquent\\Model::unguarded(Object(Closure))
#24 /Applications/MAMP/htdocs/proyectos/aplicaciones web/Angular/pagosColegio/backend-api-colegio/vendor/laravel/framework/src/Illuminate/Container/BoundMethod.php(36): Illuminate\\Database\\Console\\Seeds\\SeedCommand->handle()
#25 /Applications/MAMP/htdocs/proyectos/aplicaciones web/Angular/pagosColegio/backend-api-colegio/vendor/laravel/framework/src/Illuminate/Container/Util.php(40): Illuminate\\Container\\BoundMethod::{closure:Illuminate\\Container\\BoundMethod::call():35}()
#26 /Applications/MAMP/htdocs/proyectos/aplicaciones web/Angular/pagosColegio/backend-api-colegio/vendor/laravel/framework/src/Illuminate/Container/BoundMethod.php(93): Illuminate\\Container\\Util::unwrapIfClosure(Object(Closure))
#27 /Applications/MAMP/htdocs/proyectos/aplicaciones web/Angular/pagosColegio/backend-api-colegio/vendor/laravel/framework/src/Illuminate/Container/BoundMethod.php(35): Illuminate\\Container\\BoundMethod::callBoundMethod(Object(Illuminate\\Foundation\\Application), Array, Object(Closure))
#28 /Applications/MAMP/htdocs/proyectos/aplicaciones web/Angular/pagosColegio/backend-api-colegio/vendor/laravel/framework/src/Illuminate/Container/Container.php(653): Illuminate\\Container\\BoundMethod::call(Object(Illuminate\\Foundation\\Application), Array, Array, NULL)
#29 /Applications/MAMP/htdocs/proyectos/aplicaciones web/Angular/pagosColegio/backend-api-colegio/vendor/laravel/framework/src/Illuminate/Console/Command.php(136): Illuminate\\Container\\Container->call(Array)
#30 /Applications/MAMP/htdocs/proyectos/aplicaciones web/Angular/pagosColegio/backend-api-colegio/vendor/symfony/console/Command/Command.php(298): Illuminate\\Console\\Command->execute(Object(Symfony\\Component\\Console\\Input\\ArrayInput), Object(Illuminate\\Console\\OutputStyle))
#31 /Applications/MAMP/htdocs/proyectos/aplicaciones web/Angular/pagosColegio/backend-api-colegio/vendor/laravel/framework/src/Illuminate/Console/Command.php(120): Symfony\\Component\\Console\\Command\\Command->run(Object(Symfony\\Component\\Console\\Input\\ArrayInput), Object(Illuminate\\Console\\OutputStyle))
#32 /Applications/MAMP/htdocs/proyectos/aplicaciones web/Angular/pagosColegio/backend-api-colegio/vendor/laravel/framework/src/Illuminate/Console/Concerns/CallsCommands.php(67): Illuminate\\Console\\Command->run(Object(Symfony\\Component\\Console\\Input\\ArrayInput), Object(Illuminate\\Console\\OutputStyle))
#33 /Applications/MAMP/htdocs/proyectos/aplicaciones web/Angular/pagosColegio/backend-api-colegio/vendor/laravel/framework/src/Illuminate/Console/Concerns/CallsCommands.php(28): Illuminate\\Console\\Command->runCommand('db:seed', Array, Object(Illuminate\\Console\\OutputStyle))
#34 /Applications/MAMP/htdocs/proyectos/aplicaciones web/Angular/pagosColegio/backend-api-colegio/vendor/laravel/framework/src/Illuminate/Database/Console/Migrations/RefreshCommand.php(135): Illuminate\\Console\\Command->call('db:seed', Array)
#35 /Applications/MAMP/htdocs/proyectos/aplicaciones web/Angular/pagosColegio/backend-api-colegio/vendor/laravel/framework/src/Illuminate/Database/Console/Migrations/RefreshCommand.php(75): Illuminate\\Database\\Console\\Migrations\\RefreshCommand->runSeeder(NULL)
#36 /Applications/MAMP/htdocs/proyectos/aplicaciones web/Angular/pagosColegio/backend-api-colegio/vendor/laravel/framework/src/Illuminate/Container/BoundMethod.php(36): Illuminate\\Database\\Console\\Migrations\\RefreshCommand->handle()
#37 /Applications/MAMP/htdocs/proyectos/aplicaciones web/Angular/pagosColegio/backend-api-colegio/vendor/laravel/framework/src/Illuminate/Container/Util.php(40): Illuminate\\Container\\BoundMethod::{closure:Illuminate\\Container\\BoundMethod::call():35}()
#38 /Applications/MAMP/htdocs/proyectos/aplicaciones web/Angular/pagosColegio/backend-api-colegio/vendor/laravel/framework/src/Illuminate/Container/BoundMethod.php(93): Illuminate\\Container\\Util::unwrapIfClosure(Object(Closure))
#39 /Applications/MAMP/htdocs/proyectos/aplicaciones web/Angular/pagosColegio/backend-api-colegio/vendor/laravel/framework/src/Illuminate/Container/BoundMethod.php(35): Illuminate\\Container\\BoundMethod::callBoundMethod(Object(Illuminate\\Foundation\\Application), Array, Object(Closure))
#40 /Applications/MAMP/htdocs/proyectos/aplicaciones web/Angular/pagosColegio/backend-api-colegio/vendor/laravel/framework/src/Illuminate/Container/Container.php(653): Illuminate\\Container\\BoundMethod::call(Object(Illuminate\\Foundation\\Application), Array, Array, NULL)
#41 /Applications/MAMP/htdocs/proyectos/aplicaciones web/Angular/pagosColegio/backend-api-colegio/vendor/laravel/framework/src/Illuminate/Console/Command.php(136): Illuminate\\Container\\Container->call(Array)
#42 /Applications/MAMP/htdocs/proyectos/aplicaciones web/Angular/pagosColegio/backend-api-colegio/vendor/symfony/console/Command/Command.php(298): Illuminate\\Console\\Command->execute(Object(Symfony\\Component\\Console\\Input\\ArgvInput), Object(Illuminate\\Console\\OutputStyle))
#43 /Applications/MAMP/htdocs/proyectos/aplicaciones web/Angular/pagosColegio/backend-api-colegio/vendor/laravel/framework/src/Illuminate/Console/Command.php(120): Symfony\\Component\\Console\\Command\\Command->run(Object(Symfony\\Component\\Console\\Input\\ArgvInput), Object(Illuminate\\Console\\OutputStyle))
#44 /Applications/MAMP/htdocs/proyectos/aplicaciones web/Angular/pagosColegio/backend-api-colegio/vendor/symfony/console/Application.php(1040): Illuminate\\Console\\Command->run(Object(Symfony\\Component\\Console\\Input\\ArgvInput), Object(Symfony\\Component\\Console\\Output\\ConsoleOutput))
#45 /Applications/MAMP/htdocs/proyectos/aplicaciones web/Angular/pagosColegio/backend-api-colegio/vendor/symfony/console/Application.php(301): Symfony\\Component\\Console\\Application->doRunCommand(Object(Illuminate\\Database\\Console\\Migrations\\RefreshCommand), Object(Symfony\\Component\\Console\\Input\\ArgvInput), Object(Symfony\\Component\\Console\\Output\\ConsoleOutput))
#46 /Applications/MAMP/htdocs/proyectos/aplicaciones web/Angular/pagosColegio/backend-api-colegio/vendor/symfony/console/Application.php(171): Symfony\\Component\\Console\\Application->doRun(Object(Symfony\\Component\\Console\\Input\\ArgvInput), Object(Symfony\\Component\\Console\\Output\\ConsoleOutput))
#47 /Applications/MAMP/htdocs/proyectos/aplicaciones web/Angular/pagosColegio/backend-api-colegio/vendor/laravel/framework/src/Illuminate/Console/Application.php(94): Symfony\\Component\\Console\\Application->run(Object(Symfony\\Component\\Console\\Input\\ArgvInput), Object(Symfony\\Component\\Console\\Output\\ConsoleOutput))
#48 /Applications/MAMP/htdocs/proyectos/aplicaciones web/Angular/pagosColegio/backend-api-colegio/vendor/laravel/framework/src/Illuminate/Foundation/Console/Kernel.php(129): Illuminate\\Console\\Application->run(Object(Symfony\\Component\\Console\\Input\\ArgvInput), Object(Symfony\\Component\\Console\\Output\\ConsoleOutput))
#49 /Applications/MAMP/htdocs/proyectos/aplicaciones web/Angular/pagosColegio/backend-api-colegio/artisan(35): Illuminate\\Foundation\\Console\\Kernel->handle(Object(Symfony\\Component\\Console\\Input\\ArgvInput), Object(Symfony\\Component\\Console\\Output\\ConsoleOutput))
#50 {main}
"} 
