[2025-05-30 01:47:52] local.ERROR: SQLSTATE[42000]: Syntax error or access violation: 1091 Can't DROP 'deuda'; check that column/key exists (SQL: alter table `payments` drop `deuda`, drop `monto_pendiente`, drop `status_deuda`) {"exception":"[object] (Illuminate\\Database\\QueryException(code: 42000): SQLSTATE[42000]: Syntax error or access violation: 1091 Can't DROP 'deuda'; check that column/key exists (SQL: alter table `payments` drop `deuda`, drop `monto_pendiente`, drop `status_deuda`) at /Applications/MAMP/htdocs/proyectos/aplicaciones web/Angular/pagosColegio/backend-api-colegio/vendor/laravel/framework/src/Illuminate/Database/Connection.php:712)
[stacktrace]
#0 /Applications/MAMP/htdocs/proyectos/aplicaciones web/Angular/pagosColegio/backend-api-colegio/vendor/laravel/framework/src/Illuminate/Database/Connection.php(672): Illuminate\\Database\\Connection->runQueryCallback('alter table `pa...', Array, Object(Closure))
#1 /Applications/MAMP/htdocs/proyectos/aplicaciones web/Angular/pagosColegio/backend-api-colegio/vendor/laravel/framework/src/Illuminate/Database/Connection.php(490): Illuminate\\Database\\Connection->run('alter table `pa...', Array, Object(Closure))
#2 /Applications/MAMP/htdocs/proyectos/aplicaciones web/Angular/pagosColegio/backend-api-colegio/vendor/laravel/framework/src/Illuminate/Database/Schema/Blueprint.php(109): Illuminate\\Database\\Connection->statement('alter table `pa...')
#3 /Applications/MAMP/htdocs/proyectos/aplicaciones web/Angular/pagosColegio/backend-api-colegio/vendor/laravel/framework/src/Illuminate/Database/Schema/Builder.php(364): Illuminate\\Database\\Schema\\Blueprint->build(Object(Illuminate\\Database\\MySqlConnection), Object(Illuminate\\Database\\Schema\\Grammars\\MySqlGrammar))
#4 /Applications/MAMP/htdocs/proyectos/aplicaciones web/Angular/pagosColegio/backend-api-colegio/vendor/laravel/framework/src/Illuminate/Database/Schema/Builder.php(211): Illuminate\\Database\\Schema\\Builder->build(Object(Illuminate\\Database\\Schema\\Blueprint))
#5 /Applications/MAMP/htdocs/proyectos/aplicaciones web/Angular/pagosColegio/backend-api-colegio/vendor/laravel/framework/src/Illuminate/Support/Facades/Facade.php(261): Illuminate\\Database\\Schema\\Builder->table('payments', Object(Closure))
#6 /Applications/MAMP/htdocs/proyectos/aplicaciones web/Angular/pagosColegio/backend-api-colegio/database/migrations/2025_05_28_131433_create_payments_table.php(56): Illuminate\\Support\\Facades\\Facade::__callStatic('table', Array)
#7 /Applications/MAMP/htdocs/proyectos/aplicaciones web/Angular/pagosColegio/backend-api-colegio/vendor/laravel/framework/src/Illuminate/Database/Migrations/Migrator.php(472): CreatePaymentsTable->down()
#8 /Applications/MAMP/htdocs/proyectos/aplicaciones web/Angular/pagosColegio/backend-api-colegio/vendor/laravel/framework/src/Illuminate/Database/Migrations/Migrator.php(394): Illuminate\\Database\\Migrations\\Migrator->runMethod(Object(Illuminate\\Database\\MySqlConnection), Object(CreatePaymentsTable), 'down')
#9 /Applications/MAMP/htdocs/proyectos/aplicaciones web/Angular/pagosColegio/backend-api-colegio/vendor/laravel/framework/src/Illuminate/Database/Migrations/Migrator.php(403): Illuminate\\Database\\Migrations\\Migrator->{closure:Illuminate\\Database\\Migrations\\Migrator::runMigration():390}()
#10 /Applications/MAMP/htdocs/proyectos/aplicaciones web/Angular/pagosColegio/backend-api-colegio/vendor/laravel/framework/src/Illuminate/Database/Migrations/Migrator.php(365): Illuminate\\Database\\Migrations\\Migrator->runMigration(Object(CreatePaymentsTable), 'down')
#11 /Applications/MAMP/htdocs/proyectos/aplicaciones web/Angular/pagosColegio/backend-api-colegio/vendor/laravel/framework/src/Illuminate/Database/Migrations/Migrator.php(284): Illuminate\\Database\\Migrations\\Migrator->runDown('/Applications/M...', Object(stdClass), false)
#12 /Applications/MAMP/htdocs/proyectos/aplicaciones web/Angular/pagosColegio/backend-api-colegio/vendor/laravel/framework/src/Illuminate/Database/Migrations/Migrator.php(335): Illuminate\\Database\\Migrations\\Migrator->rollbackMigrations(Array, Array, Array)
#13 /Applications/MAMP/htdocs/proyectos/aplicaciones web/Angular/pagosColegio/backend-api-colegio/vendor/laravel/framework/src/Illuminate/Database/Migrations/Migrator.php(315): Illuminate\\Database\\Migrations\\Migrator->resetMigrations(Array, Array, false)
#14 /Applications/MAMP/htdocs/proyectos/aplicaciones web/Angular/pagosColegio/backend-api-colegio/vendor/laravel/framework/src/Illuminate/Database/Console/Migrations/ResetCommand.php(66): Illuminate\\Database\\Migrations\\Migrator->reset(Array, false)
#15 /Applications/MAMP/htdocs/proyectos/aplicaciones web/Angular/pagosColegio/backend-api-colegio/vendor/laravel/framework/src/Illuminate/Database/Migrations/Migrator.php(606): Illuminate\\Database\\Console\\Migrations\\ResetCommand->{closure:Illuminate\\Database\\Console\\Migrations\\ResetCommand::handle():58}()
#16 /Applications/MAMP/htdocs/proyectos/aplicaciones web/Angular/pagosColegio/backend-api-colegio/vendor/laravel/framework/src/Illuminate/Database/Console/Migrations/ResetCommand.php(58): Illuminate\\Database\\Migrations\\Migrator->usingConnection(NULL, Object(Closure))
#17 /Applications/MAMP/htdocs/proyectos/aplicaciones web/Angular/pagosColegio/backend-api-colegio/vendor/laravel/framework/src/Illuminate/Container/BoundMethod.php(36): Illuminate\\Database\\Console\\Migrations\\ResetCommand->handle()
#18 /Applications/MAMP/htdocs/proyectos/aplicaciones web/Angular/pagosColegio/backend-api-colegio/vendor/laravel/framework/src/Illuminate/Container/Util.php(40): Illuminate\\Container\\BoundMethod::{closure:Illuminate\\Container\\BoundMethod::call():35}()
#19 /Applications/MAMP/htdocs/proyectos/aplicaciones web/Angular/pagosColegio/backend-api-colegio/vendor/laravel/framework/src/Illuminate/Container/BoundMethod.php(93): Illuminate\\Container\\Util::unwrapIfClosure(Object(Closure))
#20 /Applications/MAMP/htdocs/proyectos/aplicaciones web/Angular/pagosColegio/backend-api-colegio/vendor/laravel/framework/src/Illuminate/Container/BoundMethod.php(35): Illuminate\\Container\\BoundMethod::callBoundMethod(Object(Illuminate\\Foundation\\Application), Array, Object(Closure))
#21 /Applications/MAMP/htdocs/proyectos/aplicaciones web/Angular/pagosColegio/backend-api-colegio/vendor/laravel/framework/src/Illuminate/Container/Container.php(653): Illuminate\\Container\\BoundMethod::call(Object(Illuminate\\Foundation\\Application), Array, Array, NULL)
#22 /Applications/MAMP/htdocs/proyectos/aplicaciones web/Angular/pagosColegio/backend-api-colegio/vendor/laravel/framework/src/Illuminate/Console/Command.php(136): Illuminate\\Container\\Container->call(Array)
#23 /Applications/MAMP/htdocs/proyectos/aplicaciones web/Angular/pagosColegio/backend-api-colegio/vendor/symfony/console/Command/Command.php(298): Illuminate\\Console\\Command->execute(Object(Symfony\\Component\\Console\\Input\\ArrayInput), Object(Illuminate\\Console\\OutputStyle))
#24 /Applications/MAMP/htdocs/proyectos/aplicaciones web/Angular/pagosColegio/backend-api-colegio/vendor/laravel/framework/src/Illuminate/Console/Command.php(120): Symfony\\Component\\Console\\Command\\Command->run(Object(Symfony\\Component\\Console\\Input\\ArrayInput), Object(Illuminate\\Console\\OutputStyle))
#25 /Applications/MAMP/htdocs/proyectos/aplicaciones web/Angular/pagosColegio/backend-api-colegio/vendor/laravel/framework/src/Illuminate/Console/Concerns/CallsCommands.php(67): Illuminate\\Console\\Command->run(Object(Symfony\\Component\\Console\\Input\\ArrayInput), Object(Illuminate\\Console\\OutputStyle))
#26 /Applications/MAMP/htdocs/proyectos/aplicaciones web/Angular/pagosColegio/backend-api-colegio/vendor/laravel/framework/src/Illuminate/Console/Concerns/CallsCommands.php(28): Illuminate\\Console\\Command->runCommand('migrate:reset', Array, Object(Illuminate\\Console\\OutputStyle))
#27 /Applications/MAMP/htdocs/proyectos/aplicaciones web/Angular/pagosColegio/backend-api-colegio/vendor/laravel/framework/src/Illuminate/Database/Console/Migrations/RefreshCommand.php(109): Illuminate\\Console\\Command->call('migrate:reset', Array)
#28 /Applications/MAMP/htdocs/proyectos/aplicaciones web/Angular/pagosColegio/backend-api-colegio/vendor/laravel/framework/src/Illuminate/Database/Console/Migrations/RefreshCommand.php(55): Illuminate\\Database\\Console\\Migrations\\RefreshCommand->runReset(NULL, Array)
#29 /Applications/MAMP/htdocs/proyectos/aplicaciones web/Angular/pagosColegio/backend-api-colegio/vendor/laravel/framework/src/Illuminate/Container/BoundMethod.php(36): Illuminate\\Database\\Console\\Migrations\\RefreshCommand->handle()
#30 /Applications/MAMP/htdocs/proyectos/aplicaciones web/Angular/pagosColegio/backend-api-colegio/vendor/laravel/framework/src/Illuminate/Container/Util.php(40): Illuminate\\Container\\BoundMethod::{closure:Illuminate\\Container\\BoundMethod::call():35}()
#31 /Applications/MAMP/htdocs/proyectos/aplicaciones web/Angular/pagosColegio/backend-api-colegio/vendor/laravel/framework/src/Illuminate/Container/BoundMethod.php(93): Illuminate\\Container\\Util::unwrapIfClosure(Object(Closure))
#32 /Applications/MAMP/htdocs/proyectos/aplicaciones web/Angular/pagosColegio/backend-api-colegio/vendor/laravel/framework/src/Illuminate/Container/BoundMethod.php(35): Illuminate\\Container\\BoundMethod::callBoundMethod(Object(Illuminate\\Foundation\\Application), Array, Object(Closure))
#33 /Applications/MAMP/htdocs/proyectos/aplicaciones web/Angular/pagosColegio/backend-api-colegio/vendor/laravel/framework/src/Illuminate/Container/Container.php(653): Illuminate\\Container\\BoundMethod::call(Object(Illuminate\\Foundation\\Application), Array, Array, NULL)
#34 /Applications/MAMP/htdocs/proyectos/aplicaciones web/Angular/pagosColegio/backend-api-colegio/vendor/laravel/framework/src/Illuminate/Console/Command.php(136): Illuminate\\Container\\Container->call(Array)
#35 /Applications/MAMP/htdocs/proyectos/aplicaciones web/Angular/pagosColegio/backend-api-colegio/vendor/symfony/console/Command/Command.php(298): Illuminate\\Console\\Command->execute(Object(Symfony\\Component\\Console\\Input\\ArgvInput), Object(Illuminate\\Console\\OutputStyle))
#36 /Applications/MAMP/htdocs/proyectos/aplicaciones web/Angular/pagosColegio/backend-api-colegio/vendor/laravel/framework/src/Illuminate/Console/Command.php(120): Symfony\\Component\\Console\\Command\\Command->run(Object(Symfony\\Component\\Console\\Input\\ArgvInput), Object(Illuminate\\Console\\OutputStyle))
#37 /Applications/MAMP/htdocs/proyectos/aplicaciones web/Angular/pagosColegio/backend-api-colegio/vendor/symfony/console/Application.php(1040): Illuminate\\Console\\Command->run(Object(Symfony\\Component\\Console\\Input\\ArgvInput), Object(Symfony\\Component\\Console\\Output\\ConsoleOutput))
#38 /Applications/MAMP/htdocs/proyectos/aplicaciones web/Angular/pagosColegio/backend-api-colegio/vendor/symfony/console/Application.php(301): Symfony\\Component\\Console\\Application->doRunCommand(Object(Illuminate\\Database\\Console\\Migrations\\RefreshCommand), Object(Symfony\\Component\\Console\\Input\\ArgvInput), Object(Symfony\\Component\\Console\\Output\\ConsoleOutput))
#39 /Applications/MAMP/htdocs/proyectos/aplicaciones web/Angular/pagosColegio/backend-api-colegio/vendor/symfony/console/Application.php(171): Symfony\\Component\\Console\\Application->doRun(Object(Symfony\\Component\\Console\\Input\\ArgvInput), Object(Symfony\\Component\\Console\\Output\\ConsoleOutput))
#40 /Applications/MAMP/htdocs/proyectos/aplicaciones web/Angular/pagosColegio/backend-api-colegio/vendor/laravel/framework/src/Illuminate/Console/Application.php(94): Symfony\\Component\\Console\\Application->run(Object(Symfony\\Component\\Console\\Input\\ArgvInput), Object(Symfony\\Component\\Console\\Output\\ConsoleOutput))
#41 /Applications/MAMP/htdocs/proyectos/aplicaciones web/Angular/pagosColegio/backend-api-colegio/vendor/laravel/framework/src/Illuminate/Foundation/Console/Kernel.php(129): Illuminate\\Console\\Application->run(Object(Symfony\\Component\\Console\\Input\\ArgvInput), Object(Symfony\\Component\\Console\\Output\\ConsoleOutput))
#42 /Applications/MAMP/htdocs/proyectos/aplicaciones web/Angular/pagosColegio/backend-api-colegio/artisan(35): Illuminate\\Foundation\\Console\\Kernel->handle(Object(Symfony\\Component\\Console\\Input\\ArgvInput), Object(Symfony\\Component\\Console\\Output\\ConsoleOutput))
#43 {main}

[previous exception] [object] (PDOException(code: 42000): SQLSTATE[42000]: Syntax error or access violation: 1091 Can't DROP 'deuda'; check that column/key exists at /Applications/MAMP/htdocs/proyectos/aplicaciones web/Angular/pagosColegio/backend-api-colegio/vendor/laravel/framework/src/Illuminate/Database/Connection.php:501)
[stacktrace]
#0 /Applications/MAMP/htdocs/proyectos/aplicaciones web/Angular/pagosColegio/backend-api-colegio/vendor/laravel/framework/src/Illuminate/Database/Connection.php(501): PDOStatement->execute()
#1 /Applications/MAMP/htdocs/proyectos/aplicaciones web/Angular/pagosColegio/backend-api-colegio/vendor/laravel/framework/src/Illuminate/Database/Connection.php(705): Illuminate\\Database\\Connection->{closure:Illuminate\\Database\\Connection::statement():490}('alter table `pa...', Array)
#2 /Applications/MAMP/htdocs/proyectos/aplicaciones web/Angular/pagosColegio/backend-api-colegio/vendor/laravel/framework/src/Illuminate/Database/Connection.php(672): Illuminate\\Database\\Connection->runQueryCallback('alter table `pa...', Array, Object(Closure))
#3 /Applications/MAMP/htdocs/proyectos/aplicaciones web/Angular/pagosColegio/backend-api-colegio/vendor/laravel/framework/src/Illuminate/Database/Connection.php(490): Illuminate\\Database\\Connection->run('alter table `pa...', Array, Object(Closure))
#4 /Applications/MAMP/htdocs/proyectos/aplicaciones web/Angular/pagosColegio/backend-api-colegio/vendor/laravel/framework/src/Illuminate/Database/Schema/Blueprint.php(109): Illuminate\\Database\\Connection->statement('alter table `pa...')
#5 /Applications/MAMP/htdocs/proyectos/aplicaciones web/Angular/pagosColegio/backend-api-colegio/vendor/laravel/framework/src/Illuminate/Database/Schema/Builder.php(364): Illuminate\\Database\\Schema\\Blueprint->build(Object(Illuminate\\Database\\MySqlConnection), Object(Illuminate\\Database\\Schema\\Grammars\\MySqlGrammar))
#6 /Applications/MAMP/htdocs/proyectos/aplicaciones web/Angular/pagosColegio/backend-api-colegio/vendor/laravel/framework/src/Illuminate/Database/Schema/Builder.php(211): Illuminate\\Database\\Schema\\Builder->build(Object(Illuminate\\Database\\Schema\\Blueprint))
#7 /Applications/MAMP/htdocs/proyectos/aplicaciones web/Angular/pagosColegio/backend-api-colegio/vendor/laravel/framework/src/Illuminate/Support/Facades/Facade.php(261): Illuminate\\Database\\Schema\\Builder->table('payments', Object(Closure))
#8 /Applications/MAMP/htdocs/proyectos/aplicaciones web/Angular/pagosColegio/backend-api-colegio/database/migrations/2025_05_28_131433_create_payments_table.php(56): Illuminate\\Support\\Facades\\Facade::__callStatic('table', Array)
#9 /Applications/MAMP/htdocs/proyectos/aplicaciones web/Angular/pagosColegio/backend-api-colegio/vendor/laravel/framework/src/Illuminate/Database/Migrations/Migrator.php(472): CreatePaymentsTable->down()
#10 /Applications/MAMP/htdocs/proyectos/aplicaciones web/Angular/pagosColegio/backend-api-colegio/vendor/laravel/framework/src/Illuminate/Database/Migrations/Migrator.php(394): Illuminate\\Database\\Migrations\\Migrator->runMethod(Object(Illuminate\\Database\\MySqlConnection), Object(CreatePaymentsTable), 'down')
#11 /Applications/MAMP/htdocs/proyectos/aplicaciones web/Angular/pagosColegio/backend-api-colegio/vendor/laravel/framework/src/Illuminate/Database/Migrations/Migrator.php(403): Illuminate\\Database\\Migrations\\Migrator->{closure:Illuminate\\Database\\Migrations\\Migrator::runMigration():390}()
#12 /Applications/MAMP/htdocs/proyectos/aplicaciones web/Angular/pagosColegio/backend-api-colegio/vendor/laravel/framework/src/Illuminate/Database/Migrations/Migrator.php(365): Illuminate\\Database\\Migrations\\Migrator->runMigration(Object(CreatePaymentsTable), 'down')
#13 /Applications/MAMP/htdocs/proyectos/aplicaciones web/Angular/pagosColegio/backend-api-colegio/vendor/laravel/framework/src/Illuminate/Database/Migrations/Migrator.php(284): Illuminate\\Database\\Migrations\\Migrator->runDown('/Applications/M...', Object(stdClass), false)
#14 /Applications/MAMP/htdocs/proyectos/aplicaciones web/Angular/pagosColegio/backend-api-colegio/vendor/laravel/framework/src/Illuminate/Database/Migrations/Migrator.php(335): Illuminate\\Database\\Migrations\\Migrator->rollbackMigrations(Array, Array, Array)
#15 /Applications/MAMP/htdocs/proyectos/aplicaciones web/Angular/pagosColegio/backend-api-colegio/vendor/laravel/framework/src/Illuminate/Database/Migrations/Migrator.php(315): Illuminate\\Database\\Migrations\\Migrator->resetMigrations(Array, Array, false)
#16 /Applications/MAMP/htdocs/proyectos/aplicaciones web/Angular/pagosColegio/backend-api-colegio/vendor/laravel/framework/src/Illuminate/Database/Console/Migrations/ResetCommand.php(66): Illuminate\\Database\\Migrations\\Migrator->reset(Array, false)
#17 /Applications/MAMP/htdocs/proyectos/aplicaciones web/Angular/pagosColegio/backend-api-colegio/vendor/laravel/framework/src/Illuminate/Database/Migrations/Migrator.php(606): Illuminate\\Database\\Console\\Migrations\\ResetCommand->{closure:Illuminate\\Database\\Console\\Migrations\\ResetCommand::handle():58}()
#18 /Applications/MAMP/htdocs/proyectos/aplicaciones web/Angular/pagosColegio/backend-api-colegio/vendor/laravel/framework/src/Illuminate/Database/Console/Migrations/ResetCommand.php(58): Illuminate\\Database\\Migrations\\Migrator->usingConnection(NULL, Object(Closure))
#19 /Applications/MAMP/htdocs/proyectos/aplicaciones web/Angular/pagosColegio/backend-api-colegio/vendor/laravel/framework/src/Illuminate/Container/BoundMethod.php(36): Illuminate\\Database\\Console\\Migrations\\ResetCommand->handle()
#20 /Applications/MAMP/htdocs/proyectos/aplicaciones web/Angular/pagosColegio/backend-api-colegio/vendor/laravel/framework/src/Illuminate/Container/Util.php(40): Illuminate\\Container\\BoundMethod::{closure:Illuminate\\Container\\BoundMethod::call():35}()
#21 /Applications/MAMP/htdocs/proyectos/aplicaciones web/Angular/pagosColegio/backend-api-colegio/vendor/laravel/framework/src/Illuminate/Container/BoundMethod.php(93): Illuminate\\Container\\Util::unwrapIfClosure(Object(Closure))
#22 /Applications/MAMP/htdocs/proyectos/aplicaciones web/Angular/pagosColegio/backend-api-colegio/vendor/laravel/framework/src/Illuminate/Container/BoundMethod.php(35): Illuminate\\Container\\BoundMethod::callBoundMethod(Object(Illuminate\\Foundation\\Application), Array, Object(Closure))
#23 /Applications/MAMP/htdocs/proyectos/aplicaciones web/Angular/pagosColegio/backend-api-colegio/vendor/laravel/framework/src/Illuminate/Container/Container.php(653): Illuminate\\Container\\BoundMethod::call(Object(Illuminate\\Foundation\\Application), Array, Array, NULL)
#24 /Applications/MAMP/htdocs/proyectos/aplicaciones web/Angular/pagosColegio/backend-api-colegio/vendor/laravel/framework/src/Illuminate/Console/Command.php(136): Illuminate\\Container\\Container->call(Array)
#25 /Applications/MAMP/htdocs/proyectos/aplicaciones web/Angular/pagosColegio/backend-api-colegio/vendor/symfony/console/Command/Command.php(298): Illuminate\\Console\\Command->execute(Object(Symfony\\Component\\Console\\Input\\ArrayInput), Object(Illuminate\\Console\\OutputStyle))
#26 /Applications/MAMP/htdocs/proyectos/aplicaciones web/Angular/pagosColegio/backend-api-colegio/vendor/laravel/framework/src/Illuminate/Console/Command.php(120): Symfony\\Component\\Console\\Command\\Command->run(Object(Symfony\\Component\\Console\\Input\\ArrayInput), Object(Illuminate\\Console\\OutputStyle))
#27 /Applications/MAMP/htdocs/proyectos/aplicaciones web/Angular/pagosColegio/backend-api-colegio/vendor/laravel/framework/src/Illuminate/Console/Concerns/CallsCommands.php(67): Illuminate\\Console\\Command->run(Object(Symfony\\Component\\Console\\Input\\ArrayInput), Object(Illuminate\\Console\\OutputStyle))
#28 /Applications/MAMP/htdocs/proyectos/aplicaciones web/Angular/pagosColegio/backend-api-colegio/vendor/laravel/framework/src/Illuminate/Console/Concerns/CallsCommands.php(28): Illuminate\\Console\\Command->runCommand('migrate:reset', Array, Object(Illuminate\\Console\\OutputStyle))
#29 /Applications/MAMP/htdocs/proyectos/aplicaciones web/Angular/pagosColegio/backend-api-colegio/vendor/laravel/framework/src/Illuminate/Database/Console/Migrations/RefreshCommand.php(109): Illuminate\\Console\\Command->call('migrate:reset', Array)
#30 /Applications/MAMP/htdocs/proyectos/aplicaciones web/Angular/pagosColegio/backend-api-colegio/vendor/laravel/framework/src/Illuminate/Database/Console/Migrations/RefreshCommand.php(55): Illuminate\\Database\\Console\\Migrations\\RefreshCommand->runReset(NULL, Array)
#31 /Applications/MAMP/htdocs/proyectos/aplicaciones web/Angular/pagosColegio/backend-api-colegio/vendor/laravel/framework/src/Illuminate/Container/BoundMethod.php(36): Illuminate\\Database\\Console\\Migrations\\RefreshCommand->handle()
#32 /Applications/MAMP/htdocs/proyectos/aplicaciones web/Angular/pagosColegio/backend-api-colegio/vendor/laravel/framework/src/Illuminate/Container/Util.php(40): Illuminate\\Container\\BoundMethod::{closure:Illuminate\\Container\\BoundMethod::call():35}()
#33 /Applications/MAMP/htdocs/proyectos/aplicaciones web/Angular/pagosColegio/backend-api-colegio/vendor/laravel/framework/src/Illuminate/Container/BoundMethod.php(93): Illuminate\\Container\\Util::unwrapIfClosure(Object(Closure))
#34 /Applications/MAMP/htdocs/proyectos/aplicaciones web/Angular/pagosColegio/backend-api-colegio/vendor/laravel/framework/src/Illuminate/Container/BoundMethod.php(35): Illuminate\\Container\\BoundMethod::callBoundMethod(Object(Illuminate\\Foundation\\Application), Array, Object(Closure))
#35 /Applications/MAMP/htdocs/proyectos/aplicaciones web/Angular/pagosColegio/backend-api-colegio/vendor/laravel/framework/src/Illuminate/Container/Container.php(653): Illuminate\\Container\\BoundMethod::call(Object(Illuminate\\Foundation\\Application), Array, Array, NULL)
#36 /Applications/MAMP/htdocs/proyectos/aplicaciones web/Angular/pagosColegio/backend-api-colegio/vendor/laravel/framework/src/Illuminate/Console/Command.php(136): Illuminate\\Container\\Container->call(Array)
#37 /Applications/MAMP/htdocs/proyectos/aplicaciones web/Angular/pagosColegio/backend-api-colegio/vendor/symfony/console/Command/Command.php(298): Illuminate\\Console\\Command->execute(Object(Symfony\\Component\\Console\\Input\\ArgvInput), Object(Illuminate\\Console\\OutputStyle))
#38 /Applications/MAMP/htdocs/proyectos/aplicaciones web/Angular/pagosColegio/backend-api-colegio/vendor/laravel/framework/src/Illuminate/Console/Command.php(120): Symfony\\Component\\Console\\Command\\Command->run(Object(Symfony\\Component\\Console\\Input\\ArgvInput), Object(Illuminate\\Console\\OutputStyle))
#39 /Applications/MAMP/htdocs/proyectos/aplicaciones web/Angular/pagosColegio/backend-api-colegio/vendor/symfony/console/Application.php(1040): Illuminate\\Console\\Command->run(Object(Symfony\\Component\\Console\\Input\\ArgvInput), Object(Symfony\\Component\\Console\\Output\\ConsoleOutput))
#40 /Applications/MAMP/htdocs/proyectos/aplicaciones web/Angular/pagosColegio/backend-api-colegio/vendor/symfony/console/Application.php(301): Symfony\\Component\\Console\\Application->doRunCommand(Object(Illuminate\\Database\\Console\\Migrations\\RefreshCommand), Object(Symfony\\Component\\Console\\Input\\ArgvInput), Object(Symfony\\Component\\Console\\Output\\ConsoleOutput))
#41 /Applications/MAMP/htdocs/proyectos/aplicaciones web/Angular/pagosColegio/backend-api-colegio/vendor/symfony/console/Application.php(171): Symfony\\Component\\Console\\Application->doRun(Object(Symfony\\Component\\Console\\Input\\ArgvInput), Object(Symfony\\Component\\Console\\Output\\ConsoleOutput))
#42 /Applications/MAMP/htdocs/proyectos/aplicaciones web/Angular/pagosColegio/backend-api-colegio/vendor/laravel/framework/src/Illuminate/Console/Application.php(94): Symfony\\Component\\Console\\Application->run(Object(Symfony\\Component\\Console\\Input\\ArgvInput), Object(Symfony\\Component\\Console\\Output\\ConsoleOutput))
#43 /Applications/MAMP/htdocs/proyectos/aplicaciones web/Angular/pagosColegio/backend-api-colegio/vendor/laravel/framework/src/Illuminate/Foundation/Console/Kernel.php(129): Illuminate\\Console\\Application->run(Object(Symfony\\Component\\Console\\Input\\ArgvInput), Object(Symfony\\Component\\Console\\Output\\ConsoleOutput))
#44 /Applications/MAMP/htdocs/proyectos/aplicaciones web/Angular/pagosColegio/backend-api-colegio/artisan(35): Illuminate\\Foundation\\Console\\Kernel->handle(Object(Symfony\\Component\\Console\\Input\\ArgvInput), Object(Symfony\\Component\\Console\\Output\\ConsoleOutput))
#45 {main}
"} 
